[INFO] [launch]: All log files can be found below /home/makemorerobot/.ros/log/2025-07-25-22-08-08-480254-ubuntu-11747
[INFO] [launch]: Default logging verbosity is set to INFO
[INFO] [iris_controller-2]: process started with pid [11761]
[INFO] [chassis_pan_tilt_control-3]: process started with pid [11763]
[INFO] [drill_control-4]: process started with pid [11765]
[INFO] [tower_pan_tilt_control-5]: process started with pid [11767]
[INFO] [effectors_control-6]: process started with pid [11769]
[INFO] [joint_position_control-7]: process started with pid [11771]
[INFO] [drive_control-8]: process started with pid [11773]
[INFO] [gripper_control-9]: process started with pid [11775]
[INFO] [imu-12]: process started with pid [11781]
[INFO] [simple_position-13]: process started with pid [11783]
[INFO] [scimech_sensors-14]: process started with pid [11785]
[INFO] [led_node-26]: process started with pid [11878]
[drill_control-4] [37;1m2025-07-25 22:08:10.676 [31;1m[[37;1mRTPS_TRANSPORT_SHM[31;1m Error] [37mFailed init_port fastrtps_port7413: open_and_lock_file failed[34;1m -> Function [36mopen_port_internal[m
[drill_control-4] [37;1m2025-07-25 22:08:10.676 [31;1m[[37;1mRTPS_TRANSPORT_SHM[31;1m Error] [37mFailed init_port fastrtps_port7415: open_and_lock_file failed[34;1m -> Function [36mopen_port_internal[m
[INFO] [drive_can_control-1]: process started with pid [11759]
[INFO] [rosbridge_websocket-10]: process started with pid [11777]
[INFO] [rosapi_node-11]: process started with pid [11779]
[INFO] [rviz2-15]: process started with pid [11787]
[INFO] [component_container_mt-16]: process started with pid [11789]
[INFO] [move_group-17]: process started with pid [11791]
[INFO] [ros2_control_node-18]: process started with pid [11800]
[INFO] [spawner-19]: process started with pid [11810]
[INFO] [spawner-20]: process started with pid [11818]
[INFO] [spawner-21]: process started with pid [11823]
[INFO] [joy_to_servo_node-22]: process started with pid [11837]
[INFO] [controller_switcher-23]: process started with pid [11846]
[INFO] [servo_node_main-24]: process started with pid [11861]
[INFO] [realsense2_camera_node-25]: process started with pid [11863]
[INFO] [node_info-27]: process started with pid [11890]
[INFO] [node_log-28]: process started with pid [11898]
[INFO] [node_topic_detector-29]: process started with pid [11903]
[INFO] [moveit_logger-30]: process started with pid [11905]
[INFO] [drivetrain_telemetry-31]: process started with pid [11914]
[tower_pan_tilt_control-5] [37;1m2025-07-25 22:08:10.595 [31;1m[[37;1mRTPS_TRANSPORT_SHM[31;1m Error] [37mFailed init_port fastrtps_port7413: open_and_lock_file failed[34;1m -> Function [36mopen_port_internal[m
[tower_pan_tilt_control-5] [37;1m2025-07-25 22:08:10.596 [31;1m[[37;1mRTPS_TRANSPORT_SHM[31;1m Error] [37mFailed init_port fastrtps_port7415: open_and_lock_file failed[34;1m -> Function [36mopen_port_internal[m
[effectors_control-6] [37;1m2025-07-25 22:08:10.620 [31;1m[[37;1mRTPS_TRANSPORT_SHM[31;1m Error] [37mFailed init_port fastrtps_port7413: open_and_lock_file failed[34;1m -> Function [36mopen_port_internal[m
[effectors_control-6] [37;1m2025-07-25 22:08:10.621 [31;1m[[37;1mRTPS_TRANSPORT_SHM[31;1m Error] [37mFailed init_port fastrtps_port7415: open_and_lock_file failed[34;1m -> Function [36mopen_port_internal[m
[component_container_mt-16] [37;1m2025-07-25 22:08:10.554 [31;1m[[37;1mRTPS_TRANSPORT_SHM[31;1m Error] [37mFailed init_port fastrtps_port7413: open_and_lock_file failed[34;1m -> Function [36mopen_port_internal[m
[component_container_mt-16] [37;1m2025-07-25 22:08:10.555 [31;1m[[37;1mRTPS_TRANSPORT_SHM[31;1m Error] [37mFailed init_port fastrtps_port7415: open_and_lock_file failed[34;1m -> Function [36mopen_port_internal[m
[move_group-17] [37;1m2025-07-25 22:08:10.782 [31;1m[[37;1mRTPS_TRANSPORT_SHM[31;1m Error] [37mFailed init_port fastrtps_port7413: open_and_lock_file failed[34;1m -> Function [36mopen_port_internal[m
[move_group-17] [37;1m2025-07-25 22:08:10.783 [31;1m[[37;1mRTPS_TRANSPORT_SHM[31;1m Error] [37mFailed init_port fastrtps_port7415: open_and_lock_file failed[34;1m -> Function [36mopen_port_internal[m
[ros2_control_node-18] [37;1m2025-07-25 22:08:10.652 [31;1m[[37;1mRTPS_TRANSPORT_SHM[31;1m Error] [37mFailed init_port fastrtps_port7413: open_and_lock_file failed[34;1m -> Function [36mopen_port_internal[m
[ros2_control_node-18] [37;1m2025-07-25 22:08:10.652 [31;1m[[37;1mRTPS_TRANSPORT_SHM[31;1m Error] [37mFailed init_port fastrtps_port7415: open_and_lock_file failed[34;1m -> Function [36mopen_port_internal[m
[rviz2-15] qt.qpa.xcb: could not connect to display 
[rviz2-15] qt.qpa.plugin: Could not load the Qt platform plugin "xcb" in "" even though it was found.
[rviz2-15] This application failed to start because no Qt platform plugin could be initialized. Reinstalling the application may fix this problem.
[rviz2-15] 
[rviz2-15] Available platform plugins are: eglfs, linuxfb, minimal, minimalegl, offscreen, vnc, xcb.
[rviz2-15] 
[imu-12] WARNING: Carrier board is not from a Jetson Developer Kit.
[imu-12] WARNNIG: Jetson.GPIO library has not been verified with this carrier board,
[imu-12] WARNING: and in fact is unlikely to work correctly.
[chassis_pan_tilt_control-3] [37;1m2025-07-25 22:08:10.922 [31;1m[[37;1mRTPS_TRANSPORT_SHM[31;1m Error] [37mFailed init_port fastrtps_port7413: open_and_lock_file failed[34;1m -> Function [36mopen_port_internal[m
[chassis_pan_tilt_control-3] [37;1m2025-07-25 22:08:10.922 [31;1m[[37;1mRTPS_TRANSPORT_SHM[31;1m Error] [37mFailed init_port fastrtps_port7415: open_and_lock_file failed[34;1m -> Function [36mopen_port_internal[m
[drive_control-8] [37;1m2025-07-25 22:08:10.915 [31;1m[[37;1mRTPS_TRANSPORT_SHM[31;1m Error] [37mFailed init_port fastrtps_port7413: open_and_lock_file failed[34;1m -> Function [36mopen_port_internal[m
[drive_control-8] [37;1m2025-07-25 22:08:10.916 [31;1m[[37;1mRTPS_TRANSPORT_SHM[31;1m Error] [37mFailed init_port fastrtps_port7415: open_and_lock_file failed[34;1m -> Function [36mopen_port_internal[m
[component_container_mt-16] [INFO] [1753506490.968156664] [moveit_servo_demo_container]: Load Library: /opt/ros/humble/lib/libstatic_transform_broadcaster_node.so
[component_container_mt-16] [INFO] [1753506490.970997752] [moveit_servo_demo_container]: Found class: rclcpp_components::NodeFactoryTemplate<tf2_ros::StaticTransformBroadcasterNode>
[component_container_mt-16] [INFO] [1753506490.971091000] [moveit_servo_demo_container]: Instantiate class: rclcpp_components::NodeFactoryTemplate<tf2_ros::StaticTransformBroadcasterNode>
[servo_node_main-24] [37;1m2025-07-25 22:08:11.147 [31;1m[[37;1mRTPS_TRANSPORT_SHM[31;1m Error] [37mFailed init_port fastrtps_port7413: open_and_lock_file failed[34;1m -> Function [36mopen_port_internal[m
[servo_node_main-24] [37;1m2025-07-25 22:08:11.148 [31;1m[[37;1mRTPS_TRANSPORT_SHM[31;1m Error] [37mFailed init_port fastrtps_port7415: open_and_lock_file failed[34;1m -> Function [36mopen_port_internal[m
[move_group-17] [INFO] [1753506491.322573304] [moveit_rdf_loader.rdf_loader]: Loaded robot model in 0.0431281 seconds
[move_group-17] [INFO] [1753506491.322765880] [moveit_robot_model.robot_model]: Loading robot model 'rover_arm'...
[joy_to_servo_node-22] [INFO] [1753506491.349795096] [joy_to_twist_publisher]: Using controller type: xbox
[INFO] [launch_ros.actions.load_composable_nodes]: Loaded node '/static_tf2_broadcaster' in container '/moveit_servo_demo_container'
[component_container_mt-16] [INFO] [1753506491.400787384] [moveit_servo_demo_container]: Load Library: /opt/ros/humble/lib/librobot_state_publisher_node.so
[component_container_mt-16] [INFO] [1753506491.404123896] [moveit_servo_demo_container]: Found class: rclcpp_components::NodeFactoryTemplate<robot_state_publisher::RobotStatePublisher>
[component_container_mt-16] [INFO] [1753506491.404219544] [moveit_servo_demo_container]: Instantiate class: rclcpp_components::NodeFactoryTemplate<robot_state_publisher::RobotStatePublisher>
[ros2_control_node-18] [INFO] [1753506491.418321944] [controller_manager]: Subscribing to '~/robot_description' topic for robot description file.
[ros2_control_node-18] [INFO] [1753506491.445471416] [controller_manager]: update rate is 100 Hz
[ros2_control_node-18] [INFO] [1753506491.447305560] [controller_manager]: Spawning controller_manager RT thread with scheduler priority: 50
[ros2_control_node-18] [WARN] [1753506491.472698136] [controller_manager]: No real-time kernel detected on this system. See [https://control.ros.org/master/doc/ros2_control/controller_manager/doc/userdoc.html] for details on how to enable realtime scheduling.
[servo_node_main-24] [WARN] [1753506491.476992184] [moveit_servo.servo_node]: Intra-process communication is disabled, consider enabling it by adding: 
[servo_node_main-24] extra_arguments=[{'use_intra_process_comms' : True}]
[servo_node_main-24] to the Servo composable node in the launch file
[servo_node_main-24] [INFO] [1753506491.650159544] [moveit_rdf_loader.rdf_loader]: Loaded robot model in 0.0259418 seconds
[servo_node_main-24] [INFO] [1753506491.650261592] [moveit_robot_model.robot_model]: Loading robot model 'rover_arm'...
[component_container_mt-16] [INFO] [1753506491.789296632] [robot_state_publisher]: got segment arm_gripper
[component_container_mt-16] [INFO] [1753506491.789424216] [robot_state_publisher]: got segment arm_link_0
[component_container_mt-16] [INFO] [1753506491.789443192] [robot_state_publisher]: got segment arm_link_1
[component_container_mt-16] [INFO] [1753506491.789454264] [robot_state_publisher]: got segment arm_link_2
[component_container_mt-16] [INFO] [1753506491.789463064] [robot_state_publisher]: got segment arm_link_3
[component_container_mt-16] [INFO] [1753506491.789471096] [robot_state_publisher]: got segment arm_link_4
[component_container_mt-16] [INFO] [1753506491.789479640] [robot_state_publisher]: got segment base_link
[component_container_mt-16] [INFO] [1753506491.789488088] [robot_state_publisher]: got segment d405_bottom_screw_frame
[component_container_mt-16] [INFO] [1753506491.789497304] [robot_state_publisher]: got segment d405_color_frame
[component_container_mt-16] [INFO] [1753506491.789506104] [robot_state_publisher]: got segment d405_color_optical_frame
[component_container_mt-16] [INFO] [1753506491.789514488] [robot_state_publisher]: got segment d405_depth_frame
[component_container_mt-16] [INFO] [1753506491.789522360] [robot_state_publisher]: got segment d405_depth_optical_frame
[component_container_mt-16] [INFO] [1753506491.789530552] [robot_state_publisher]: got segment d405_infra1_frame
[component_container_mt-16] [INFO] [1753506491.789538776] [robot_state_publisher]: got segment d405_infra1_optical_frame
[component_container_mt-16] [INFO] [1753506491.789546680] [robot_state_publisher]: got segment d405_infra2_frame
[component_container_mt-16] [INFO] [1753506491.789554712] [robot_state_publisher]: got segment d405_infra2_optical_frame
[component_container_mt-16] [INFO] [1753506491.789562616] [robot_state_publisher]: got segment d405_link
[component_container_mt-16] [INFO] [1753506491.789570456] [robot_state_publisher]: got segment d455_accel_frame
[component_container_mt-16] [INFO] [1753506491.789578808] [robot_state_publisher]: got segment d455_accel_optical_frame
[component_container_mt-16] [INFO] [1753506491.789586680] [robot_state_publisher]: got segment d455_bottom_screw_frame
[component_container_mt-16] [INFO] [1753506491.789595288] [robot_state_publisher]: got segment d455_color_frame
[component_container_mt-16] [INFO] [1753506491.789603640] [robot_state_publisher]: got segment d455_color_optical_frame
[component_container_mt-16] [INFO] [1753506491.789611832] [robot_state_publisher]: got segment d455_depth_frame
[component_container_mt-16] [INFO] [1753506491.789619864] [robot_state_publisher]: got segment d455_depth_optical_frame
[component_container_mt-16] [INFO] [1753506491.789627768] [robot_state_publisher]: got segment d455_gyro_frame
[component_container_mt-16] [INFO] [1753506491.789635704] [robot_state_publisher]: got segment d455_gyro_optical_frame
[component_container_mt-16] [INFO] [1753506491.789643864] [robot_state_publisher]: got segment d455_imu_optical_frame
[component_container_mt-16] [INFO] [1753506491.789651704] [robot_state_publisher]: got segment d455_infra1_frame
[component_container_mt-16] [INFO] [1753506491.789659992] [robot_state_publisher]: got segment d455_infra1_optical_frame
[component_container_mt-16] [INFO] [1753506491.789667768] [robot_state_publisher]: got segment d455_infra2_frame
[component_container_mt-16] [INFO] [1753506491.789675864] [robot_state_publisher]: got segment d455_infra2_optical_frame
[component_container_mt-16] [INFO] [1753506491.789683640] [robot_state_publisher]: got segment d455_link
[component_container_mt-16] [INFO] [1753506491.789691512] [robot_state_publisher]: got segment rover_body
[ros2_control_node-18] [INFO] [1753506491.794694936] [controller_manager]: Received robot description file.
[ros2_control_node-18] [INFO] [1753506491.795243800] [resource_manager]: Loading hardware 'RealSystem' 
[ros2_control_node-18] [INFO] [1753506491.796786680] [resource_manager]: Initialize hardware 'RealSystem' 
[ros2_control_node-18] [INFO] [1753506491.797382136] [resource_manager]: Successful initialization of hardware 'RealSystem'
[ros2_control_node-18] [INFO] [1753506491.797726360] [resource_manager]: 'configure' hardware 'RealSystem' 
[ros2_control_node-18] [INFO] [1753506491.797960184] [ODriveHardwareInterface]: Initialized SocketCAN on can1
[ros2_control_node-18] [INFO] [1753506491.797986936] [resource_manager]: Successful 'configure' of hardware 'RealSystem'
[ros2_control_node-18] [INFO] [1753506491.798007096] [resource_manager]: 'activate' hardware 'RealSystem' 
[ros2_control_node-18] [INFO] [1753506491.798015128] [ODriveHardwareInterface]: activating ODrives...
[ros2_control_node-18] [INFO] [1753506491.798023032] [resource_manager]: Successful 'activate' of hardware 'RealSystem'
[INFO] [launch_ros.actions.load_composable_nodes]: Loaded node '/robot_state_publisher' in container '/moveit_servo_demo_container'
[component_container_mt-16] [INFO] [1753506491.842406456] [moveit_servo_demo_container]: Load Library: /opt/ros/humble/lib/libjoy.so
[component_container_mt-16] [INFO] [1753506491.861173240] [moveit_servo_demo_container]: Found class: rclcpp_components::NodeFactoryTemplate<joy::Joy>
[component_container_mt-16] [INFO] [1753506491.861328216] [moveit_servo_demo_container]: Instantiate class: rclcpp_components::NodeFactoryTemplate<joy::Joy>
[moveit_logger-30] Traceback (most recent call last):
[moveit_logger-30]   File "/home/makemorerobot/Rover_2023_2024/software/install/rover2_status/lib/rover2_status/moveit_logger", line 33, in <module>
[moveit_logger-30]     sys.exit(load_entry_point('rover2-status==0.0.0', 'console_scripts', 'moveit_logger')())
[moveit_logger-30]   File "/home/makemorerobot/Rover_2023_2024/software/install/rover2_status/lib/rover2_status/moveit_logger", line 25, in importlib_load_entry_point
[moveit_logger-30]     return next(matches).load()
[moveit_logger-30]   File "/usr/lib/python3.10/importlib/metadata/__init__.py", line 171, in load
[moveit_logger-30]     module = import_module(match.group('module'))
[moveit_logger-30]   File "/usr/lib/python3.10/importlib/__init__.py", line 126, in import_module
[moveit_logger-30]     return _bootstrap._gcd_import(name[level:], package, level)
[moveit_logger-30]   File "<frozen importlib._bootstrap>", line 1050, in _gcd_import
[moveit_logger-30]   File "<frozen importlib._bootstrap>", line 1027, in _find_and_load
[moveit_logger-30]   File "<frozen importlib._bootstrap>", line 1004, in _find_and_load_unlocked
[moveit_logger-30] ModuleNotFoundError: No module named 'rover2_status.moveit_logger'
[tower_pan_tilt_control-5] rover2_control_interface.msg.GPSStatusMessage(rover_latitude=44.56733703613281, rover_longitude=-123.27360534667969, astronaut_latitude=0.0, astronaut_longitude=0.0)
[drill_control-4] Traceback (most recent call last):
[drill_control-4]   File "/home/makemorerobot/.local/lib/python3.10/site-packages/serial/serialposix.py", line 322, in open
[drill_control-4]     self.fd = os.open(self.portstr, os.O_RDWR | os.O_NOCTTY | os.O_NONBLOCK)
[drill_control-4] FileNotFoundError: [Errno 2] No such file or directory: '/dev/ttyACM0'
[drill_control-4] 
[drill_control-4] During handling of the above exception, another exception occurred:
[drill_control-4] 
[drill_control-4] Traceback (most recent call last):
[drill_control-4]   File "/home/makemorerobot/Rover_2023_2024/software/install/rover2_control/lib/rover2_control/drill_control", line 33, in <module>
[drill_control-4]     sys.exit(load_entry_point('rover2-control==0.0.0', 'console_scripts', 'drill_control')())
[drill_control-4]   File "/home/makemorerobot/Rover_2023_2024/software/install/rover2_control/lib/python3.10/site-packages/rover2_control/drill_control.py", line 87, in main
[drill_control-4]     minimal_subscriber = DrillControl()
[drill_control-4]   File "/home/makemorerobot/Rover_2023_2024/software/install/rover2_control/lib/python3.10/site-packages/rover2_control/drill_control.py", line 31, in __init__
[drill_control-4]     self.arduino = serial.Serial(port="/dev/ttyACM0",baudrate=9600, write_timeout=0)
[drill_control-4]   File "/home/makemorerobot/.local/lib/python3.10/site-packages/serial/serialutil.py", line 244, in __init__
[drill_control-4]     self.open()
[drill_control-4]   File "/home/makemorerobot/.local/lib/python3.10/site-packages/serial/serialposix.py", line 325, in open
[drill_control-4]     raise SerialException(msg.errno, "could not open port {}: {}".format(self._port, msg))
[drill_control-4] serial.serialutil.SerialException: [Errno 2] could not open port /dev/ttyACM0: [Errno 2] No such file or directory: '/dev/ttyACM0'
[iris_controller-2] [37;1m2025-07-25 22:08:11.957 [31;1m[[37;1mRTPS_TRANSPORT_SHM[31;1m Error] [37mFailed init_port fastrtps_port7413: open_and_lock_file failed[34;1m -> Function [36mopen_port_internal[m
[iris_controller-2] [37;1m2025-07-25 22:08:11.958 [31;1m[[37;1mRTPS_TRANSPORT_SHM[31;1m Error] [37mFailed init_port fastrtps_port7415: open_and_lock_file failed[34;1m -> Function [36mopen_port_internal[m
[scimech_sensors-14] [37;1m2025-07-25 22:08:11.996 [31;1m[[37;1mRTPS_TRANSPORT_SHM[31;1m Error] [37mFailed init_port fastrtps_port7413: open_and_lock_file failed[34;1m -> Function [36mopen_port_internal[m
[scimech_sensors-14] [37;1m2025-07-25 22:08:11.997 [31;1m[[37;1mRTPS_TRANSPORT_SHM[31;1m Error] [37mFailed init_port fastrtps_port7415: open_and_lock_file failed[34;1m -> Function [36mopen_port_internal[m
[scimech_sensors-14] [37;1m2025-07-25 22:08:12.000 [31;1m[[37;1mRTPS_TRANSPORT_SHM[31;1m Error] [37mFailed init_port fastrtps_port7447: open_and_lock_file failed[34;1m -> Function [36mopen_port_internal[m
[node_topic_detector-29] Traceback (most recent call last):
[effectors_control-6] No communication with the instrument (no answer)
[node_topic_detector-29]   File "/home/makemorerobot/Rover_2023_2024/software/install/rover2_status/lib/rover2_status/node_topic_detector", line 33, in <module>
[node_topic_detector-29]     sys.exit(load_entry_point('rover2-status==0.0.0', 'console_scripts', 'node_topic_detector')())
[node_topic_detector-29]   File "/home/makemorerobot/Rover_2023_2024/software/install/rover2_status/lib/rover2_status/node_topic_detector", line 25, in importlib_load_entry_point
[node_topic_detector-29]     return next(matches).load()
[node_topic_detector-29]   File "/usr/lib/python3.10/importlib/metadata/__init__.py", line 171, in load
[node_topic_detector-29]     module = import_module(match.group('module'))
[node_topic_detector-29]   File "/usr/lib/python3.10/importlib/__init__.py", line 126, in import_module
[node_topic_detector-29]     return _bootstrap._gcd_import(name[level:], package, level)
[node_topic_detector-29]   File "<frozen importlib._bootstrap>", line 1050, in _gcd_import
[node_topic_detector-29]   File "<frozen importlib._bootstrap>", line 1027, in _find_and_load
[node_topic_detector-29]   File "<frozen importlib._bootstrap>", line 1004, in _find_and_load_unlocked
[node_topic_detector-29] ModuleNotFoundError: No module named 'rover2_status.node_topic_detector'
[tower_pan_tilt_control-5] rover2_control_interface.msg.GPSStatusMessage(rover_latitude=44.56733703613281, rover_longitude=-123.27360534667969, astronaut_latitude=0.0, astronaut_longitude=0.0)
[controller_switcher-23] [INFO] [1753506492.190730200] [controller_switcher]: Controller switcher initialized.
[controller_switcher-23] [INFO] [1753506492.190989816] [controller_switcher]: Listening for home button press on button index: 8
[controller_switcher-23] [INFO] [1753506492.191015480] [controller_switcher]: Currently active controller: rover_arm_controller
[tower_pan_tilt_control-5] rover2_control_interface.msg.GPSStatusMessage(rover_latitude=44.56733703613281, rover_longitude=-123.27360534667969, astronaut_latitude=0.0, astronaut_longitude=0.0)
[tower_pan_tilt_control-5] rover2_control_interface.msg.GPSStatusMessage(rover_latitude=44.56733703613281, rover_longitude=-123.27360534667969, astronaut_latitude=0.0, astronaut_longitude=0.0)
[realsense2_camera_node-25] [37;1m2025-07-25 22:08:12.412 [31;1m[[37;1mRTPS_TRANSPORT_SHM[31;1m Error] [37mFailed init_port fastrtps_port7413: open_and_lock_file failed[34;1m -> Function [36mopen_port_internal[m
[realsense2_camera_node-25] [37;1m2025-07-25 22:08:12.427 [31;1m[[37;1mRTPS_TRANSPORT_SHM[31;1m Error] [37mFailed init_port fastrtps_port7415: open_and_lock_file failed[34;1m -> Function [36mopen_port_internal[m
[realsense2_camera_node-25] [37;1m2025-07-25 22:08:12.432 [31;1m[[37;1mRTPS_TRANSPORT_SHM[31;1m Error] [37mFailed init_port fastrtps_port7447: open_and_lock_file failed[34;1m -> Function [36mopen_port_internal[m
[ERROR] [moveit_logger-30]: process has died [pid 11905, exit code 1, cmd '/home/makemorerobot/Rover_2023_2024/software/install/rover2_status/lib/rover2_status/moveit_logger --ros-args --disable-stdout-logs --ros-args'].
[tower_pan_tilt_control-5] rover2_control_interface.msg.GPSStatusMessage(rover_latitude=44.56733703613281, rover_longitude=-123.27360534667969, astronaut_latitude=0.0, astronaut_longitude=0.0)
[tower_pan_tilt_control-5] rover2_control_interface.msg.GPSStatusMessage(rover_latitude=44.56733703613281, rover_longitude=-123.27360534667969, astronaut_latitude=0.0, astronaut_longitude=0.0)
[effectors_control-6] No communication with the instrument (no answer)
[tower_pan_tilt_control-5] rover2_control_interface.msg.GPSStatusMessage(rover_latitude=44.56733703613281, rover_longitude=-123.27360534667969, astronaut_latitude=0.0, astronaut_longitude=0.0)
[tower_pan_tilt_control-5] rover2_control_interface.msg.GPSStatusMessage(rover_latitude=44.56733703613281, rover_longitude=-123.27360534667969, astronaut_latitude=0.0, astronaut_longitude=0.0)
[ERROR] [node_topic_detector-29]: process has died [pid 11903, exit code 1, cmd '/home/makemorerobot/Rover_2023_2024/software/install/rover2_status/lib/rover2_status/node_topic_detector --ros-args --disable-stdout-logs --ros-args'].
[tower_pan_tilt_control-5] rover2_control_interface.msg.GPSStatusMessage(rover_latitude=44.56733703613281, rover_longitude=-123.27360534667969, astronaut_latitude=0.0, astronaut_longitude=0.0)
[tower_pan_tilt_control-5] rover2_control_interface.msg.GPSStatusMessage(rover_latitude=44.56733703613281, rover_longitude=-123.27360534667969, astronaut_latitude=0.0, astronaut_longitude=0.0)
[drive_can_control-1] [37;1m2025-07-25 22:08:13.061 [31;1m[[37;1mRTPS_TRANSPORT_SHM[31;1m Error] [37mFailed init_port fastrtps_port7413: open_and_lock_file failed[34;1m -> Function [36mopen_port_internal[m
[drive_can_control-1] [37;1m2025-07-25 22:08:13.062 [31;1m[[37;1mRTPS_TRANSPORT_SHM[31;1m Error] [37mFailed init_port fastrtps_port7415: open_and_lock_file failed[34;1m -> Function [36mopen_port_internal[m
[drive_can_control-1] [37;1m2025-07-25 22:08:13.104 [31;1m[[37;1mRTPS_TRANSPORT_SHM[31;1m Error] [37mFailed init_port fastrtps_port7447: open_and_lock_file failed[34;1m -> Function [36mopen_port_internal[m
[led_node-26] WARNING: Carrier board is not from a Jetson Developer Kit.
[led_node-26] WARNNIG: Jetson.GPIO library has not been verified with this carrier board,
[led_node-26] WARNING: and in fact is unlikely to work correctly.
[tower_pan_tilt_control-5] rover2_control_interface.msg.GPSStatusMessage(rover_latitude=44.56733703613281, rover_longitude=-123.27360534667969, astronaut_latitude=0.0, astronaut_longitude=0.0)
[effectors_control-6] No communication with the instrument (no answer)
[tower_pan_tilt_control-5] rover2_control_interface.msg.GPSStatusMessage(rover_latitude=44.56733703613281, rover_longitude=-123.27360534667969, astronaut_latitude=0.0, astronaut_longitude=0.0)
[ERROR] [rviz2-15]: process has died [pid 11787, exit code -6, cmd '/opt/ros/humble/lib/rviz2/rviz2 -d /home/makemorerobot/Rover_2023_2024/software/install/rover_arm/share/rover_arm/config/rviz_config.rviz --ros-args -r __node:=rviz2 --params-file /tmp/launch_params_gu1p6hue --params-file /tmp/launch_params_m1v5i_91 --params-file /tmp/launch_params_g8bhdjoh --params-file /tmp/launch_params_hvvcpepc --params-file /tmp/launch_params_2yw1hfc_'].
[tower_pan_tilt_control-5] rover2_control_interface.msg.GPSStatusMessage(rover_latitude=44.56733703613281, rover_longitude=-123.27360534667969, astronaut_latitude=0.0, astronaut_longitude=0.0)
[realsense2_camera_node-25] [INFO] [1753506493.409585144] [camera.d405]: RealSense ROS v4.55.1
[realsense2_camera_node-25] [INFO] [1753506493.409886520] [camera.d405]: Built with LibRealSense v2.55.1
[realsense2_camera_node-25] [INFO] [1753506493.409950520] [camera.d405]: Running with LibRealSense v2.55.1
[led_node-26] [37;1m2025-07-25 22:08:13.413 [31;1m[[37;1mRTPS_TRANSPORT_SHM[31;1m Error] [37mFailed init_port fastrtps_port7413: open_and_lock_file failed[34;1m -> Function [36mopen_port_internal[m
[led_node-26] [37;1m2025-07-25 22:08:13.413 [31;1m[[37;1mRTPS_TRANSPORT_SHM[31;1m Error] [37mFailed init_port fastrtps_port7415: open_and_lock_file failed[34;1m -> Function [36mopen_port_internal[m
[led_node-26] [37;1m2025-07-25 22:08:13.450 [31;1m[[37;1mRTPS_TRANSPORT_SHM[31;1m Error] [37mFailed init_port fastrtps_port7447: open_and_lock_file failed[34;1m -> Function [36mopen_port_internal[m
[iris_controller-2] Drive command
[imu-12] /usr/lib/python3/dist-packages/scipy/__init__.py:146: UserWarning: A NumPy version >=1.17.3 and <1.25.0 is required for this version of SciPy (detected version 1.26.1
[imu-12]   warnings.warn(f"A NumPy version >={np_minversion} and <{np_maxversion}"
[tower_pan_tilt_control-5] rover2_control_interface.msg.GPSStatusMessage(rover_latitude=44.56733703613281, rover_longitude=-123.27360534667969, astronaut_latitude=0.0, astronaut_longitude=0.0)
[iris_controller-2] Drive command
[servo_node_main-24] [INFO] [1753506493.516164984] [moveit_ros.planning_scene_monitor.planning_scene_monitor]: Publishing maintained planning scene on 'monitored_planning_scene'
[move_group-17] [INFO] [1753506493.524387224] [moveit_ros.planning_scene_monitor.planning_scene_monitor]: Publishing maintained planning scene on 'monitored_planning_scene'
[move_group-17] [INFO] [1753506493.524864248] [moveit.ros_planning_interface.moveit_cpp]: Listening to 'joint_states' for joint states
[rosbridge_websocket-10] [37;1m2025-07-25 22:08:13.514 [31;1m[[37;1mRTPS_TRANSPORT_SHM[31;1m Error] [37mFailed init_port fastrtps_port7413: open_and_lock_file failed[34;1m -> Function [36mopen_port_internal[m
[rosbridge_websocket-10] [37;1m2025-07-25 22:08:13.514 [31;1m[[37;1mRTPS_TRANSPORT_SHM[31;1m Error] [37mFailed init_port fastrtps_port7415: open_and_lock_file failed[34;1m -> Function [36mopen_port_internal[m
[rosbridge_websocket-10] [37;1m2025-07-25 22:08:13.531 [31;1m[[37;1mRTPS_TRANSPORT_SHM[31;1m Error] [37mFailed init_port fastrtps_port7447: open_and_lock_file failed[34;1m -> Function [36mopen_port_internal[m
[move_group-17] [INFO] [1753506493.539108088] [moveit_ros.current_state_monitor]: Listening to joint states on topic 'joint_states'
[servo_node_main-24] [INFO] [1753506493.538869144] [moveit_ros.current_state_monitor]: Listening to joint states on topic '/joint_states'
[simple_position-13] [37;1m2025-07-25 22:08:13.519 [31;1m[[37;1mRTPS_TRANSPORT_SHM[31;1m Error] [37mFailed init_port fastrtps_port7413: open_and_lock_file failed[34;1m -> Function [36mopen_port_internal[m
[simple_position-13] [37;1m2025-07-25 22:08:13.519 [31;1m[[37;1mRTPS_TRANSPORT_SHM[31;1m Error] [37mFailed init_port fastrtps_port7415: open_and_lock_file failed[34;1m -> Function [36mopen_port_internal[m
[simple_position-13] [37;1m2025-07-25 22:08:13.523 [31;1m[[37;1mRTPS_TRANSPORT_SHM[31;1m Error] [37mFailed init_port fastrtps_port7447: open_and_lock_file failed[34;1m -> Function [36mopen_port_internal[m
[servo_node_main-24] [INFO] [1753506493.553633336] [moveit_ros.planning_scene_monitor.planning_scene_monitor]: Listening to '/attached_collision_object' for attached collision objects
[servo_node_main-24] [INFO] [1753506493.553904856] [moveit_ros.planning_scene_monitor.planning_scene_monitor]: Starting planning scene monitor
[realsense2_camera_node-25] [WARN] [1753506493.559752632] [camera.d405]: No RealSense devices were found!
[iris_controller-2] Drive command
[tower_pan_tilt_control-5] rover2_control_interface.msg.GPSStatusMessage(rover_latitude=44.56733703613281, rover_longitude=-123.27360534667969, astronaut_latitude=0.0, astronaut_longitude=0.0)
[ERROR] [drill_control-4]: process has died [pid 11765, exit code 1, cmd '/home/makemorerobot/Rover_2023_2024/software/install/rover2_control/lib/rover2_control/drill_control --ros-args -r __node:=drill_control'].
[iris_controller-2] Drive command
[iris_controller-2] Drive command
[iris_controller-2] Drive command
[INFO] [drill_control-4]: process started with pid [12154]
[servo_node_main-24] [INFO] [1753506493.652782200] [moveit_ros.planning_scene_monitor.planning_scene_monitor]: Listening to '/planning_scene'
[servo_node_main-24] [INFO] [1753506493.652860664] [moveit_ros.planning_scene_monitor.planning_scene_monitor]: Starting world geometry update monitor for collision objects, attached objects, octomap updates.
[servo_node_main-24] [INFO] [1753506493.676480600] [moveit_ros.planning_scene_monitor.planning_scene_monitor]: Listening to 'collision_object'
[servo_node_main-24] [INFO] [1753506493.680462008] [moveit_ros.planning_scene_monitor.planning_scene_monitor]: Listening to 'planning_scene_world' for planning scene world geometry
[servo_node_main-24] [WARN] [1753506493.681808184] [moveit.ros.occupancy_map_monitor.middleware_handle]: Resolution not specified for Octomap. Assuming resolution = 0.1 instead
[servo_node_main-24] [ERROR] [1753506493.681875608] [moveit.ros.occupancy_map_monitor.middleware_handle]: No 3D sensor plugin(s) defined for octomap updates
[move_group-17] [INFO] [1753506493.655179384] [moveit_ros.planning_scene_monitor.planning_scene_monitor]: Listening to '/attached_collision_object' for attached collision objects
[move_group-17] [INFO] [1753506493.655266456] [moveit_ros.planning_scene_monitor.planning_scene_monitor]: Starting planning scene monitor
[tower_pan_tilt_control-5] rover2_control_interface.msg.GPSStatusMessage(rover_latitude=44.56733703613281, rover_longitude=-123.27360534667969, astronaut_latitude=0.0, astronaut_longitude=0.0)
[move_group-17] [INFO] [1753506493.745803448] [moveit_ros.planning_scene_monitor.planning_scene_monitor]: Listening to '/planning_scene'
[move_group-17] [INFO] [1753506493.745933272] [moveit_ros.planning_scene_monitor.planning_scene_monitor]: Starting world geometry update monitor for collision objects, attached objects, octomap updates.
[effectors_control-6] No communication with the instrument (no answer)
[iris_controller-2] Drive command
[move_group-17] [INFO] [1753506493.764056376] [moveit_ros.planning_scene_monitor.planning_scene_monitor]: Listening to 'collision_object'
[scimech_sensors-14] Traceback (most recent call last):
[scimech_sensors-14]   File "/home/makemorerobot/.local/lib/python3.10/site-packages/serial/serialposix.py", line 322, in open
[scimech_sensors-14]     self.fd = os.open(self.portstr, os.O_RDWR | os.O_NOCTTY | os.O_NONBLOCK)
[scimech_sensors-14] FileNotFoundError: [Errno 2] No such file or directory: '/dev/ttyACM0'
[scimech_sensors-14] 
[scimech_sensors-14] During handling of the above exception, another exception occurred:
[scimech_sensors-14] 
[scimech_sensors-14] Traceback (most recent call last):
[scimech_sensors-14]   File "/home/makemorerobot/Rover_2023_2024/software/install/rover2_odometry/lib/rover2_odometry/scimech_sensors", line 33, in <module>
[scimech_sensors-14]     sys.exit(load_entry_point('rover2-odometry==0.0.0', 'console_scripts', 'scimech_sensors')())
[scimech_sensors-14]   File "/home/makemorerobot/Rover_2023_2024/software/install/rover2_odometry/lib/python3.10/site-packages/rover2_odometry/scimech_sensors.py", line 65, in main
[scimech_sensors-14]     scimech_sensors = ScimechSensors()
[scimech_sensors-14]   File "/home/makemorerobot/Rover_2023_2024/software/install/rover2_odometry/lib/python3.10/site-packages/rover2_odometry/scimech_sensors.py", line 25, in __init__
[scimech_sensors-14]     self.scimech_arduino = serial.Serial('/dev/ttyACM0',9600, timeout=1)
[scimech_sensors-14]   File "/home/makemorerobot/.local/lib/python3.10/site-packages/serial/serialutil.py", line 244, in __init__
[scimech_sensors-14]     self.open()
[scimech_sensors-14]   File "/home/makemorerobot/.local/lib/python3.10/site-packages/serial/serialposix.py", line 325, in open
[scimech_sensors-14]     raise SerialException(msg.errno, "could not open port {}: {}".format(self._port, msg))
[scimech_sensors-14] serial.serialutil.SerialException: [Errno 2] could not open port /dev/ttyACM0: [Errno 2] No such file or directory: '/dev/ttyACM0'
[move_group-17] [INFO] [1753506493.801404024] [moveit_ros.planning_scene_monitor.planning_scene_monitor]: Listening to 'planning_scene_world' for planning scene world geometry
[move_group-17] [ERROR] [1753506493.805424792] [moveit.ros.occupancy_map_monitor.middleware_handle]: Exception while loading octomap updater 'occupancy_map_monitor/PointCloudOctomapUpdater': According to the loaded plugin descriptions the class occupancy_map_monitor/PointCloudOctomapUpdater with base class type occupancy_map_monitor::OccupancyMapUpdater does not exist. Declared types are 
[move_group-17] 
[move_group-17] [ERROR] [1753506493.805512504] [moveit.ros.occupancy_map_monitor]: Failed to load sensor: `d405_camera` of type: `occupancy_map_monitor/PointCloudOctomapUpdater`
[move_group-17] [ERROR] [1753506493.805540504] [moveit.ros.occupancy_map_monitor.middleware_handle]: Exception while loading octomap updater 'occupancy_map_monitor/PointCloudOctomapUpdater': According to the loaded plugin descriptions the class occupancy_map_monitor/PointCloudOctomapUpdater with base class type occupancy_map_monitor::OccupancyMapUpdater does not exist. Declared types are 
[move_group-17] 
[move_group-17] [ERROR] [1753506493.805550008] [moveit.ros.occupancy_map_monitor]: Failed to load sensor: `d455_camera` of type: `occupancy_map_monitor/PointCloudOctomapUpdater`
[iris_controller-2] Drive command
[iris_controller-2] Drive command
[iris_controller-2] Drive command
[tower_pan_tilt_control-5] rover2_control_interface.msg.GPSStatusMessage(rover_latitude=44.56733703613281, rover_longitude=-123.27360534667969, astronaut_latitude=0.0, astronaut_longitude=0.0)
[iris_controller-2] Drive command
[iris_controller-2] Drive command
[tower_pan_tilt_control-5] rover2_control_interface.msg.GPSStatusMessage(rover_latitude=44.56733703613281, rover_longitude=-123.27360534667969, astronaut_latitude=0.0, astronaut_longitude=0.0)
[iris_controller-2] Drive command
[iris_controller-2] Drive command
[gripper_control-9] [37;1m2025-07-25 22:08:14.204 [31;1m[[37;1mRTPS_TRANSPORT_SHM[31;1m Error] [37mFailed init_port fastrtps_port7413: open_and_lock_file failed[34;1m -> Function [36mopen_port_internal[m
[gripper_control-9] [37;1m2025-07-25 22:08:14.204 [31;1m[[37;1mRTPS_TRANSPORT_SHM[31;1m Error] [37mFailed init_port fastrtps_port7415: open_and_lock_file failed[34;1m -> Function [36mopen_port_internal[m
[iris_controller-2] Drive command
[joint_position_control-7] [37;1m2025-07-25 22:08:14.253 [31;1m[[37;1mRTPS_TRANSPORT_SHM[31;1m Error] [37mFailed init_port fastrtps_port7413: open_and_lock_file failed[34;1m -> Function [36mopen_port_internal[m
[joint_position_control-7] [37;1m2025-07-25 22:08:14.253 [31;1m[[37;1mRTPS_TRANSPORT_SHM[31;1m Error] [37mFailed init_port fastrtps_port7415: open_and_lock_file failed[34;1m -> Function [36mopen_port_internal[m
[joint_position_control-7] [37;1m2025-07-25 22:08:14.257 [31;1m[[37;1mRTPS_TRANSPORT_SHM[31;1m Error] [37mFailed init_port fastrtps_port7447: open_and_lock_file failed[34;1m -> Function [36mopen_port_internal[m
[effectors_control-6] No communication with the instrument (no answer)
[tower_pan_tilt_control-5] rover2_control_interface.msg.GPSStatusMessage(rover_latitude=44.56733703613281, rover_longitude=-123.27360534667969, astronaut_latitude=0.0, astronaut_longitude=0.0)
[iris_controller-2] Drive command
[iris_controller-2] Drive command
[gripper_control-9] [37;1m2025-07-25 22:08:14.361 [31;1m[[37;1mRTPS_TRANSPORT_SHM[31;1m Error] [37mFailed init_port fastrtps_port7447: open_and_lock_file failed[34;1m -> Function [36mopen_port_internal[m
[tower_pan_tilt_control-5] rover2_control_interface.msg.GPSStatusMessage(rover_latitude=44.56733703613281, rover_longitude=-123.27360534667969, astronaut_latitude=0.0, astronaut_longitude=0.0)
[iris_controller-2] Drive command
[iris_controller-2] Drive command
[iris_controller-2] Drive command
[tower_pan_tilt_control-5] rover2_control_interface.msg.GPSStatusMessage(rover_latitude=44.56733703613281, rover_longitude=-123.27360534667969, astronaut_latitude=0.0, astronaut_longitude=0.0)
[iris_controller-2] Drive command
[iris_controller-2] Drive command
[tower_pan_tilt_control-5] rover2_control_interface.msg.GPSStatusMessage(rover_latitude=44.56733703613281, rover_longitude=-123.27360534667969, astronaut_latitude=0.0, astronaut_longitude=0.0)
[iris_controller-2] Drive command
[simple_position-13] [0m[INFO] [1753506494.671142520] [simple_position]: Node has started[0m
[imu-12] [37;1m2025-07-25 22:08:14.688 [31;1m[[37;1mRTPS_TRANSPORT_SHM[31;1m Error] [37mFailed init_port fastrtps_port7413: open_and_lock_file failed[34;1m -> Function [36mopen_port_internal[m
[imu-12] [37;1m2025-07-25 22:08:14.689 [31;1m[[37;1mRTPS_TRANSPORT_SHM[31;1m Error] [37mFailed init_port fastrtps_port7415: open_and_lock_file failed[34;1m -> Function [36mopen_port_internal[m
[iris_controller-2] Drive command
[tower_pan_tilt_control-5] rover2_control_interface.msg.GPSStatusMessage(rover_latitude=44.56733703613281, rover_longitude=-123.27360534667969, astronaut_latitude=0.0, astronaut_longitude=0.0)
[iris_controller-2] Drive command
[iris_controller-2] Drive command
[effectors_control-6] No communication with the instrument (no answer)
[tower_pan_tilt_control-5] rover2_control_interface.msg.GPSStatusMessage(rover_latitude=44.56733703613281, rover_longitude=-123.27360534667969, astronaut_latitude=0.0, astronaut_longitude=0.0)
[rosbridge_websocket-10] [INFO] [1753506494.851549080] [rosbridge_websocket]: Rosbridge WebSocket server started on port 9090
[iris_controller-2] Drive command
[iris_controller-2] Drive command
[imu-12] [37;1m2025-07-25 22:08:14.918 [31;1m[[37;1mRTPS_TRANSPORT_SHM[31;1m Error] [37mFailed init_port fastrtps_port7447: open_and_lock_file failed[34;1m -> Function [36mopen_port_internal[m
[iris_controller-2] Drive command
[tower_pan_tilt_control-5] rover2_control_interface.msg.GPSStatusMessage(rover_latitude=44.56733703613281, rover_longitude=-123.27360534667969, astronaut_latitude=0.0, astronaut_longitude=0.0)
[INFO] [launch_ros.actions.load_composable_nodes]: Loaded node '/joy_node' in container '/moveit_servo_demo_container'
[iris_controller-2] Drive command
[tower_pan_tilt_control-5] rover2_control_interface.msg.GPSStatusMessage(rover_latitude=44.56733703613281, rover_longitude=-123.27360534667969, astronaut_latitude=0.0, astronaut_longitude=0.0)
[iris_controller-2] Drive command
[iris_controller-2] Drive command
[ERROR] [scimech_sensors-14]: process has died [pid 11785, exit code 1, cmd '/home/makemorerobot/Rover_2023_2024/software/install/rover2_odometry/lib/rover2_odometry/scimech_sensors --ros-args -r __node:=scimech_sensors'].
[iris_controller-2] Drive command
[INFO] [scimech_sensors-14]: process started with pid [12225]
[tower_pan_tilt_control-5] rover2_control_interface.msg.GPSStatusMessage(rover_latitude=44.56733703613281, rover_longitude=-123.27360534667969, astronaut_latitude=0.0, astronaut_longitude=0.0)
[iris_controller-2] Drive command
[iris_controller-2] Drive command
[simple_position-13] [0m[INFO] [1753506495.263533912] [simple_position]: Just set starting position![0m
[tower_pan_tilt_control-5] rover2_control_interface.msg.GPSStatusMessage(rover_latitude=44.56733703613281, rover_longitude=-123.27360534667969, astronaut_latitude=0.0, astronaut_longitude=0.0)
[iris_controller-2] Drive command
[simple_position-13] [0m[INFO] [1753506495.306828920] [simple_position]: Received twist, controller present = False[0m
[simple_position-13] [0m[INFO] [1753506495.309600504] [simple_position]: Received twist, controller present = False[0m
[effectors_control-6] No communication with the instrument (no answer)
[iris_controller-2] Drive command
[tower_pan_tilt_control-5] rover2_control_interface.msg.GPSStatusMessage(rover_latitude=44.56733703613281, rover_longitude=-123.27360534667969, astronaut_latitude=0.0, astronaut_longitude=0.0)
[simple_position-13] [0m[INFO] [1753506495.388667320] [simple_position]: Received twist, controller present = False[0m
[iris_controller-2] Drive command
[simple_position-13] [0m[INFO] [1753506495.414681912] [simple_position]: Received twist, controller present = False[0m
[move_group-17] [INFO] [1753506495.463259928] [moveit.ros_planning_interface.moveit_cpp]: Loading planning pipeline 'ompl'
[iris_controller-2] Drive command
[simple_position-13] [0m[INFO] [1753506495.469239544] [simple_position]: Received twist, controller present = False[0m
[tower_pan_tilt_control-5] rover2_control_interface.msg.GPSStatusMessage(rover_latitude=44.56733703613281, rover_longitude=-123.27360534667969, astronaut_latitude=0.0, astronaut_longitude=0.0)
[iris_controller-2] Drive command
[simple_position-13] [0m[INFO] [1753506495.530630456] [simple_position]: Received twist, controller present = False[0m
[iris_controller-2] Drive command
[simple_position-13] [0m[INFO] [1753506495.601183736] [simple_position]: Received twist, controller present = False[0m
[simple_position-13] [0m[INFO] [1753506495.618088824] [simple_position]: Received twist, controller present = False[0m
[iris_controller-2] Drive command
[tower_pan_tilt_control-5] rover2_control_interface.msg.GPSStatusMessage(rover_latitude=44.56733703613281, rover_longitude=-123.27360534667969, astronaut_latitude=0.0, astronaut_longitude=0.0)
[ros2_control_node-18] [INFO] [1753506495.610469272] [controller_manager]: Loading controller 'rover_arm_controller_moveit'
[iris_controller-2] Drive command
[simple_position-13] [0m[INFO] [1753506495.676830680] [simple_position]: Received twist, controller present = False[0m
[iris_controller-2] Drive command
[simple_position-13] [0m[INFO] [1753506495.715088824] [simple_position]: Received twist, controller present = False[0m
[tower_pan_tilt_control-5] rover2_control_interface.msg.GPSStatusMessage(rover_latitude=44.56733703613281, rover_longitude=-123.27360534667969, astronaut_latitude=0.0, astronaut_longitude=0.0)
[iris_controller-2] Drive command
[simple_position-13] [0m[INFO] [1753506495.768838552] [simple_position]: Received twist, controller present = False[0m
[iris_controller-2] Drive command
[simple_position-13] [0m[INFO] [1753506495.810698264] [simple_position]: Received twist, controller present = False[0m
[tower_pan_tilt_control-5] rover2_control_interface.msg.GPSStatusMessage(rover_latitude=44.56733703613281, rover_longitude=-123.27360534667969, astronaut_latitude=0.0, astronaut_longitude=0.0)
[gripper_control-9] [0m[INFO] [1753506495.844535512] [gripper_can_control]: Starting Setup of Odrive[0m
[gripper_control-9] [0m[INFO] [1753506495.845407384] [gripper_can_control]: Start Homing Sequence[0m
[gripper_control-9] [0m[INFO] [1753506495.846144440] [gripper_can_control]: mode: 2[0m
[iris_controller-2] Drive command
[effectors_control-6] No communication with the instrument (no answer)
[move_group-17] [INFO] [1753506495.837632120] [moveit.ros_planning.planning_pipeline]: Using planning interface 'OMPL'
[simple_position-13] [0m[INFO] [1753506495.886015960] [simple_position]: Received twist, controller present = False[0m
[iris_controller-2] Drive command
[move_group-17] [INFO] [1753506495.931437720] [moveit_ros.add_time_optimal_parameterization]: Param 'ompl.path_tolerance' was not set. Using default value: 0.100000
[move_group-17] [INFO] [1753506495.931504344] [moveit_ros.add_time_optimal_parameterization]: Param 'ompl.resample_dt' was not set. Using default value: 0.100000
[move_group-17] [INFO] [1753506495.931514264] [moveit_ros.add_time_optimal_parameterization]: Param 'ompl.min_angle_change' was not set. Using default value: 0.001000
[move_group-17] [INFO] [1753506495.931555384] [moveit_ros.fix_workspace_bounds]: Param 'ompl.default_workspace_bounds' was not set. Using default value: 10.000000
[move_group-17] [INFO] [1753506495.931586232] [moveit_ros.fix_start_state_bounds]: Param 'ompl.start_state_max_bounds_error' was set to 0.100000
[move_group-17] [INFO] [1753506495.931596472] [moveit_ros.fix_start_state_bounds]: Param 'ompl.start_state_max_dt' was not set. Using default value: 0.500000
[move_group-17] [INFO] [1753506495.931616280] [moveit_ros.fix_start_state_collision]: Param 'ompl.start_state_max_dt' was not set. Using default value: 0.500000
[move_group-17] [INFO] [1753506495.931625592] [moveit_ros.fix_start_state_collision]: Param 'ompl.jiggle_fraction' was set to 0.050000
[move_group-17] [INFO] [1753506495.931635224] [moveit_ros.fix_start_state_collision]: Param 'ompl.max_sampling_attempts' was not set. Using default value: 100
[move_group-17] [INFO] [1753506495.931654680] [moveit.ros_planning.planning_pipeline]: Using planning request adapter 'Add Time Optimal Parameterization'
[tower_pan_tilt_control-5] rover2_control_interface.msg.GPSStatusMessage(rover_latitude=44.56733703613281, rover_longitude=-123.27360534667969, astronaut_latitude=0.0, astronaut_longitude=0.0)
[move_group-17] [INFO] [1753506495.946338296] [moveit.ros_planning.planning_pipeline]: Using planning request adapter 'Resolve constraint frames to robot links'
[move_group-17] [INFO] [1753506495.946403768] [moveit.ros_planning.planning_pipeline]: Using planning request adapter 'Fix Workspace Bounds'
[move_group-17] [INFO] [1753506495.946412760] [moveit.ros_planning.planning_pipeline]: Using planning request adapter 'Fix Start State Bounds'
[move_group-17] [INFO] [1753506495.946418552] [moveit.ros_planning.planning_pipeline]: Using planning request adapter 'Fix Start State In Collision'
[move_group-17] [INFO] [1753506495.946424600] [moveit.ros_planning.planning_pipeline]: Using planning request adapter 'Fix Start State Path Constraints'
[iris_controller-2] Drive command
[simple_position-13] [0m[INFO] [1753506495.966660600] [simple_position]: Received twist, controller present = False[0m
[iris_controller-2] Drive command
[simple_position-13] [0m[INFO] [1753506496.022811512] [simple_position]: Received twist, controller present = False[0m
[tower_pan_tilt_control-5] rover2_control_interface.msg.GPSStatusMessage(rover_latitude=44.56733703613281, rover_longitude=-123.27360534667969, astronaut_latitude=0.0, astronaut_longitude=0.0)
[iris_controller-2] Drive command
[simple_position-13] [0m[INFO] [1753506496.095684696] [simple_position]: Received twist, controller present = False[0m
[simple_position-13] [0m[INFO] [1753506496.120441528] [simple_position]: Received twist, controller present = False[0m
[iris_controller-2] Drive command
[tower_pan_tilt_control-5] rover2_control_interface.msg.GPSStatusMessage(rover_latitude=44.56733703613281, rover_longitude=-123.27360534667969, astronaut_latitude=0.0, astronaut_longitude=0.0)
[iris_controller-2] Drive command
[simple_position-13] [0m[INFO] [1753506496.189343864] [simple_position]: Received twist, controller present = False[0m
[iris_controller-2] Drive command
[tower_pan_tilt_control-5] rover2_control_interface.msg.GPSStatusMessage(rover_latitude=44.56733703613281, rover_longitude=-123.27360534667969, astronaut_latitude=0.0, astronaut_longitude=0.0)
[simple_position-13] [0m[INFO] [1753506496.250086520] [simple_position]: Received twist, controller present = False[0m
[iris_controller-2] Drive command
[simple_position-13] [0m[INFO] [1753506496.297820152] [simple_position]: Heading not set[0m
[imu-12] 0.001
[iris_controller-2] Drive command
[simple_position-13] [0m[INFO] [1753506496.341832728] [simple_position]: Received twist, controller present = False[0m
[simple_position-13] [0m[INFO] [1753506496.354393720] [simple_position]: Received twist, controller present = False[0m
[tower_pan_tilt_control-5] rover2_control_interface.msg.GPSStatusMessage(rover_latitude=44.56733703613281, rover_longitude=-123.27360534667969, astronaut_latitude=0.0, astronaut_longitude=0.0)
[spawner-20] [INFO] [1753506496.384028728] [spawner_rover_arm_controller]: waiting for service /controller_manager/list_controllers to become available...
[iris_controller-2] Drive command
[effectors_control-6] No communication with the instrument (no answer)
[simple_position-13] [0m[INFO] [1753506496.418404792] [simple_position]: Received twist, controller present = False[0m
[simple_position-13] [0m[INFO] [1753506496.443823736] [simple_position]: Received twist, controller present = False[0m
[iris_controller-2] Drive command
[tower_pan_tilt_control-5] rover2_control_interface.msg.GPSStatusMessage(rover_latitude=44.56733703613281, rover_longitude=-123.27360534667969, astronaut_latitude=0.0, astronaut_longitude=0.0)
[simple_position-13] [0m[INFO] [1753506496.463579096] [simple_position]: Received twist, controller present = False[0m
[iris_controller-2] Drive command
[simple_position-13] [0m[INFO] [1753506496.513890392] [simple_position]: Received twist, controller present = False[0m
[iris_controller-2] Drive command
[tower_pan_tilt_control-5] rover2_control_interface.msg.GPSStatusMessage(rover_latitude=44.56733703613281, rover_longitude=-123.27360534667969, astronaut_latitude=0.0, astronaut_longitude=0.0)
[simple_position-13] [0m[INFO] [1753506496.560957784] [simple_position]: Received twist, controller present = False[0m
[move_group-17] [INFO] [1753506496.594993208] [moveit.ros_planning_interface.moveit_cpp]: Loading planning pipeline 'pilz_industrial_motion_planner'
[move_group-17] [INFO] [1753506496.603626872] [moveit.pilz_industrial_motion_planner.joint_limits_aggregator]: Reading limits from namespace robot_description_planning
[iris_controller-2] Drive command
[iris_controller-2] Drive command
[tower_pan_tilt_control-5] rover2_control_interface.msg.GPSStatusMessage(rover_latitude=44.56733703613281, rover_longitude=-123.27360534667969, astronaut_latitude=0.0, astronaut_longitude=0.0)
[simple_position-13] [0m[INFO] [1753506496.657195192] [simple_position]: Received twist, controller present = False[0m
[iris_controller-2] Drive command
[simple_position-13] [0m[INFO] [1753506496.715639096] [simple_position]: Received twist, controller present = False[0m
[simple_position-13] [0m[INFO] [1753506496.724447640] [simple_position]: Received twist, controller present = False[0m
[spawner-19] [INFO] [1753506496.739461912] [spawner_joint_state_broadcaster]: waiting for service /controller_manager/list_controllers to become available...
[tower_pan_tilt_control-5] rover2_control_interface.msg.GPSStatusMessage(rover_latitude=44.56733703613281, rover_longitude=-123.27360534667969, astronaut_latitude=0.0, astronaut_longitude=0.0)
[iris_controller-2] Drive command
[simple_position-13] [0m[INFO] [1753506496.783509592] [simple_position]: Received twist, controller present = False[0m
[joint_position_control-7] [0m[INFO] [1753506496.805176632] [joint_position]: Waiting for MoveGroup action server...[0m
[tower_pan_tilt_control-5] rover2_control_interface.msg.GPSStatusMessage(rover_latitude=44.56733703613281, rover_longitude=-123.27360534667969, astronaut_latitude=0.0, astronaut_longitude=0.0)
[iris_controller-2] Drive command
[simple_position-13] [0m[INFO] [1753506496.870461720] [simple_position]: Received twist, controller present = False[0m
[iris_controller-2] Drive command
[effectors_control-6] No communication with the instrument (no answer)
[tower_pan_tilt_control-5] rover2_control_interface.msg.GPSStatusMessage(rover_latitude=44.56733703613281, rover_longitude=-123.27360534667969, astronaut_latitude=0.0, astronaut_longitude=0.0)
[iris_controller-2] Drive command
[simple_position-13] [0m[INFO] [1753506496.955989880] [simple_position]: Received twist, controller present = False[0m
[iris_controller-2] Drive command
[simple_position-13] [0m[INFO] [1753506497.038273016] [simple_position]: Received twist, controller present = False[0m
[tower_pan_tilt_control-5] rover2_control_interface.msg.GPSStatusMessage(rover_latitude=44.56733703613281, rover_longitude=-123.27360534667969, astronaut_latitude=0.0, astronaut_longitude=0.0)
[iris_controller-2] Drive command
[simple_position-13] [0m[INFO] [1753506497.150394424] [simple_position]: Received twist, controller present = False[0m
[move_group-17] [INFO] [1753506497.179687896] [moveit.pilz_industrial_motion_planner]: Available plugins: pilz_industrial_motion_planner/PlanningContextLoaderCIRC pilz_industrial_motion_planner/PlanningContextLoaderLIN pilz_industrial_motion_planner/PlanningContextLoaderPTP 
[move_group-17] [INFO] [1753506497.179911480] [moveit.pilz_industrial_motion_planner]: About to load: pilz_industrial_motion_planner/PlanningContextLoaderCIRC
[simple_position-13] [0m[INFO] [1753506497.207182456] [simple_position]: Received twist, controller present = False[0m
[move_group-17] [INFO] [1753506497.236425976] [moveit.pilz_industrial_motion_planner]: Registered Algorithm [CIRC]
[move_group-17] [INFO] [1753506497.236497432] [moveit.pilz_industrial_motion_planner]: About to load: pilz_industrial_motion_planner/PlanningContextLoaderLIN
[simple_position-13] [0m[INFO] [1753506497.235989528] [simple_position]: Heading not set[0m
[iris_controller-2] Drive command
[tower_pan_tilt_control-5] rover2_control_interface.msg.GPSStatusMessage(rover_latitude=44.56733703613281, rover_longitude=-123.27360534667969, astronaut_latitude=0.0, astronaut_longitude=0.0)
[move_group-17] [INFO] [1753506497.253897880] [moveit.pilz_industrial_motion_planner]: Registered Algorithm [LIN]
[move_group-17] [INFO] [1753506497.253968952] [moveit.pilz_industrial_motion_planner]: About to load: pilz_industrial_motion_planner/PlanningContextLoaderPTP
[simple_position-13] [0m[INFO] [1753506497.270409720] [simple_position]: Received twist, controller present = False[0m
[iris_controller-2] Drive command
[move_group-17] [INFO] [1753506497.280826744] [moveit.pilz_industrial_motion_planner]: Registered Algorithm [PTP]
[move_group-17] [INFO] [1753506497.280903736] [moveit.ros_planning.planning_pipeline]: Using planning interface 'Pilz Industrial Motion Planner'
[iris_controller-2] Drive command
[simple_position-13] [0m[INFO] [1753506497.311754904] [simple_position]: Received twist, controller present = False[0m
[move_group-17] [INFO] [1753506497.347385048] [moveit.ros_planning_interface.moveit_cpp]: Loading planning pipeline 'chomp_interface'
[iris_controller-2] Drive command
[simple_position-13] [0m[INFO] [1753506497.354771672] [simple_position]: Received twist, controller present = False[0m
[tower_pan_tilt_control-5] rover2_control_interface.msg.GPSStatusMessage(rover_latitude=44.56733703613281, rover_longitude=-123.27360534667969, astronaut_latitude=0.0, astronaut_longitude=0.0)
[ros2_control_node-18] [WARN] [1753506497.361142328] [rover_arm_controller_moveit]: [Deprecated]: "allow_nonzero_velocity_at_trajectory_end" is set to true. The default behavior will change to false.
[imu-12] Sensor offsets set successfully!
[imu-12] {'acc_offset_x': -29, 'acc_offset_y': -38, 'acc_offset_z': -23, 'mag_offset_x': 105, 'mag_offset_y': 135, 'mag_offset_z': -328, 'gyr_offset_x': -1, 'gyr_offset_y': -1, 'gyr_offset_z': -1, 'mag_radius': 732, 'accel_radius': 1000}
[ros2_control_node-18] [INFO] [1753506497.392327832] [controller_manager]: Loading controller 'rover_arm_controller'
[iris_controller-2] Drive command
[move_group-17] [INFO] [1753506497.396835192] [moveit.ros_planning.planning_pipeline]: Multiple planning plugins available. You should specify the '~planning_plugin' parameter. Using 'ompl_interface/OMPLPlanner' for now.
[move_group-17] [INFO] [1753506497.398129048] [moveit.ros_planning.planning_pipeline]: Using planning interface 'OMPL'
[simple_position-13] [0m[INFO] [1753506497.413574136] [simple_position]: Received twist, controller present = False[0m
[simple_position-13] [0m[INFO] [1753506497.422460088] [simple_position]: Received twist, controller present = False[0m
[iris_controller-2] Drive command
[spawner-21] [INFO] [1753506497.454691416] [spawner_rover_arm_controller_moveit]: [94mLoaded [1mrover_arm_controller_moveit[0m
[simple_position-13] [0m[INFO] [1753506497.466356600] [simple_position]: Received twist, controller present = False[0m
[effectors_control-6] No communication with the instrument (no answer)
[tower_pan_tilt_control-5] rover2_control_interface.msg.GPSStatusMessage(rover_latitude=44.56733703613281, rover_longitude=-123.27360534667969, astronaut_latitude=0.0, astronaut_longitude=0.0)
[scimech_sensors-14] [37;1m2025-07-25 22:08:17.470 [31;1m[[37;1mRTPS_TRANSPORT_SHM[31;1m Error] [37mFailed init_port fastrtps_port7413: open_and_lock_file failed[34;1m -> Function [36mopen_port_internal[m
[scimech_sensors-14] [37;1m2025-07-25 22:08:17.471 [31;1m[[37;1mRTPS_TRANSPORT_SHM[31;1m Error] [37mFailed init_port fastrtps_port7415: open_and_lock_file failed[34;1m -> Function [36mopen_port_internal[m
[scimech_sensors-14] [37;1m2025-07-25 22:08:17.475 [31;1m[[37;1mRTPS_TRANSPORT_SHM[31;1m Error] [37mFailed init_port fastrtps_port7447: open_and_lock_file failed[34;1m -> Function [36mopen_port_internal[m
[gripper_control-9] [0m[INFO] [1753506497.583797464] [gripper_can_control]: mode: 3[0m
[gripper_control-9] [0m[INFO] [1753506497.598065720] [gripper_can_control]: set trap_traj mode[0m
[iris_controller-2] Drive command
[iris_controller-2] Drive command
[simple_position-13] [0m[INFO] [1753506497.691722648] [simple_position]: Received twist, controller present = False[0m
[drivetrain_telemetry-31] [INFO] [1753506497.696056952] [odrive_telemetry]: can msgs read: 0
[simple_position-13] [0m[INFO] [1753506497.745901208] [simple_position]: Received twist, controller present = False[0m
[iris_controller-2] Drive command
[tower_pan_tilt_control-5] rover2_control_interface.msg.GPSStatusMessage(rover_latitude=44.56733703613281, rover_longitude=-123.27360534667969, astronaut_latitude=0.0, astronaut_longitude=0.0)
[iris_controller-2] Drive command
[simple_position-13] [0m[INFO] [1753506497.801194936] [simple_position]: Received twist, controller present = False[0m
[simple_position-13] [0m[INFO] [1753506497.846250520] [simple_position]: Received twist, controller present = False[0m
[iris_controller-2] Drive command
[simple_position-13] [0m[INFO] [1753506497.890850040] [simple_position]: Received twist, controller present = False[0m
[iris_controller-2] Drive command
[simple_position-13] [0m[INFO] [1753506497.941258104] [simple_position]: Received twist, controller present = False[0m
[iris_controller-2] Drive command
[tower_pan_tilt_control-5] rover2_control_interface.msg.GPSStatusMessage(rover_latitude=44.56733703613281, rover_longitude=-123.27360534667969, astronaut_latitude=0.0, astronaut_longitude=0.0)
[iris_controller-2] Drive command
[simple_position-13] [0m[INFO] [1753506497.993178776] [simple_position]: Received twist, controller present = False[0m
[simple_position-13] [0m[INFO] [1753506498.021155320] [simple_position]: Received twist, controller present = False[0m
[iris_controller-2] Drive command
[effectors_control-6] No communication with the instrument (no answer)
[iris_controller-2] Drive command
[simple_position-13] [0m[INFO] [1753506498.095490040] [simple_position]: Received twist, controller present = False[0m
[tower_pan_tilt_control-5] rover2_control_interface.msg.GPSStatusMessage(rover_latitude=44.56733703613281, rover_longitude=-123.27360534667969, astronaut_latitude=0.0, astronaut_longitude=0.0)
[iris_controller-2] Drive command
[simple_position-13] [0m[INFO] [1753506498.128233656] [simple_position]: Received twist, controller present = False[0m
[simple_position-13] [0m[INFO] [1753506498.158970712] [simple_position]: Received twist, controller present = False[0m
[iris_controller-2] Drive command
[simple_position-13] [0m[INFO] [1753506498.181429432] [simple_position]: Received twist, controller present = False[0m
[drivetrain_telemetry-31] [INFO] [1753506498.179511000] [odrive_telemetry]: can msgs read: 999
[iris_controller-2] Drive command
[simple_position-13] [0m[INFO] [1753506498.221407448] [simple_position]: Received twist, controller present = False[0m
[simple_position-13] [0m[INFO] [1753506498.250668344] [simple_position]: Current speed: 0.0. Current heading: -22.0[0m
[tower_pan_tilt_control-5] rover2_control_interface.msg.GPSStatusMessage(rover_latitude=44.56733703613281, rover_longitude=-123.27360534667969, astronaut_latitude=0.0, astronaut_longitude=0.0)
[simple_position-13] [0m[INFO] [1753506498.269786392] [simple_position]: Distance covered: 0.0. New lat: 44.56733703613281, new lon: -123.27360534667969[0m
[iris_controller-2] Drive command
[simple_position-13] [0m[INFO] [1753506498.309549880] [simple_position]: Received twist, controller present = False[0m
[iris_controller-2] Drive command
[simple_position-13] [0m[INFO] [1753506498.338739512] [simple_position]: Received twist, controller present = False[0m
[gripper_control-9] [0m[INFO] [1753506498.425380920] [gripper_can_control]: Homed, Position: 301.32257080078125[0m
[gripper_control-9] [0m[INFO] [1753506498.426319256] [gripper_can_control]: Finished Setup[0m
[tower_pan_tilt_control-5] rover2_control_interface.msg.GPSStatusMessage(rover_latitude=44.56733703613281, rover_longitude=-123.27360534667969, astronaut_latitude=0.0, astronaut_longitude=0.0)
[drivetrain_telemetry-31] [INFO] [1753506498.442953912] [odrive_telemetry]: can msgs read: 845
[iris_controller-2] Drive command
[simple_position-13] [0m[INFO] [1753506498.476638776] [simple_position]: Received twist, controller present = False[0m
[simple_position-13] [0m[INFO] [1753506498.528879800] [simple_position]: GPS midpoint loop![0m
[effectors_control-6] No communication with the instrument (no answer)
[iris_controller-2] Drive command
[simple_position-13] [0m[INFO] [1753506498.563417016] [simple_position]: Received twist, controller present = False[0m
[tower_pan_tilt_control-5] rover2_control_interface.msg.GPSStatusMessage(rover_latitude=44.56733703613281, rover_longitude=-123.27360534667969, astronaut_latitude=0.0, astronaut_longitude=0.0)
[drivetrain_telemetry-31] [INFO] [1753506498.686907768] [odrive_telemetry]: can msgs read: 999
[iris_controller-2] Drive command
[drivetrain_telemetry-31] [INFO] [1753506498.736005272] [odrive_telemetry]: can msgs read: 220
[tower_pan_tilt_control-5] rover2_control_interface.msg.GPSStatusMessage(rover_latitude=44.56733703613281, rover_longitude=-123.27360534667969, astronaut_latitude=0.0, astronaut_longitude=0.0)
[simple_position-13] [0m[INFO] [1753506498.747705400] [simple_position]: Received twist, controller present = False[0m
[iris_controller-2] Drive command
[simple_position-13] [0m[INFO] [1753506498.801451672] [simple_position]: Received twist, controller present = False[0m
[iris_controller-2] Drive command
[drivetrain_telemetry-31] [INFO] [1753506498.837501208] [odrive_telemetry]: can msgs read: 386
[simple_position-13] [0m[INFO] [1753506498.887152984] [simple_position]: Received twist, controller present = False[0m
[iris_controller-2] Drive command
[tower_pan_tilt_control-5] rover2_control_interface.msg.GPSStatusMessage(rover_latitude=44.56733703613281, rover_longitude=-123.27360534667969, astronaut_latitude=0.0, astronaut_longitude=0.0)
[ros2_control_node-18] [INFO] [1753506498.895255608] [controller_manager]: Loading controller 'joint_state_broadcaster'
[drill_control-4] [37;1m2025-07-25 22:08:18.905 [31;1m[[37;1mRTPS_TRANSPORT_SHM[31;1m Error] [37mFailed init_port fastrtps_port7413: open_and_lock_file failed[34;1m -> Function [36mopen_port_internal[m
[drill_control-4] [37;1m2025-07-25 22:08:18.907 [31;1m[[37;1mRTPS_TRANSPORT_SHM[31;1m Error] [37mFailed init_port fastrtps_port7415: open_and_lock_file failed[34;1m -> Function [36mopen_port_internal[m
[drill_control-4] [37;1m2025-07-25 22:08:18.913 [31;1m[[37;1mRTPS_TRANSPORT_SHM[31;1m Error] [37mFailed init_port fastrtps_port7447: open_and_lock_file failed[34;1m -> Function [36mopen_port_internal[m
[simple_position-13] [0m[INFO] [1753506498.911023704] [simple_position]: Received twist, controller present = False[0m
[iris_controller-2] Drive command
[spawner-20] [INFO] [1753506498.897772600] [spawner_rover_arm_controller]: [94mLoaded [1mrover_arm_controller[0m
[drivetrain_telemetry-31] [INFO] [1753506498.922897208] [odrive_telemetry]: can msgs read: 374
[simple_position-13] [0m[INFO] [1753506498.925646200] [simple_position]: Received twist, controller present = False[0m
[iris_controller-2] Drive command
[drivetrain_telemetry-31] [INFO] [1753506498.953224952] [odrive_telemetry]: can msgs read: 69
[iris_controller-2] Drive command
[tower_pan_tilt_control-5] rover2_control_interface.msg.GPSStatusMessage(rover_latitude=44.56733703613281, rover_longitude=-123.27360534667969, astronaut_latitude=0.0, astronaut_longitude=0.0)
[iris_controller-2] Drive command
[effectors_control-6] No communication with the instrument (no answer)
[simple_position-13] [0m[INFO] [1753506499.101323320] [simple_position]: Received twist, controller present = False[0m
[move_group-17] [INFO] [1753506499.093069720] [moveit.plugins.moveit_simple_controller_manager]: Added FollowJointTrajectory controller for rover_arm_controller_moveit
[move_group-17] [INFO] [1753506499.095820536] [moveit.plugins.moveit_simple_controller_manager]: Returned 1 controllers in list
[move_group-17] [INFO] [1753506499.099824568] [moveit.plugins.moveit_simple_controller_manager]: Returned 1 controllers in list
[iris_controller-2] Drive command
[simple_position-13] [0m[INFO] [1753506499.119739192] [simple_position]: Received twist, controller present = False[0m
[tower_pan_tilt_control-5] rover2_control_interface.msg.GPSStatusMessage(rover_latitude=44.56733703613281, rover_longitude=-123.27360534667969, astronaut_latitude=0.0, astronaut_longitude=0.0)
[iris_controller-2] Drive command
[simple_position-13] [0m[INFO] [1753506499.196232696] [simple_position]: Received twist, controller present = False[0m
[move_group-17] [INFO] [1753506499.200455896] [moveit_ros.trajectory_execution_manager]: Trajectory execution is managing controllers
[move_group-17] [INFO] [1753506499.200614648] [move_group.move_group]: MoveGroup debug mode is ON
[iris_controller-2] Drive command
[simple_position-13] [0m[INFO] [1753506499.219650232] [simple_position]: Received twist, controller present = False[0m
[tower_pan_tilt_control-5] rover2_control_interface.msg.GPSStatusMessage(rover_latitude=44.56733703613281, rover_longitude=-123.27360534667969, astronaut_latitude=0.0, astronaut_longitude=0.0)
[simple_position-13] [0m[INFO] [1753506499.239709560] [simple_position]: Received twist, controller present = False[0m
[iris_controller-2] Drive command
[simple_position-13] [0m[INFO] [1753506499.277795768] [simple_position]: Current speed: 0.0. Current heading: -22.0[0m
[simple_position-13] [0m[INFO] [1753506499.300878232] [simple_position]: Distance covered: 0.0. New lat: 44.56733703613281, new lon: -123.27360534667969[0m
[iris_controller-2] Drive command
[tower_pan_tilt_control-5] rover2_control_interface.msg.GPSStatusMessage(rover_latitude=44.56733703613281, rover_longitude=-123.27360534667969, astronaut_latitude=0.0, astronaut_longitude=0.0)
[simple_position-13] [0m[INFO] [1753506499.351393240] [simple_position]: Received twist, controller present = False[0m
[iris_controller-2] Drive command
[simple_position-13] [0m[INFO] [1753506499.397384568] [simple_position]: Received twist, controller present = False[0m
[iris_controller-2] Drive command
[drivetrain_telemetry-31] [INFO] [1753506499.428258072] [odrive_telemetry]: can msgs read: 1066
[tower_pan_tilt_control-5] rover2_control_interface.msg.GPSStatusMessage(rover_latitude=44.56733703613281, rover_longitude=-123.27360534667969, astronaut_latitude=0.0, astronaut_longitude=0.0)
[iris_controller-2] Drive command
[simple_position-13] [0m[INFO] [1753506499.472763064] [simple_position]: Received twist, controller present = False[0m
[simple_position-13] [0m[INFO] [1753506499.494712920] [simple_position]: Received twist, controller present = False[0m
[iris_controller-2] Drive command
[simple_position-13] [0m[INFO] [1753506499.522967384] [simple_position]: Received twist, controller present = False[0m
[simple_position-13] [0m[INFO] [1753506499.542985528] [simple_position]: Received twist, controller present = False[0m
[scimech_sensors-14] Traceback (most recent call last):
[scimech_sensors-14]   File "/home/makemorerobot/.local/lib/python3.10/site-packages/serial/serialposix.py", line 322, in open
[scimech_sensors-14]     self.fd = os.open(self.portstr, os.O_RDWR | os.O_NOCTTY | os.O_NONBLOCK)
[scimech_sensors-14] FileNotFoundError: [Errno 2] No such file or directory: '/dev/ttyACM0'
[scimech_sensors-14] 
[scimech_sensors-14] During handling of the above exception, another exception occurred:
[scimech_sensors-14] 
[scimech_sensors-14] Traceback (most recent call last):
[scimech_sensors-14]   File "/home/makemorerobot/Rover_2023_2024/software/install/rover2_odometry/lib/rover2_odometry/scimech_sensors", line 33, in <module>
[scimech_sensors-14]     sys.exit(load_entry_point('rover2-odometry==0.0.0', 'console_scripts', 'scimech_sensors')())
[scimech_sensors-14]   File "/home/makemorerobot/Rover_2023_2024/software/install/rover2_odometry/lib/python3.10/site-packages/rover2_odometry/scimech_sensors.py", line 65, in main
[scimech_sensors-14]     scimech_sensors = ScimechSensors()
[scimech_sensors-14]   File "/home/makemorerobot/Rover_2023_2024/software/install/rover2_odometry/lib/python3.10/site-packages/rover2_odometry/scimech_sensors.py", line 25, in __init__
[scimech_sensors-14]     self.scimech_arduino = serial.Serial('/dev/ttyACM0',9600, timeout=1)
[scimech_sensors-14]   File "/home/makemorerobot/.local/lib/python3.10/site-packages/serial/serialutil.py", line 244, in __init__
[scimech_sensors-14]     self.open()
[scimech_sensors-14]   File "/home/makemorerobot/.local/lib/python3.10/site-packages/serial/serialposix.py", line 325, in open
[scimech_sensors-14]     raise SerialException(msg.errno, "could not open port {}: {}".format(self._port, msg))
[scimech_sensors-14] serial.serialutil.SerialException: [Errno 2] could not open port /dev/ttyACM0: [Errno 2] No such file or directory: '/dev/ttyACM0'
[iris_controller-2] Drive command
[tower_pan_tilt_control-5] rover2_control_interface.msg.GPSStatusMessage(rover_latitude=44.56733703613281, rover_longitude=-123.27360534667969, astronaut_latitude=0.0, astronaut_longitude=0.0)
[simple_position-13] [0m[INFO] [1753506499.574657432] [simple_position]: Received twist, controller present = False[0m
[simple_position-13] [0m[INFO] [1753506499.589389400] [simple_position]: Received twist, controller present = False[0m
[effectors_control-6] No communication with the instrument (no answer)
[iris_controller-2] Drive command
[simple_position-13] [0m[INFO] [1753506499.636910808] [simple_position]: Received twist, controller present = False[0m
[iris_controller-2] Drive command
[tower_pan_tilt_control-5] rover2_control_interface.msg.GPSStatusMessage(rover_latitude=44.56733703613281, rover_longitude=-123.27360534667969, astronaut_latitude=0.0, astronaut_longitude=0.0)
[simple_position-13] [0m[INFO] [1753506499.696168888] [simple_position]: Received twist, controller present = False[0m
[iris_controller-2] Drive command
[simple_position-13] [0m[INFO] [1753506499.734679032] [simple_position]: Received twist, controller present = False[0m
[iris_controller-2] Drive command
[drivetrain_telemetry-31] [INFO] [1753506499.758793464] [odrive_telemetry]: can msgs read: 999
[simple_position-13] [0m[INFO] [1753506499.777794168] [simple_position]: Received twist, controller present = False[0m
[tower_pan_tilt_control-5] rover2_control_interface.msg.GPSStatusMessage(rover_latitude=44.56733703613281, rover_longitude=-123.27360534667969, astronaut_latitude=0.0, astronaut_longitude=0.0)
[iris_controller-2] Drive command
[simple_position-13] [0m[INFO] [1753506499.819353272] [simple_position]: Received twist, controller present = False[0m
[spawner-19] [INFO] [1753506499.838370808] [spawner_joint_state_broadcaster]: [94mLoaded [1mjoint_state_broadcaster[0m
[ros2_control_node-18] [INFO] [1753506499.840622584] [controller_manager]: Configuring controller 'rover_arm_controller_moveit'
[ros2_control_node-18] [INFO] [1753506499.841207672] [rover_arm_controller_moveit]: No specific joint names are used for command interfaces. Using 'joints' parameter.
[ros2_control_node-18] [INFO] [1753506499.841305048] [rover_arm_controller_moveit]: Command interfaces are [position] and state interfaces are [position velocity].
[ros2_control_node-18] [INFO] [1753506499.841372536] [rover_arm_controller_moveit]: Using 'splines' interpolation method.
[ros2_control_node-18] [INFO] [1753506499.860918520] [rover_arm_controller_moveit]: Controller state will be published at 50.00 Hz.
[iris_controller-2] Drive command
[realsense2_camera_node-25] [WARN] [1753506499.880508632] [camera.d405]: No RealSense devices were found!
[simple_position-13] [0m[INFO] [1753506499.882521688] [simple_position]: Received twist, controller present = False[0m
[tower_pan_tilt_control-5] rover2_control_interface.msg.GPSStatusMessage(rover_latitude=44.56733703613281, rover_longitude=-123.27360534667969, astronaut_latitude=0.0, astronaut_longitude=0.0)
[ros2_control_node-18] [INFO] [1753506499.920087896] [rover_arm_controller_moveit]: Action status changes will be monitored at 20.00 Hz.
[iris_controller-2] Drive command
[simple_position-13] [0m[INFO] [1753506499.937743288] [simple_position]: Received twist, controller present = False[0m
[iris_controller-2] Drive command
[simple_position-13] [0m[INFO] [1753506499.963192664] [simple_position]: Received twist, controller present = False[0m
[drivetrain_telemetry-31] [INFO] [1753506499.980933656] [odrive_telemetry]: can msgs read: 981
[iris_controller-2] Drive command
[simple_position-13] [0m[INFO] [1753506500.012063032] [simple_position]: Received twist, controller present = False[0m
[tower_pan_tilt_control-5] rover2_control_interface.msg.GPSStatusMessage(rover_latitude=44.56733703613281, rover_longitude=-123.27360534667969, astronaut_latitude=0.0, astronaut_longitude=0.0)
[drivetrain_telemetry-31] [INFO] [1753506500.020378040] [odrive_telemetry]: can msgs read: 132
[joint_position_control-7] [0m[INFO] [1753506500.069209176] [joint_position]: MoveGroup action server connected![0m
[iris_controller-2] Drive command
[simple_position-13] [0m[INFO] [1753506500.094973240] [simple_position]: Received twist, controller present = False[0m
[iris_controller-2] Drive command
[tower_pan_tilt_control-5] rover2_control_interface.msg.GPSStatusMessage(rover_latitude=44.56733703613281, rover_longitude=-123.27360534667969, astronaut_latitude=0.0, astronaut_longitude=0.0)
[simple_position-13] [0m[INFO] [1753506500.133316440] [simple_position]: Received twist, controller present = False[0m
[effectors_control-6] No communication with the instrument (no answer)
[iris_controller-2] Drive command
[move_group-17] [INFO] [1753506500.178758264] [move_group.move_group]: 
[move_group-17] 
[move_group-17] ********************************************************
[move_group-17] * MoveGroup using: 
[move_group-17] *     - ApplyPlanningSceneService
[move_group-17] *     - ClearOctomapService
[move_group-17] *     - CartesianPathService
[move_group-17] *     - ExecuteTrajectoryAction
[move_group-17] *     - GetPlanningSceneService
[move_group-17] *     - KinematicsService
[move_group-17] *     - MoveAction
[move_group-17] *     - MotionPlanService
[move_group-17] *     - QueryPlannersService
[move_group-17] *     - StateValidationService
[move_group-17] ********************************************************
[move_group-17] 
[move_group-17] [INFO] [1753506500.178953240] [moveit_move_group_capabilities_base.move_group_context]: MoveGroup context using planning plugin ompl_interface/OMPLPlanner
[move_group-17] [INFO] [1753506500.183534072] [moveit_move_group_capabilities_base.move_group_context]: MoveGroup context initialization complete
[move_group-17] [96mLoading 'move_group/ApplyPlanningSceneService'...
[move_group-17] [0m[96mLoading 'move_group/ClearOctomapService'...
[move_group-17] [0m[96mLoading 'move_group/MoveGroupCartesianPathService'...
[move_group-17] [0m[96mLoading 'move_group/MoveGroupExecuteTrajectoryAction'...
[move_group-17] [0m[96mLoading 'move_group/MoveGroupGetPlanningSceneService'...
[move_group-17] [0m[96mLoading 'move_group/MoveGroupKinematicsService'...
[move_group-17] [0m[96mLoading 'move_group/MoveGroupMoveAction'...
[move_group-17] [0m[96mLoading 'move_group/MoveGroupPlanService'...
[move_group-17] [0m[96mLoading 'move_group/MoveGroupQueryPlannersService'...
[move_group-17] [0m[96mLoading 'move_group/MoveGroupStateValidationService'...
[move_group-17] [0m[92m
[move_group-17] You can start planning now!
[move_group-17] 
[simple_position-13] [0m[INFO] [1753506500.193307320] [simple_position]: Received twist, controller present = False[0m
[iris_controller-2] Drive command
[simple_position-13] [0m[INFO] [1753506500.205944984] [simple_position]: Received twist, controller present = False[0m
[tower_pan_tilt_control-5] rover2_control_interface.msg.GPSStatusMessage(rover_latitude=44.56733703613281, rover_longitude=-123.27360534667969, astronaut_latitude=0.0, astronaut_longitude=0.0)
[simple_position-13] [0m[INFO] [1753506500.243085272] [simple_position]: Current speed: 0.0. Current heading: -22.0[0m
[simple_position-13] [0m[INFO] [1753506500.257052504] [simple_position]: Distance covered: 0.0. New lat: 44.56733703613281, new lon: -123.27360534667969[0m
[ros2_control_node-18] [INFO] [1753506500.226735608] [controller_manager]: Configuring controller 'rover_arm_controller'
[ros2_control_node-18] [INFO] [1753506500.229498008] [rover_arm_controller]: configure successful
[ros2_control_node-18] [INFO] [1753506500.237147992] [controller_manager]: Configuring controller 'joint_state_broadcaster'
[ros2_control_node-18] [INFO] [1753506500.237410904] [joint_state_broadcaster]: 'joints' or 'interfaces' parameter is empty. All available state interfaces will be published
[drivetrain_telemetry-31] [INFO] [1753506500.243342904] [odrive_telemetry]: can msgs read: 679
[drivetrain_telemetry-31] [INFO] [1753506500.253036824] [odrive_telemetry]: can msgs read: 13
[iris_controller-2] Drive command
[simple_position-13] [0m[INFO] [1753506500.271946744] [simple_position]: Received twist, controller present = False[0m
[iris_controller-2] Drive command
[drivetrain_telemetry-31] [INFO] [1753506500.309838552] [odrive_telemetry]: can msgs read: 184
[simple_position-13] [0m[INFO] [1753506500.318352792] [simple_position]: Received twist, controller present = False[0m
[drill_control-4] Traceback (most recent call last):
[drill_control-4]   File "/home/makemorerobot/.local/lib/python3.10/site-packages/serial/serialposix.py", line 322, in open
[drill_control-4]     self.fd = os.open(self.portstr, os.O_RDWR | os.O_NOCTTY | os.O_NONBLOCK)
[drill_control-4] FileNotFoundError: [Errno 2] No such file or directory: '/dev/ttyACM0'
[drill_control-4] 
[drill_control-4] During handling of the above exception, another exception occurred:
[drill_control-4] 
[drill_control-4] Traceback (most recent call last):
[drill_control-4]   File "/home/makemorerobot/Rover_2023_2024/software/install/rover2_control/lib/rover2_control/drill_control", line 33, in <module>
[drill_control-4]     sys.exit(load_entry_point('rover2-control==0.0.0', 'console_scripts', 'drill_control')())
[drill_control-4]   File "/home/makemorerobot/Rover_2023_2024/software/install/rover2_control/lib/python3.10/site-packages/rover2_control/drill_control.py", line 87, in main
[drill_control-4]     minimal_subscriber = DrillControl()
[drill_control-4]   File "/home/makemorerobot/Rover_2023_2024/software/install/rover2_control/lib/python3.10/site-packages/rover2_control/drill_control.py", line 31, in __init__
[drill_control-4]     self.arduino = serial.Serial(port="/dev/ttyACM0",baudrate=9600, write_timeout=0)
[drill_control-4]   File "/home/makemorerobot/.local/lib/python3.10/site-packages/serial/serialutil.py", line 244, in __init__
[drill_control-4]     self.open()
[drill_control-4]   File "/home/makemorerobot/.local/lib/python3.10/site-packages/serial/serialposix.py", line 325, in open
[drill_control-4]     raise SerialException(msg.errno, "could not open port {}: {}".format(self._port, msg))
[drill_control-4] serial.serialutil.SerialException: [Errno 2] could not open port /dev/ttyACM0: [Errno 2] No such file or directory: '/dev/ttyACM0'
[ros2_control_node-18] [INFO] [1753506500.344843288] [ODriveHardwareInterface]: Setting base_joint to position control
[ros2_control_node-18] [INFO] [1753506500.345038456] [ODriveHardwareInterface]: Setting shoulder_joint to position control
[ros2_control_node-18] [INFO] [1753506500.345075224] [ODriveHardwareInterface]: Setting elbow_pitch_joint to position control
[ros2_control_node-18] [INFO] [1753506500.345104120] [ODriveHardwareInterface]: Setting elbow_roll_joint to position control
[ros2_control_node-18] [INFO] [1753506500.345126808] [ODriveHardwareInterface]: Setting wrist_pitch_joint to position control
[ros2_control_node-18] [INFO] [1753506500.345139864] [ODriveHardwareInterface]: Setting wrist_roll_joint to position control
[ros2_control_node-18] [INFO] [1753506500.345297432] [rover_arm_controller]: activate successful
[ros2_control_node-18] Failed to send CAN frame
[ros2_control_node-18] Failed to send CAN frame
[tower_pan_tilt_control-5] rover2_control_interface.msg.GPSStatusMessage(rover_latitude=44.56733703613281, rover_longitude=-123.27360534667969, astronaut_latitude=0.0, astronaut_longitude=0.0)
[iris_controller-2] Drive command
[simple_position-13] [0m[INFO] [1753506500.364615480] [simple_position]: Received twist, controller present = False[0m
[drivetrain_telemetry-31] [INFO] [1753506500.355984888] [odrive_telemetry]: can msgs read: 211
[spawner-20] [INFO] [1753506500.356803064] [spawner_rover_arm_controller]: [92mConfigured and activated [1mrover_arm_controller[0m
[ros2_control_node-18] [INFO] [1753506500.364780408] [ODriveHardwareInterface]: Setting base_joint to position control
[ros2_control_node-18] [INFO] [1753506500.364892504] [ODriveHardwareInterface]: Setting shoulder_joint to position control
[ros2_control_node-18] [INFO] [1753506500.364927576] [ODriveHardwareInterface]: Setting elbow_pitch_joint to position control
[ros2_control_node-18] [INFO] [1753506500.364942744] [ODriveHardwareInterface]: Setting elbow_roll_joint to position control
[ros2_control_node-18] [INFO] [1753506500.365039256] [ODriveHardwareInterface]: Setting wrist_pitch_joint to position control
[ros2_control_node-18] [INFO] [1753506500.365059000] [ODriveHardwareInterface]: Setting wrist_roll_joint to position control
[ros2_control_node-18] Failed to send CAN frame
[ros2_control_node-18] Failed to send CAN frame
[ros2_control_node-18] Failed to send CAN frame
[ros2_control_node-18] [ERROR] [1753506500.365111576] [controller_manager]: Resource conflict for controller 'rover_arm_controller_moveit'. Command interface 'base_joint/position' is already claimed.
[ros2_control_node-18] Failed to send CAN frame
[ros2_control_node-18] Failed to send CAN frame
[ros2_control_node-18] Failed to send CAN frame
[ros2_control_node-18] Failed to send CAN frame
[ros2_control_node-18] Failed to send CAN frame
[ros2_control_node-18] Failed to send CAN frame
[spawner-21] [INFO] [1753506500.376785816] [spawner_rover_arm_controller_moveit]: [92mConfigured and activated [1mrover_arm_controller_moveit[0m
[iris_controller-2] Drive command
[spawner-19] [INFO] [1753506500.407424696] [spawner_joint_state_broadcaster]: [92mConfigured and activated [1mjoint_state_broadcaster[0m
[drivetrain_telemetry-31] [INFO] [1753506500.452169304] [odrive_telemetry]: can msgs read: 371
[simple_position-13] [0m[INFO] [1753506500.452988632] [simple_position]: Received twist, controller present = False[0m
[iris_controller-2] Drive command
[simple_position-13] [0m[INFO] [1753506500.459272024] [simple_position]: Received twist, controller present = False[0m
[tower_pan_tilt_control-5] rover2_control_interface.msg.GPSStatusMessage(rover_latitude=44.56733703613281, rover_longitude=-123.27360534667969, astronaut_latitude=0.0, astronaut_longitude=0.0)
[iris_controller-2] Drive command
[simple_position-13] [0m[INFO] [1753506500.510945272] [simple_position]: Received twist, controller present = False[0m
[drivetrain_telemetry-31] [INFO] [1753506500.531338072] [odrive_telemetry]: can msgs read: 262
[ros2_control_node-18] Failed to send CAN frame
[ros2_control_node-18] Failed to send CAN frame
[ros2_control_node-18] Failed to send CAN frame
[ros2_control_node-18] Failed to send CAN frame
[ros2_control_node-18] Failed to send CAN frame
[ros2_control_node-18] Failed to send CAN frame
[iris_controller-2] Drive command
[drivetrain_telemetry-31] [INFO] [1753506500.564094360] [odrive_telemetry]: can msgs read: 98
[ros2_control_node-18] Failed to send CAN frame
[ros2_control_node-18] Failed to send CAN frame
[ros2_control_node-18] Failed to send CAN frame
[ros2_control_node-18] Failed to send CAN frame
[ros2_control_node-18] Failed to send CAN frame
[ERROR] [scimech_sensors-14]: process has died [pid 12225, exit code 1, cmd '/home/makemorerobot/Rover_2023_2024/software/install/rover2_odometry/lib/rover2_odometry/scimech_sensors --ros-args -r __node:=scimech_sensors'].
[INFO] [scimech_sensors-14]: process started with pid [12272]
[simple_position-13] [0m[INFO] [1753506500.594694008] [simple_position]: Received twist, controller present = False[0m
[simple_position-13] [0m[INFO] [1753506500.623502168] [simple_position]: Received twist, controller present = False[0m
[ros2_control_node-18] Failed to send CAN frame
[ros2_control_node-18] Failed to send CAN frame
[ros2_control_node-18] Failed to send CAN frame
[iris_controller-2] Drive command
[tower_pan_tilt_control-5] rover2_control_interface.msg.GPSStatusMessage(rover_latitude=44.56733703613281, rover_longitude=-123.27360534667969, astronaut_latitude=0.0, astronaut_longitude=0.0)
[drivetrain_telemetry-31] [INFO] [1753506500.611443320] [odrive_telemetry]: can msgs read: 188
[iris_controller-2] Drive command
[drivetrain_telemetry-31] [INFO] [1753506500.658799896] [odrive_telemetry]: can msgs read: 190
[ros2_control_node-18] Failed to send CAN frame
[ros2_control_node-18] Failed to send CAN frame
[ros2_control_node-18] Failed to send CAN frame
[ros2_control_node-18] Failed to send CAN frame
[effectors_control-6] No communication with the instrument (no answer)
[ros2_control_node-18] Failed to send CAN frame
[drivetrain_telemetry-31] [INFO] [1753506500.710845752] [odrive_telemetry]: can msgs read: 204
[ros2_control_node-18] Failed to send CAN frame
[ros2_control_node-18] Failed to send CAN frame
[ros2_control_node-18] Failed to send CAN frame
[ros2_control_node-18] Failed to send CAN frame
[ros2_control_node-18] Failed to send CAN frame
[simple_position-13] [0m[INFO] [1753506500.721118712] [simple_position]: Received twist, controller present = False[0m
[iris_controller-2] Drive command
[simple_position-13] [0m[INFO] [1753506500.734319128] [simple_position]: Received twist, controller present = False[0m
[ros2_control_node-18] Failed to send CAN frame
[ros2_control_node-18] Failed to send CAN frame
[ros2_control_node-18] Failed to send CAN frame
[ros2_control_node-18] Failed to send CAN frame
[ros2_control_node-18] Failed to send CAN frame
[ros2_control_node-18] Failed to send CAN frame
[ros2_control_node-18] Failed to send CAN frame
[drivetrain_telemetry-31] [INFO] [1753506500.751344696] [odrive_telemetry]: can msgs read: 157
[ros2_control_node-18] Failed to send CAN frame
[tower_pan_tilt_control-5] rover2_control_interface.msg.GPSStatusMessage(rover_latitude=44.56733703613281, rover_longitude=-123.27360534667969, astronaut_latitude=0.0, astronaut_longitude=0.0)
[ros2_control_node-18] Failed to send CAN frame
[ros2_control_node-18] Failed to send CAN frame
[ros2_control_node-18] Failed to send CAN frame
[iris_controller-2] Drive command
[ros2_control_node-18] Failed to send CAN frame
[ros2_control_node-18] Failed to send CAN frame
[ros2_control_node-18] Failed to send CAN frame
[ros2_control_node-18] Failed to send CAN frame
[ros2_control_node-18] Failed to send CAN frame
[simple_position-13] [0m[INFO] [1753506500.775685816] [simple_position]: Received twist, controller present = False[0m
[ros2_control_node-18] Failed to send CAN frame
[ros2_control_node-18] Failed to send CAN frame
[ros2_control_node-18] Failed to send CAN frame
[ros2_control_node-18] Failed to send CAN frame
[drivetrain_telemetry-31] [INFO] [1753506500.798373528] [odrive_telemetry]: can msgs read: 180
[iris_controller-2] Drive command
[simple_position-13] [0m[INFO] [1753506500.815347352] [simple_position]: Received twist, controller present = False[0m
[gripper_control-9] Traceback (most recent call last):
[gripper_control-9]   File "/home/makemorerobot/.local/lib/python3.10/site-packages/can/interfaces/socketcan/socketcan.py", line 808, in _send_once
[gripper_control-9]     sent = self.socket.send(data)
[gripper_control-9] OSError: [Errno 105] No buffer space available
[gripper_control-9] 
[gripper_control-9] The above exception was the direct cause of the following exception:
[gripper_control-9] 
[gripper_control-9] Traceback (most recent call last):
[gripper_control-9]   File "/home/makemorerobot/Rover_2023_2024/software/install/rover2_control/lib/rover2_control/gripper_control", line 33, in <module>
[gripper_control-9]     sys.exit(load_entry_point('rover2-control==0.0.0', 'console_scripts', 'gripper_control')())
[gripper_control-9]   File "/home/makemorerobot/Rover_2023_2024/software/install/rover2_control/lib/python3.10/site-packages/rover2_control/gripper_control.py", line 522, in main
[gripper_control-9]     rclpy.spin(gripper_node)
[gripper_control-9]   File "/opt/ros/humble/local/lib/python3.10/dist-packages/rclpy/__init__.py", line 226, in spin
[gripper_control-9]     executor.spin_once()
[gripper_control-9]   File "/opt/ros/humble/local/lib/python3.10/dist-packages/rclpy/executors.py", line 739, in spin_once
[gripper_control-9]     self._spin_once_impl(timeout_sec)
[gripper_control-9]   File "/opt/ros/humble/local/lib/python3.10/dist-packages/rclpy/executors.py", line 736, in _spin_once_impl
[gripper_control-9]     raise handler.exception()
[gripper_control-9]   File "/opt/ros/humble/local/lib/python3.10/dist-packages/rclpy/task.py", line 239, in __call__
[gripper_control-9]     self._handler.send(None)
[gripper_control-9]   File "/opt/ros/humble/local/lib/python3.10/dist-packages/rclpy/executors.py", line 437, in handler
[gripper_control-9]     await call_coroutine(entity, arg)
[gripper_control-9]   File "/opt/ros/humble/local/lib/python3.10/dist-packages/rclpy/executors.py", line 351, in _execute_timer
[gripper_control-9]     await await_or_execute(tmr.callback)
[gripper_control-9]   File "/opt/ros/humble/local/lib/python3.10/dist-packages/rclpy/executors.py", line 107, in await_or_execute
[gripper_control-9]     return callback(*args)
[gripper_control-9]   File "/home/makemorerobot/Rover_2023_2024/software/install/rover2_control/lib/python3.10/site-packages/rover2_control/gripper_control.py", line 121, in timer_callback
[gripper_control-9]     self.send_position(self.pos_setpoint)
[gripper_control-9]   File "/home/makemorerobot/Rover_2023_2024/software/install/rover2_control/lib/python3.10/site-packages/rover2_control/gripper_control.py", line 282, in send_position
[gripper_control-9]     self.bus.send(can.Message(
[gripper_control-9]   File "/home/makemorerobot/.local/lib/python3.10/site-packages/can/interfaces/socketcan/socketcan.py", line 793, in send
[gripper_control-9]     sent = self._send_once(data, channel)
[gripper_control-9]   File "/home/makemorerobot/.local/lib/python3.10/site-packages/can/interfaces/socketcan/socketcan.py", line 810, in _send_once
[gripper_control-9]     raise can.CanOperationError(
[gripper_control-9] can.exceptions.CanOperationError: Failed to transmit: No buffer space available [Error Code 105]
[iris_controller-2] Drive command
[drivetrain_telemetry-31] [INFO] [1753506500.866872472] [odrive_telemetry]: can msgs read: 267
[simple_position-13] [0m[INFO] [1753506500.878772024] [simple_position]: Received twist, controller present = False[0m
[tower_pan_tilt_control-5] rover2_control_interface.msg.GPSStatusMessage(rover_latitude=44.56733703613281, rover_longitude=-123.27360534667969, astronaut_latitude=0.0, astronaut_longitude=0.0)
[drivetrain_telemetry-31] [INFO] [1753506500.898168760] [odrive_telemetry]: can msgs read: 109
[iris_controller-2] Drive command
[simple_position-13] [0m[INFO] [1753506500.906129464] [simple_position]: Received twist, controller present = False[0m
[ERROR] [drill_control-4]: process has died [pid 12154, exit code 1, cmd '/home/makemorerobot/Rover_2023_2024/software/install/rover2_control/lib/rover2_control/drill_control --ros-args -r __node:=drill_control'].
[INFO] [drill_control-4]: process started with pid [12274]
[drivetrain_telemetry-31] [INFO] [1753506500.948060984] [odrive_telemetry]: can msgs read: 186
[iris_controller-2] Drive command
[simple_position-13] [0m[INFO] [1753506500.960541208] [simple_position]: Received twist, controller present = False[0m
[INFO] [spawner-19]: process has finished cleanly [pid 11810]
[INFO] [spawner-20]: process has finished cleanly [pid 11818]
[tower_pan_tilt_control-5] rover2_control_interface.msg.GPSStatusMessage(rover_latitude=44.56733703613281, rover_longitude=-123.27360534667969, astronaut_latitude=0.0, astronaut_longitude=0.0)
[drivetrain_telemetry-31] [INFO] [1753506500.998291672] [odrive_telemetry]: can msgs read: 181
[iris_controller-2] Drive command
[simple_position-13] [0m[INFO] [1753506501.004945944] [simple_position]: Received twist, controller present = False[0m
[INFO] [spawner-21]: process has finished cleanly [pid 11823]
[drivetrain_telemetry-31] [INFO] [1753506501.051871064] [odrive_telemetry]: can msgs read: 185
[iris_controller-2] Drive command
[simple_position-13] [0m[INFO] [1753506501.063203576] [simple_position]: Received twist, controller present = False[0m
[drivetrain_telemetry-31] [INFO] [1753506501.099685688] [odrive_telemetry]: can msgs read: 205
[scimech_sensors-14] [37;1m2025-07-25 22:08:21.103 [31;1m[[37;1mRTPS_TRANSPORT_SHM[31;1m Error] [37mFailed init_port fastrtps_port7413: open_and_lock_file failed[34;1m -> Function [36mopen_port_internal[m
[scimech_sensors-14] [37;1m2025-07-25 22:08:21.104 [31;1m[[37;1mRTPS_TRANSPORT_SHM[31;1m Error] [37mFailed init_port fastrtps_port7415: open_and_lock_file failed[34;1m -> Function [36mopen_port_internal[m
[iris_controller-2] Drive command
[simple_position-13] [0m[INFO] [1753506501.113685752] [simple_position]: Received twist, controller present = False[0m
[tower_pan_tilt_control-5] rover2_control_interface.msg.GPSStatusMessage(rover_latitude=44.56733703613281, rover_longitude=-123.27360534667969, astronaut_latitude=0.0, astronaut_longitude=0.0)
[scimech_sensors-14] [37;1m2025-07-25 22:08:21.121 [31;1m[[37;1mRTPS_TRANSPORT_SHM[31;1m Error] [37mFailed init_port fastrtps_port7447: open_and_lock_file failed[34;1m -> Function [36mopen_port_internal[m
[drivetrain_telemetry-31] [INFO] [1753506501.198250872] [odrive_telemetry]: can msgs read: 229
[drivetrain_telemetry-31] [INFO] [1753506501.213116664] [odrive_telemetry]: can msgs read: 192
[effectors_control-6] No communication with the instrument (no answer)
[simple_position-13] [0m[INFO] [1753506501.228664760] [simple_position]: Current speed: 0.0. Current heading: -22.0[0m
[simple_position-13] [0m[INFO] [1753506501.232867224] [simple_position]: Distance covered: 0.0. New lat: 44.56733703613281, new lon: -123.27360534667969[0m
[ERROR] [gripper_control-9]: process has died [pid 11775, exit code 1, cmd '/home/makemorerobot/Rover_2023_2024/software/install/rover2_control/lib/rover2_control/gripper_control --ros-args -r __node:=gripper_can_control --params-file /tmp/launch_params_wmolocs3'].
[INFO] [gripper_control-9]: process started with pid [12286]
[drivetrain_telemetry-31] [INFO] [1753506501.253144440] [odrive_telemetry]: can msgs read: 118
[iris_controller-2] Drive command
[simple_position-13] [0m[INFO] [1753506501.293231576] [simple_position]: Received twist, controller present = False[0m
[drivetrain_telemetry-31] [INFO] [1753506501.301123640] [odrive_telemetry]: can msgs read: 188
[iris_controller-2] Drive command
[simple_position-13] [0m[INFO] [1753506501.322050296] [simple_position]: Received twist, controller present = False[0m
[tower_pan_tilt_control-5] rover2_control_interface.msg.GPSStatusMessage(rover_latitude=44.56733703613281, rover_longitude=-123.27360534667969, astronaut_latitude=0.0, astronaut_longitude=0.0)
[scimech_sensors-14] Traceback (most recent call last):
[scimech_sensors-14]   File "/home/makemorerobot/.local/lib/python3.10/site-packages/serial/serialposix.py", line 322, in open
[scimech_sensors-14]     self.fd = os.open(self.portstr, os.O_RDWR | os.O_NOCTTY | os.O_NONBLOCK)
[scimech_sensors-14] FileNotFoundError: [Errno 2] No such file or directory: '/dev/ttyACM0'
[scimech_sensors-14] 
[scimech_sensors-14] During handling of the above exception, another exception occurred:
[scimech_sensors-14] 
[scimech_sensors-14] Traceback (most recent call last):
[scimech_sensors-14]   File "/home/makemorerobot/Rover_2023_2024/software/install/rover2_odometry/lib/rover2_odometry/scimech_sensors", line 33, in <module>
[scimech_sensors-14]     sys.exit(load_entry_point('rover2-odometry==0.0.0', 'console_scripts', 'scimech_sensors')())
[scimech_sensors-14]   File "/home/makemorerobot/Rover_2023_2024/software/install/rover2_odometry/lib/python3.10/site-packages/rover2_odometry/scimech_sensors.py", line 65, in main
[scimech_sensors-14]     scimech_sensors = ScimechSensors()
[scimech_sensors-14]   File "/home/makemorerobot/Rover_2023_2024/software/install/rover2_odometry/lib/python3.10/site-packages/rover2_odometry/scimech_sensors.py", line 25, in __init__
[scimech_sensors-14]     self.scimech_arduino = serial.Serial('/dev/ttyACM0',9600, timeout=1)
[scimech_sensors-14]   File "/home/makemorerobot/.local/lib/python3.10/site-packages/serial/serialutil.py", line 244, in __init__
[scimech_sensors-14]     self.open()
[scimech_sensors-14]   File "/home/makemorerobot/.local/lib/python3.10/site-packages/serial/serialposix.py", line 325, in open
[scimech_sensors-14]     raise SerialException(msg.errno, "could not open port {}: {}".format(self._port, msg))
[scimech_sensors-14] serial.serialutil.SerialException: [Errno 2] could not open port /dev/ttyACM0: [Errno 2] No such file or directory: '/dev/ttyACM0'
[drivetrain_telemetry-31] [INFO] [1753506501.349931992] [odrive_telemetry]: can msgs read: 184
[iris_controller-2] Drive command
[simple_position-13] [0m[INFO] [1753506501.370004344] [simple_position]: Received twist, controller present = False[0m
[drivetrain_telemetry-31] [INFO] [1753506501.398243160] [odrive_telemetry]: can msgs read: 187
[iris_controller-2] Drive command
[drill_control-4] [37;1m2025-07-25 22:08:21.407 [31;1m[[37;1mRTPS_TRANSPORT_SHM[31;1m Error] [37mFailed init_port fastrtps_port7413: open_and_lock_file failed[34;1m -> Function [36mopen_port_internal[m
[drill_control-4] [37;1m2025-07-25 22:08:21.407 [31;1m[[37;1mRTPS_TRANSPORT_SHM[31;1m Error] [37mFailed init_port fastrtps_port7415: open_and_lock_file failed[34;1m -> Function [36mopen_port_internal[m
[drill_control-4] [37;1m2025-07-25 22:08:21.410 [31;1m[[37;1mRTPS_TRANSPORT_SHM[31;1m Error] [37mFailed init_port fastrtps_port7447: open_and_lock_file failed[34;1m -> Function [36mopen_port_internal[m
[simple_position-13] [0m[INFO] [1753506501.410180952] [simple_position]: Received twist, controller present = False[0m
[tower_pan_tilt_control-5] rover2_control_interface.msg.GPSStatusMessage(rover_latitude=44.56733703613281, rover_longitude=-123.27360534667969, astronaut_latitude=0.0, astronaut_longitude=0.0)
[drivetrain_telemetry-31] [INFO] [1753506501.493968536] [odrive_telemetry]: can msgs read: 360
[iris_controller-2] Drive command
[simple_position-13] [0m[INFO] [1753506501.507284760] [simple_position]: Received twist, controller present = False[0m
[drivetrain_telemetry-31] [INFO] [1753506501.505311480] [odrive_telemetry]: can msgs read: 52
[drivetrain_telemetry-31] [INFO] [1753506501.547992824] [odrive_telemetry]: can msgs read: 146
[iris_controller-2] Drive command
[simple_position-13] [0m[INFO] [1753506501.565475608] [simple_position]: Received twist, controller present = False[0m
[tower_pan_tilt_control-5] rover2_control_interface.msg.GPSStatusMessage(rover_latitude=44.56733703613281, rover_longitude=-123.27360534667969, astronaut_latitude=0.0, astronaut_longitude=0.0)
[iris_controller-2] Drive command
[simple_position-13] [0m[INFO] [1753506501.597329304] [simple_position]: Received twist, controller present = False[0m
[drivetrain_telemetry-31] [INFO] [1753506501.599892152] [odrive_telemetry]: can msgs read: 187
[iris_controller-2] Drive command
[simple_position-13] [0m[INFO] [1753506501.643098328] [simple_position]: Received twist, controller present = False[0m
[drivetrain_telemetry-31] [INFO] [1753506501.648947928] [odrive_telemetry]: can msgs read: 184
[drill_control-4] Traceback (most recent call last):
[drill_control-4]   File "/home/makemorerobot/.local/lib/python3.10/site-packages/serial/serialposix.py", line 322, in open
[drill_control-4]     self.fd = os.open(self.portstr, os.O_RDWR | os.O_NOCTTY | os.O_NONBLOCK)
[drill_control-4] FileNotFoundError: [Errno 2] No such file or directory: '/dev/ttyACM0'
[drill_control-4] 
[drill_control-4] During handling of the above exception, another exception occurred:
[drill_control-4] 
[drill_control-4] Traceback (most recent call last):
[drill_control-4]   File "/home/makemorerobot/Rover_2023_2024/software/install/rover2_control/lib/rover2_control/drill_control", line 33, in <module>
[drill_control-4]     sys.exit(load_entry_point('rover2-control==0.0.0', 'console_scripts', 'drill_control')())
[drill_control-4]   File "/home/makemorerobot/Rover_2023_2024/software/install/rover2_control/lib/python3.10/site-packages/rover2_control/drill_control.py", line 87, in main
[drill_control-4]     minimal_subscriber = DrillControl()
[drill_control-4]   File "/home/makemorerobot/Rover_2023_2024/software/install/rover2_control/lib/python3.10/site-packages/rover2_control/drill_control.py", line 31, in __init__
[drill_control-4]     self.arduino = serial.Serial(port="/dev/ttyACM0",baudrate=9600, write_timeout=0)
[drill_control-4]   File "/home/makemorerobot/.local/lib/python3.10/site-packages/serial/serialutil.py", line 244, in __init__
[drill_control-4]     self.open()
[drill_control-4]   File "/home/makemorerobot/.local/lib/python3.10/site-packages/serial/serialposix.py", line 325, in open
[drill_control-4]     raise SerialException(msg.errno, "could not open port {}: {}".format(self._port, msg))
[drill_control-4] serial.serialutil.SerialException: [Errno 2] could not open port /dev/ttyACM0: [Errno 2] No such file or directory: '/dev/ttyACM0'
[iris_controller-2] Drive command
[simple_position-13] [0m[INFO] [1753506501.673134232] [simple_position]: Received twist, controller present = False[0m
[ERROR] [scimech_sensors-14]: process has died [pid 12272, exit code 1, cmd '/home/makemorerobot/Rover_2023_2024/software/install/rover2_odometry/lib/rover2_odometry/scimech_sensors --ros-args -r __node:=scimech_sensors'].
[drivetrain_telemetry-31] [INFO] [1753506501.702324856] [odrive_telemetry]: can msgs read: 215
[INFO] [scimech_sensors-14]: process started with pid [12305]
[iris_controller-2] Drive command
[simple_position-13] [0m[INFO] [1753506501.707460088] [simple_position]: Received twist, controller present = False[0m
[tower_pan_tilt_control-5] rover2_control_interface.msg.GPSStatusMessage(rover_latitude=44.56733703613281, rover_longitude=-123.27360534667969, astronaut_latitude=0.0, astronaut_longitude=0.0)
[drivetrain_telemetry-31] [INFO] [1753506501.747977080] [odrive_telemetry]: can msgs read: 164
[effectors_control-6] No communication with the instrument (no answer)
[iris_controller-2] Drive command
[simple_position-13] [0m[INFO] [1753506501.763319960] [simple_position]: Received twist, controller present = False[0m
[drivetrain_telemetry-31] [INFO] [1753506501.798171800] [odrive_telemetry]: can msgs read: 186
[iris_controller-2] Drive command
[simple_position-13] [0m[INFO] [1753506501.806042424] [simple_position]: Received twist, controller present = False[0m
[simple_position-13] [0m[INFO] [1753506501.830006328] [simple_position]: GPS midpoint loop![0m
[tower_pan_tilt_control-5] rover2_control_interface.msg.GPSStatusMessage(rover_latitude=44.56733703613281, rover_longitude=-123.27360534667969, astronaut_latitude=0.0, astronaut_longitude=0.0)
[drivetrain_telemetry-31] [INFO] [1753506501.848426616] [odrive_telemetry]: can msgs read: 182
[iris_controller-2] Drive command
[simple_position-13] [0m[INFO] [1753506501.856923608] [simple_position]: Received twist, controller present = False[0m
[drivetrain_telemetry-31] [INFO] [1753506501.898816056] [odrive_telemetry]: can msgs read: 189
[iris_controller-2] Drive command
[simple_position-13] [0m[INFO] [1753506501.907347224] [simple_position]: Received twist, controller present = False[0m
[gripper_control-9] [37;1m2025-07-25 22:08:21.923 [31;1m[[37;1mRTPS_TRANSPORT_SHM[31;1m Error] [37mFailed init_port fastrtps_port7413: open_and_lock_file failed[34;1m -> Function [36mopen_port_internal[m
[gripper_control-9] [37;1m2025-07-25 22:08:21.924 [31;1m[[37;1mRTPS_TRANSPORT_SHM[31;1m Error] [37mFailed init_port fastrtps_port7415: open_and_lock_file failed[34;1m -> Function [36mopen_port_internal[m
[gripper_control-9] [37;1m2025-07-25 22:08:21.927 [31;1m[[37;1mRTPS_TRANSPORT_SHM[31;1m Error] [37mFailed init_port fastrtps_port7447: open_and_lock_file failed[34;1m -> Function [36mopen_port_internal[m
[drivetrain_telemetry-31] [INFO] [1753506501.963816472] [odrive_telemetry]: can msgs read: 244
[tower_pan_tilt_control-5] rover2_control_interface.msg.GPSStatusMessage(rover_latitude=44.56733703613281, rover_longitude=-123.27360534667969, astronaut_latitude=0.0, astronaut_longitude=0.0)
[iris_controller-2] Drive command
[simple_position-13] [0m[INFO] [1753506501.986307448] [simple_position]: Received twist, controller present = False[0m
[drivetrain_telemetry-31] [INFO] [1753506501.999479512] [odrive_telemetry]: can msgs read: 135
[iris_controller-2] Drive command
[scimech_sensors-14] [37;1m2025-07-25 22:08:22.014 [31;1m[[37;1mRTPS_TRANSPORT_SHM[31;1m Error] [37mFailed init_port fastrtps_port7413: open_and_lock_file failed[34;1m -> Function [36mopen_port_internal[m
[scimech_sensors-14] [37;1m2025-07-25 22:08:22.014 [31;1m[[37;1mRTPS_TRANSPORT_SHM[31;1m Error] [37mFailed init_port fastrtps_port7415: open_and_lock_file failed[34;1m -> Function [36mopen_port_internal[m
[scimech_sensors-14] [37;1m2025-07-25 22:08:22.019 [31;1m[[37;1mRTPS_TRANSPORT_SHM[31;1m Error] [37mFailed init_port fastrtps_port7447: open_and_lock_file failed[34;1m -> Function [36mopen_port_internal[m
[simple_position-13] [0m[INFO] [1753506502.019194872] [simple_position]: Received twist, controller present = False[0m
[drivetrain_telemetry-31] [INFO] [1753506502.057442232] [odrive_telemetry]: can msgs read: 213
[iris_controller-2] Drive command
[simple_position-13] [0m[INFO] [1753506502.090276984] [simple_position]: Received twist, controller present = False[0m
[drivetrain_telemetry-31] [INFO] [1753506502.099131416] [odrive_telemetry]: can msgs read: 152
[tower_pan_tilt_control-5] rover2_control_interface.msg.GPSStatusMessage(rover_latitude=44.56733703613281, rover_longitude=-123.27360534667969, astronaut_latitude=0.0, astronaut_longitude=0.0)
[ERROR] [drill_control-4]: process has died [pid 12274, exit code 1, cmd '/home/makemorerobot/Rover_2023_2024/software/install/rover2_control/lib/rover2_control/drill_control --ros-args -r __node:=drill_control'].
[INFO] [drill_control-4]: process started with pid [12327]
[iris_controller-2] Drive command
[drivetrain_telemetry-31] [INFO] [1753506502.184756536] [odrive_telemetry]: can msgs read: 171
[simple_position-13] [0m[INFO] [1753506502.189421208] [simple_position]: Received twist, controller present = False[0m
[drivetrain_telemetry-31] [INFO] [1753506502.212099800] [odrive_telemetry]: can msgs read: 259
[simple_position-13] [0m[INFO] [1753506502.228739544] [simple_position]: Current speed: 0.0. Current heading: -22.0[0m
[simple_position-13] [0m[INFO] [1753506502.234361912] [simple_position]: Distance covered: 0.0. New lat: 44.56733703613281, new lon: -123.27360534667969[0m
[iris_controller-2] Drive command
[effectors_control-6] No communication with the instrument (no answer)
[effectors_control-6] Gripper not present. Trying mining.
[tower_pan_tilt_control-5] rover2_control_interface.msg.GPSStatusMessage(rover_latitude=44.56733703613281, rover_longitude=-123.27360534667969, astronaut_latitude=0.0, astronaut_longitude=0.0)
[simple_position-13] [0m[INFO] [1753506502.322683352] [simple_position]: Received twist, controller present = False[0m
[iris_controller-2] Drive command
[simple_position-13] [0m[INFO] [1753506502.343921240] [simple_position]: Received twist, controller present = False[0m
[drivetrain_telemetry-31] [INFO] [1753506502.377510040] [odrive_telemetry]: can msgs read: 432
[iris_controller-2] Drive command
[simple_position-13] [0m[INFO] [1753506502.401591704] [simple_position]: Received twist, controller present = False[0m
[tower_pan_tilt_control-5] rover2_control_interface.msg.GPSStatusMessage(rover_latitude=44.56733703613281, rover_longitude=-123.27360534667969, astronaut_latitude=0.0, astronaut_longitude=0.0)
[drivetrain_telemetry-31] [INFO] [1753506502.403611032] [odrive_telemetry]: can msgs read: 65
[iris_controller-2] Drive command
[simple_position-13] [0m[INFO] [1753506502.439408760] [simple_position]: Received twist, controller present = False[0m
[gripper_control-9] [0m[INFO] [1753506502.448975672] [gripper_can_control]: Starting Setup of Odrive[0m
[gripper_control-9] [0m[INFO] [1753506502.450140120] [gripper_can_control]: Start Homing Sequence[0m
[gripper_control-9] [0m[INFO] [1753506502.450882392] [gripper_can_control]: mode: 2[0m
[drivetrain_telemetry-31] [INFO] [1753506502.454210040] [odrive_telemetry]: can msgs read: 216
[iris_controller-2] Drive command
[simple_position-13] [0m[INFO] [1753506502.484748920] [simple_position]: Received twist, controller present = False[0m
[drivetrain_telemetry-31] [INFO] [1753506502.498115192] [odrive_telemetry]: can msgs read: 157
[iris_controller-2] Drive command
[simple_position-13] [0m[INFO] [1753506502.507286648] [simple_position]: Received twist, controller present = False[0m
[tower_pan_tilt_control-5] rover2_control_interface.msg.GPSStatusMessage(rover_latitude=44.56733703613281, rover_longitude=-123.27360534667969, astronaut_latitude=0.0, astronaut_longitude=0.0)
[drivetrain_telemetry-31] [INFO] [1753506502.548002712] [odrive_telemetry]: can msgs read: 186
[iris_controller-2] Drive command
[simple_position-13] [0m[INFO] [1753506502.561918808] [simple_position]: Received twist, controller present = False[0m
[tower_pan_tilt_control-5] rover2_control_interface.msg.GPSStatusMessage(rover_latitude=44.56733703613281, rover_longitude=-123.27360534667969, astronaut_latitude=0.0, astronaut_longitude=0.0)
[drivetrain_telemetry-31] [INFO] [1753506502.614690200] [odrive_telemetry]: can msgs read: 186
[iris_controller-2] Drive command
[simple_position-13] [0m[INFO] [1753506502.674266648] [simple_position]: Received twist, controller present = False[0m
[iris_controller-2] Drive command
[simple_position-13] [0m[INFO] [1753506502.683330680] [simple_position]: Received twist, controller present = False[0m
[drivetrain_telemetry-31] [INFO] [1753506502.683424088] [odrive_telemetry]: can msgs read: 313
[drivetrain_telemetry-31] [INFO] [1753506502.699755064] [odrive_telemetry]: can msgs read: 49
[iris_controller-2] Drive command
[simple_position-13] [0m[INFO] [1753506502.714384728] [simple_position]: Received twist, controller present = False[0m
[tower_pan_tilt_control-5] rover2_control_interface.msg.GPSStatusMessage(rover_latitude=44.56733703613281, rover_longitude=-123.27360534667969, astronaut_latitude=0.0, astronaut_longitude=0.0)
[drivetrain_telemetry-31] [INFO] [1753506502.752749336] [odrive_telemetry]: can msgs read: 196
[iris_controller-2] Drive command
[simple_position-13] [0m[INFO] [1753506502.763888632] [simple_position]: Received twist, controller present = False[0m
[iris_controller-2] Drive command
[simple_position-13] [0m[INFO] [1753506502.815364376] [simple_position]: Received twist, controller present = False[0m
[drivetrain_telemetry-31] [INFO] [1753506502.816394424] [odrive_telemetry]: can msgs read: 139
[tower_pan_tilt_control-5] rover2_control_interface.msg.GPSStatusMessage(rover_latitude=44.56733703613281, rover_longitude=-123.27360534667969, astronaut_latitude=0.0, astronaut_longitude=0.0)
[drivetrain_telemetry-31] [INFO] [1753506502.848666104] [odrive_telemetry]: can msgs read: 233
[iris_controller-2] Drive command
[simple_position-13] [0m[INFO] [1753506502.860427896] [simple_position]: Received twist, controller present = False[0m
[scimech_sensors-14] Traceback (most recent call last):
[scimech_sensors-14]   File "/home/makemorerobot/.local/lib/python3.10/site-packages/serial/serialposix.py", line 322, in open
[scimech_sensors-14]     self.fd = os.open(self.portstr, os.O_RDWR | os.O_NOCTTY | os.O_NONBLOCK)
[scimech_sensors-14] FileNotFoundError: [Errno 2] No such file or directory: '/dev/ttyACM0'
[scimech_sensors-14] 
[scimech_sensors-14] During handling of the above exception, another exception occurred:
[scimech_sensors-14] 
[scimech_sensors-14] Traceback (most recent call last):
[scimech_sensors-14]   File "/home/makemorerobot/Rover_2023_2024/software/install/rover2_odometry/lib/rover2_odometry/scimech_sensors", line 33, in <module>
[scimech_sensors-14]     sys.exit(load_entry_point('rover2-odometry==0.0.0', 'console_scripts', 'scimech_sensors')())
[scimech_sensors-14]   File "/home/makemorerobot/Rover_2023_2024/software/install/rover2_odometry/lib/python3.10/site-packages/rover2_odometry/scimech_sensors.py", line 65, in main
[scimech_sensors-14]     scimech_sensors = ScimechSensors()
[scimech_sensors-14]   File "/home/makemorerobot/Rover_2023_2024/software/install/rover2_odometry/lib/python3.10/site-packages/rover2_odometry/scimech_sensors.py", line 25, in __init__
[scimech_sensors-14]     self.scimech_arduino = serial.Serial('/dev/ttyACM0',9600, timeout=1)
[scimech_sensors-14]   File "/home/makemorerobot/.local/lib/python3.10/site-packages/serial/serialutil.py", line 244, in __init__
[scimech_sensors-14]     self.open()
[scimech_sensors-14]   File "/home/makemorerobot/.local/lib/python3.10/site-packages/serial/serialposix.py", line 325, in open
[scimech_sensors-14]     raise SerialException(msg.errno, "could not open port {}: {}".format(self._port, msg))
[scimech_sensors-14] serial.serialutil.SerialException: [Errno 2] could not open port /dev/ttyACM0: [Errno 2] No such file or directory: '/dev/ttyACM0'
[drivetrain_telemetry-31] [INFO] [1753506502.902052056] [odrive_telemetry]: can msgs read: 188
[iris_controller-2] Drive command
[simple_position-13] [0m[INFO] [1753506502.908873144] [simple_position]: Received twist, controller present = False[0m
[drill_control-4] [37;1m2025-07-25 22:08:22.922 [31;1m[[37;1mRTPS_TRANSPORT_SHM[31;1m Error] [37mFailed init_port fastrtps_port7413: open_and_lock_file failed[34;1m -> Function [36mopen_port_internal[m
[drill_control-4] [37;1m2025-07-25 22:08:22.922 [31;1m[[37;1mRTPS_TRANSPORT_SHM[31;1m Error] [37mFailed init_port fastrtps_port7415: open_and_lock_file failed[34;1m -> Function [36mopen_port_internal[m
[drill_control-4] [37;1m2025-07-25 22:08:22.926 [31;1m[[37;1mRTPS_TRANSPORT_SHM[31;1m Error] [37mFailed init_port fastrtps_port7447: open_and_lock_file failed[34;1m -> Function [36mopen_port_internal[m
[tower_pan_tilt_control-5] rover2_control_interface.msg.GPSStatusMessage(rover_latitude=44.56733703613281, rover_longitude=-123.27360534667969, astronaut_latitude=0.0, astronaut_longitude=0.0)
[drivetrain_telemetry-31] [INFO] [1753506502.963448216] [odrive_telemetry]: can msgs read: 142
[iris_controller-2] Drive command
[iris_controller-2] Drive command
[simple_position-13] [0m[INFO] [1753506502.978822456] [simple_position]: Received twist, controller present = False[0m
[simple_position-13] [0m[INFO] [1753506503.048575736] [simple_position]: Received twist, controller present = False[0m
[iris_controller-2] Drive command
[tower_pan_tilt_control-5] rover2_control_interface.msg.GPSStatusMessage(rover_latitude=44.56733703613281, rover_longitude=-123.27360534667969, astronaut_latitude=0.0, astronaut_longitude=0.0)
[drivetrain_telemetry-31] [INFO] [1753506503.177822680] [odrive_telemetry]: can msgs read: 551
[drivetrain_telemetry-31] [INFO] [1753506503.207577432] [odrive_telemetry]: can msgs read: 93
[simple_position-13] [0m[INFO] [1753506503.228627416] [simple_position]: Current speed: 0.0. Current heading: -22.0[0m
[simple_position-13] [0m[INFO] [1753506503.229745688] [simple_position]: Distance covered: 0.0. New lat: 44.56733703613281, new lon: -123.27360534667969[0m
[drivetrain_telemetry-31] [INFO] [1753506503.261915704] [odrive_telemetry]: can msgs read: 249
[drivetrain_telemetry-31] [INFO] [1753506503.302299928] [odrive_telemetry]: can msgs read: 123
[drill_control-4] Traceback (most recent call last):
[drill_control-4]   File "/home/makemorerobot/.local/lib/python3.10/site-packages/serial/serialposix.py", line 322, in open
[drill_control-4]     self.fd = os.open(self.portstr, os.O_RDWR | os.O_NOCTTY | os.O_NONBLOCK)
[drill_control-4] FileNotFoundError: [Errno 2] No such file or directory: '/dev/ttyACM0'
[drill_control-4] 
[drill_control-4] During handling of the above exception, another exception occurred:
[drill_control-4] 
[drill_control-4] Traceback (most recent call last):
[drill_control-4]   File "/home/makemorerobot/Rover_2023_2024/software/install/rover2_control/lib/rover2_control/drill_control", line 33, in <module>
[drill_control-4]     sys.exit(load_entry_point('rover2-control==0.0.0', 'console_scripts', 'drill_control')())
[drill_control-4]   File "/home/makemorerobot/Rover_2023_2024/software/install/rover2_control/lib/python3.10/site-packages/rover2_control/drill_control.py", line 87, in main
[drill_control-4]     minimal_subscriber = DrillControl()
[drill_control-4]   File "/home/makemorerobot/Rover_2023_2024/software/install/rover2_control/lib/python3.10/site-packages/rover2_control/drill_control.py", line 31, in __init__
[drill_control-4]     self.arduino = serial.Serial(port="/dev/ttyACM0",baudrate=9600, write_timeout=0)
[drill_control-4]   File "/home/makemorerobot/.local/lib/python3.10/site-packages/serial/serialutil.py", line 244, in __init__
[drill_control-4]     self.open()
[drill_control-4]   File "/home/makemorerobot/.local/lib/python3.10/site-packages/serial/serialposix.py", line 325, in open
[drill_control-4]     raise SerialException(msg.errno, "could not open port {}: {}".format(self._port, msg))
[drill_control-4] serial.serialutil.SerialException: [Errno 2] could not open port /dev/ttyACM0: [Errno 2] No such file or directory: '/dev/ttyACM0'
[drivetrain_telemetry-31] [INFO] [1753506503.347910552] [odrive_telemetry]: can msgs read: 186
[ERROR] [scimech_sensors-14]: process has died [pid 12305, exit code 1, cmd '/home/makemorerobot/Rover_2023_2024/software/install/rover2_odometry/lib/rover2_odometry/scimech_sensors --ros-args -r __node:=scimech_sensors'].
[INFO] [scimech_sensors-14]: process started with pid [12339]
[iris_controller-2] Drive command
[simple_position-13] [0m[INFO] [1753506503.472821784] [simple_position]: Received twist, controller present = False[0m
[drivetrain_telemetry-31] [INFO] [1753506503.494106392] [odrive_telemetry]: can msgs read: 186
[iris_controller-2] Drive command
[simple_position-13] [0m[INFO] [1753506503.512797016] [simple_position]: Received twist, controller present = False[0m
[drivetrain_telemetry-31] [INFO] [1753506503.516061944] [odrive_telemetry]: can msgs read: 318
[tower_pan_tilt_control-5] rover2_control_interface.msg.GPSStatusMessage(rover_latitude=44.56733703613281, rover_longitude=-123.27360534667969, astronaut_latitude=0.0, astronaut_longitude=0.0)
[drivetrain_telemetry-31] [INFO] [1753506503.548805976] [odrive_telemetry]: can msgs read: 129
[simple_position-13] [0m[INFO] [1753506503.549401336] [simple_position]: Received twist, controller present = False[0m
[iris_controller-2] Drive command
[simple_position-13] [0m[INFO] [1753506503.627437112] [simple_position]: Received twist, controller present = False[0m
[drivetrain_telemetry-31] [INFO] [1753506503.629647160] [odrive_telemetry]: can msgs read: 281
[tower_pan_tilt_control-5] rover2_control_interface.msg.GPSStatusMessage(rover_latitude=44.56733703613281, rover_longitude=-123.27360534667969, astronaut_latitude=0.0, astronaut_longitude=0.0)
[iris_controller-2] Drive command
[simple_position-13] [0m[INFO] [1753506503.677374936] [simple_position]: Received twist, controller present = False[0m
[iris_controller-2] Drive command
[simple_position-13] [0m[INFO] [1753506503.729019512] [simple_position]: Received twist, controller present = False[0m
[drivetrain_telemetry-31] [INFO] [1753506503.738187800] [odrive_telemetry]: can msgs read: 222
[tower_pan_tilt_control-5] rover2_control_interface.msg.GPSStatusMessage(rover_latitude=44.56733703613281, rover_longitude=-123.27360534667969, astronaut_latitude=0.0, astronaut_longitude=0.0)
[iris_controller-2] Drive command
[simple_position-13] [0m[INFO] [1753506503.770051128] [simple_position]: Received twist, controller present = False[0m
[drivetrain_telemetry-31] [INFO] [1753506503.788545560] [odrive_telemetry]: can msgs read: 401
[iris_controller-2] Drive command
[drivetrain_telemetry-31] [INFO] [1753506503.798758520] [odrive_telemetry]: can msgs read: 26
[simple_position-13] [0m[INFO] [1753506503.804583832] [simple_position]: Received twist, controller present = False[0m
[iris_controller-2] Drive command
[simple_position-13] [0m[INFO] [1753506503.834510040] [simple_position]: Received twist, controller present = False[0m
[drivetrain_telemetry-31] [INFO] [1753506503.847981208] [odrive_telemetry]: can msgs read: 186
[iris_controller-2] Drive command
[simple_position-13] [0m[INFO] [1753506503.875448600] [simple_position]: Received twist, controller present = False[0m
[tower_pan_tilt_control-5] rover2_control_interface.msg.GPSStatusMessage(rover_latitude=44.56733703613281, rover_longitude=-123.27360534667969, astronaut_latitude=0.0, astronaut_longitude=0.0)
[iris_controller-2] Drive command
[drivetrain_telemetry-31] [INFO] [1753506503.898027096] [odrive_telemetry]: can msgs read: 186
[simple_position-13] [0m[INFO] [1753506503.898684760] [simple_position]: Received twist, controller present = False[0m
[scimech_sensors-14] [37;1m2025-07-25 22:08:23.906 [31;1m[[37;1mRTPS_TRANSPORT_SHM[31;1m Error] [37mFailed init_port fastrtps_port7413: open_and_lock_file failed[34;1m -> Function [36mopen_port_internal[m
[scimech_sensors-14] [37;1m2025-07-25 22:08:23.907 [31;1m[[37;1mRTPS_TRANSPORT_SHM[31;1m Error] [37mFailed init_port fastrtps_port7415: open_and_lock_file failed[34;1m -> Function [36mopen_port_internal[m
[scimech_sensors-14] [37;1m2025-07-25 22:08:23.910 [31;1m[[37;1mRTPS_TRANSPORT_SHM[31;1m Error] [37mFailed init_port fastrtps_port7447: open_and_lock_file failed[34;1m -> Function [36mopen_port_internal[m
[drivetrain_telemetry-31] [INFO] [1753506503.948411224] [odrive_telemetry]: can msgs read: 186
[ERROR] [drill_control-4]: process has died [pid 12327, exit code 1, cmd '/home/makemorerobot/Rover_2023_2024/software/install/rover2_control/lib/rover2_control/drill_control --ros-args -r __node:=drill_control'].
[INFO] [drill_control-4]: process started with pid [12351]
[iris_controller-2] Drive command
[simple_position-13] [0m[INFO] [1753506503.987482904] [simple_position]: Received twist, controller present = False[0m
[tower_pan_tilt_control-5] rover2_control_interface.msg.GPSStatusMessage(rover_latitude=44.56733703613281, rover_longitude=-123.27360534667969, astronaut_latitude=0.0, astronaut_longitude=0.0)
[drivetrain_telemetry-31] [INFO] [1753506504.023000888] [odrive_telemetry]: can msgs read: 186
[iris_controller-2] Drive command
[drivetrain_telemetry-31] [INFO] [1753506504.059815576] [odrive_telemetry]: can msgs read: 222
[iris_controller-2] Drive command
[simple_position-13] [0m[INFO] [1753506504.098763608] [simple_position]: Received twist, controller present = False[0m
[simple_position-13] [0m[INFO] [1753506504.112133944] [simple_position]: Received twist, controller present = False[0m
[iris_controller-2] Drive command
[simple_position-13] [0m[INFO] [1753506504.139080280] [simple_position]: Received twist, controller present = False[0m
[tower_pan_tilt_control-5] rover2_control_interface.msg.GPSStatusMessage(rover_latitude=44.56733703613281, rover_longitude=-123.27360534667969, astronaut_latitude=0.0, astronaut_longitude=0.0)
[iris_controller-2] Drive command
[simple_position-13] [0m[INFO] [1753506504.167167288] [simple_position]: Received twist, controller present = False[0m
[iris_controller-2] Drive command
[simple_position-13] [0m[INFO] [1753506504.215044664] [simple_position]: Received twist, controller present = False[0m
[simple_position-13] [0m[INFO] [1753506504.238800184] [simple_position]: Current speed: 0.0. Current heading: -22.0[0m
[simple_position-13] [0m[INFO] [1753506504.247672536] [simple_position]: Distance covered: 0.0. New lat: 44.56733703613281, new lon: -123.27360534667969[0m
[iris_controller-2] Drive command
[tower_pan_tilt_control-5] rover2_control_interface.msg.GPSStatusMessage(rover_latitude=44.56733703613281, rover_longitude=-123.27360534667969, astronaut_latitude=0.0, astronaut_longitude=0.0)
[simple_position-13] [0m[INFO] [1753506504.290311000] [simple_position]: Received twist, controller present = False[0m
[iris_controller-2] Drive command
[simple_position-13] [0m[INFO] [1753506504.315707768] [simple_position]: Received twist, controller present = False[0m
[iris_controller-2] Drive command
[simple_position-13] [0m[INFO] [1753506504.373918776] [simple_position]: Received twist, controller present = False[0m
[tower_pan_tilt_control-5] rover2_control_interface.msg.GPSStatusMessage(rover_latitude=44.56733703613281, rover_longitude=-123.27360534667969, astronaut_latitude=0.0, astronaut_longitude=0.0)
[iris_controller-2] Drive command
[drivetrain_telemetry-31] [INFO] [1753506504.434983416] [odrive_telemetry]: can msgs read: 1041
[simple_position-13] [0m[INFO] [1753506504.444329624] [simple_position]: Received twist, controller present = False[0m
[iris_controller-2] Drive command
[simple_position-13] [0m[INFO] [1753506504.467020824] [simple_position]: Received twist, controller present = False[0m
[iris_controller-2] Drive command
[tower_pan_tilt_control-5] rover2_control_interface.msg.GPSStatusMessage(rover_latitude=44.56733703613281, rover_longitude=-123.27360534667969, astronaut_latitude=0.0, astronaut_longitude=0.0)
[simple_position-13] [0m[INFO] [1753506504.525596024] [simple_position]: Received twist, controller present = False[0m
[drivetrain_telemetry-31] [INFO] [1753506504.551828344] [odrive_telemetry]: can msgs read: 650
[iris_controller-2] Drive command
[simple_position-13] [0m[INFO] [1753506504.571153944] [simple_position]: Received twist, controller present = False[0m
[drivetrain_telemetry-31] [INFO] [1753506504.601195896] [odrive_telemetry]: can msgs read: 185
[iris_controller-2] Drive command
[simple_position-13] [0m[INFO] [1753506504.612931480] [simple_position]: Received twist, controller present = False[0m
[tower_pan_tilt_control-5] rover2_control_interface.msg.GPSStatusMessage(rover_latitude=44.56733703613281, rover_longitude=-123.27360534667969, astronaut_latitude=0.0, astronaut_longitude=0.0)
[drivetrain_telemetry-31] [INFO] [1753506504.648231032] [odrive_telemetry]: can msgs read: 177
[iris_controller-2] Drive command
[scimech_sensors-14] Traceback (most recent call last):
[scimech_sensors-14]   File "/home/makemorerobot/.local/lib/python3.10/site-packages/serial/serialposix.py", line 322, in open
[scimech_sensors-14]     self.fd = os.open(self.portstr, os.O_RDWR | os.O_NOCTTY | os.O_NONBLOCK)
[scimech_sensors-14] FileNotFoundError: [Errno 2] No such file or directory: '/dev/ttyACM0'
[scimech_sensors-14] 
[scimech_sensors-14] During handling of the above exception, another exception occurred:
[scimech_sensors-14] 
[scimech_sensors-14] Traceback (most recent call last):
[scimech_sensors-14]   File "/home/makemorerobot/Rover_2023_2024/software/install/rover2_odometry/lib/rover2_odometry/scimech_sensors", line 33, in <module>
[scimech_sensors-14]     sys.exit(load_entry_point('rover2-odometry==0.0.0', 'console_scripts', 'scimech_sensors')())
[scimech_sensors-14]   File "/home/makemorerobot/Rover_2023_2024/software/install/rover2_odometry/lib/python3.10/site-packages/rover2_odometry/scimech_sensors.py", line 65, in main
[scimech_sensors-14]     scimech_sensors = ScimechSensors()
[scimech_sensors-14]   File "/home/makemorerobot/Rover_2023_2024/software/install/rover2_odometry/lib/python3.10/site-packages/rover2_odometry/scimech_sensors.py", line 25, in __init__
[scimech_sensors-14]     self.scimech_arduino = serial.Serial('/dev/ttyACM0',9600, timeout=1)
[scimech_sensors-14]   File "/home/makemorerobot/.local/lib/python3.10/site-packages/serial/serialutil.py", line 244, in __init__
[scimech_sensors-14]     self.open()
[scimech_sensors-14]   File "/home/makemorerobot/.local/lib/python3.10/site-packages/serial/serialposix.py", line 325, in open
[scimech_sensors-14]     raise SerialException(msg.errno, "could not open port {}: {}".format(self._port, msg))
[scimech_sensors-14] serial.serialutil.SerialException: [Errno 2] could not open port /dev/ttyACM0: [Errno 2] No such file or directory: '/dev/ttyACM0'
[simple_position-13] [0m[INFO] [1753506504.683818040] [simple_position]: Received twist, controller present = False[0m
[drivetrain_telemetry-31] [INFO] [1753506504.698351928] [odrive_telemetry]: can msgs read: 183
[iris_controller-2] Drive command
[simple_position-13] [0m[INFO] [1753506504.717157528] [simple_position]: Received twist, controller present = False[0m
[drivetrain_telemetry-31] [INFO] [1753506504.748227640] [odrive_telemetry]: can msgs read: 189
[iris_controller-2] Drive command
[tower_pan_tilt_control-5] rover2_control_interface.msg.GPSStatusMessage(rover_latitude=44.56733703613281, rover_longitude=-123.27360534667969, astronaut_latitude=0.0, astronaut_longitude=0.0)
[simple_position-13] [0m[INFO] [1753506504.766044888] [simple_position]: Received twist, controller present = False[0m
[drivetrain_telemetry-31] [INFO] [1753506504.799879032] [odrive_telemetry]: can msgs read: 186
[iris_controller-2] Drive command
[simple_position-13] [0m[INFO] [1753506504.811331448] [simple_position]: Received twist, controller present = False[0m
[drivetrain_telemetry-31] [INFO] [1753506504.850834168] [odrive_telemetry]: can msgs read: 194
[iris_controller-2] Drive command
[simple_position-13] [0m[INFO] [1753506504.863277720] [simple_position]: Received twist, controller present = False[0m
[tower_pan_tilt_control-5] rover2_control_interface.msg.GPSStatusMessage(rover_latitude=44.56733703613281, rover_longitude=-123.27360534667969, astronaut_latitude=0.0, astronaut_longitude=0.0)
[drivetrain_telemetry-31] [INFO] [1753506504.899480504] [odrive_telemetry]: can msgs read: 178
[iris_controller-2] Drive command
[simple_position-13] [0m[INFO] [1753506504.905129336] [simple_position]: Received twist, controller present = False[0m
[ERROR] [scimech_sensors-14]: process has died [pid 12339, exit code 1, cmd '/home/makemorerobot/Rover_2023_2024/software/install/rover2_odometry/lib/rover2_odometry/scimech_sensors --ros-args -r __node:=scimech_sensors'].
[drill_control-4] [37;1m2025-07-25 22:08:24.937 [31;1m[[37;1mRTPS_TRANSPORT_SHM[31;1m Error] [37mFailed init_port fastrtps_port7413: open_and_lock_file failed[34;1m -> Function [36mopen_port_internal[m
[drill_control-4] [37;1m2025-07-25 22:08:24.937 [31;1m[[37;1mRTPS_TRANSPORT_SHM[31;1m Error] [37mFailed init_port fastrtps_port7415: open_and_lock_file failed[34;1m -> Function [36mopen_port_internal[m
[INFO] [scimech_sensors-14]: process started with pid [12359]
[drill_control-4] [37;1m2025-07-25 22:08:24.943 [31;1m[[37;1mRTPS_TRANSPORT_SHM[31;1m Error] [37mFailed init_port fastrtps_port7447: open_and_lock_file failed[34;1m -> Function [36mopen_port_internal[m
[drivetrain_telemetry-31] [INFO] [1753506504.948140344] [odrive_telemetry]: can msgs read: 186
[iris_controller-2] Drive command
[simple_position-13] [0m[INFO] [1753506504.967417080] [simple_position]: Received twist, controller present = False[0m
[tower_pan_tilt_control-5] rover2_control_interface.msg.GPSStatusMessage(rover_latitude=44.56733703613281, rover_longitude=-123.27360534667969, astronaut_latitude=0.0, astronaut_longitude=0.0)
[iris_controller-2] Drive command
[simple_position-13] [0m[INFO] [1753506505.032685560] [simple_position]: Received twist, controller present = False[0m
[drivetrain_telemetry-31] [INFO] [1753506504.999711736] [odrive_telemetry]: can msgs read: 200
[drivetrain_telemetry-31] [INFO] [1753506505.050127640] [odrive_telemetry]: can msgs read: 196
[iris_controller-2] Drive command
[simple_position-13] [0m[INFO] [1753506505.065349080] [simple_position]: Received twist, controller present = False[0m
[tower_pan_tilt_control-5] rover2_control_interface.msg.GPSStatusMessage(rover_latitude=44.56733703613281, rover_longitude=-123.27360534667969, astronaut_latitude=0.0, astronaut_longitude=0.0)
[iris_controller-2] Drive command
[simple_position-13] [0m[INFO] [1753506505.104028888] [simple_position]: Received twist, controller present = False[0m
[drivetrain_telemetry-31] [INFO] [1753506505.104185176] [odrive_telemetry]: can msgs read: 168
[simple_position-13] [0m[INFO] [1753506505.129888952] [simple_position]: GPS midpoint loop![0m
[drivetrain_telemetry-31] [INFO] [1753506505.148880952] [odrive_telemetry]: can msgs read: 190
[iris_controller-2] Drive command
[simple_position-13] [0m[INFO] [1753506505.170123928] [simple_position]: Received twist, controller present = False[0m
[tower_pan_tilt_control-5] rover2_control_interface.msg.GPSStatusMessage(rover_latitude=44.56733703613281, rover_longitude=-123.27360534667969, astronaut_latitude=0.0, astronaut_longitude=0.0)
[iris_controller-2] Drive command
[drivetrain_telemetry-31] [INFO] [1753506505.208767384] [odrive_telemetry]: can msgs read: 229
[simple_position-13] [0m[INFO] [1753506505.239137848] [simple_position]: Received twist, controller present = False[0m
[simple_position-13] [0m[INFO] [1753506505.243174200] [simple_position]: Current speed: 0.0. Current heading: -22.0[0m
[drivetrain_telemetry-31] [INFO] [1753506505.251516440] [odrive_telemetry]: can msgs read: 136
[simple_position-13] [0m[INFO] [1753506505.252004504] [simple_position]: Distance covered: 0.0. New lat: 44.56733703613281, new lon: -123.27360534667969[0m
[iris_controller-2] Drive command
[simple_position-13] [0m[INFO] [1753506505.282411704] [simple_position]: Received twist, controller present = False[0m
[drivetrain_telemetry-31] [INFO] [1753506505.304121560] [odrive_telemetry]: can msgs read: 182
[tower_pan_tilt_control-5] rover2_control_interface.msg.GPSStatusMessage(rover_latitude=44.56733703613281, rover_longitude=-123.27360534667969, astronaut_latitude=0.0, astronaut_longitude=0.0)
[iris_controller-2] Drive command
[simple_position-13] [0m[INFO] [1753506505.323713720] [simple_position]: Received twist, controller present = False[0m
[drivetrain_telemetry-31] [INFO] [1753506505.348179800] [odrive_telemetry]: can msgs read: 187
[iris_controller-2] Drive command
[simple_position-13] [0m[INFO] [1753506505.359820696] [simple_position]: Received twist, controller present = False[0m
[drill_control-4] Traceback (most recent call last):
[drill_control-4]   File "/home/makemorerobot/.local/lib/python3.10/site-packages/serial/serialposix.py", line 322, in open
[drill_control-4]     self.fd = os.open(self.portstr, os.O_RDWR | os.O_NOCTTY | os.O_NONBLOCK)
[drill_control-4] FileNotFoundError: [Errno 2] No such file or directory: '/dev/ttyACM0'
[drill_control-4] 
[drill_control-4] During handling of the above exception, another exception occurred:
[drill_control-4] 
[drill_control-4] Traceback (most recent call last):
[drill_control-4]   File "/home/makemorerobot/Rover_2023_2024/software/install/rover2_control/lib/rover2_control/drill_control", line 33, in <module>
[drill_control-4]     sys.exit(load_entry_point('rover2-control==0.0.0', 'console_scripts', 'drill_control')())
[drill_control-4]   File "/home/makemorerobot/Rover_2023_2024/software/install/rover2_control/lib/python3.10/site-packages/rover2_control/drill_control.py", line 87, in main
[drill_control-4]     minimal_subscriber = DrillControl()
[drill_control-4]   File "/home/makemorerobot/Rover_2023_2024/software/install/rover2_control/lib/python3.10/site-packages/rover2_control/drill_control.py", line 31, in __init__
[drill_control-4]     self.arduino = serial.Serial(port="/dev/ttyACM0",baudrate=9600, write_timeout=0)
[drill_control-4]   File "/home/makemorerobot/.local/lib/python3.10/site-packages/serial/serialutil.py", line 244, in __init__
[drill_control-4]     self.open()
[drill_control-4]   File "/home/makemorerobot/.local/lib/python3.10/site-packages/serial/serialposix.py", line 325, in open
[drill_control-4]     raise SerialException(msg.errno, "could not open port {}: {}".format(self._port, msg))
[drill_control-4] serial.serialutil.SerialException: [Errno 2] could not open port /dev/ttyACM0: [Errno 2] No such file or directory: '/dev/ttyACM0'
[drivetrain_telemetry-31] [INFO] [1753506505.399092376] [odrive_telemetry]: can msgs read: 185
[iris_controller-2] Drive command
[simple_position-13] [0m[INFO] [1753506505.404172536] [simple_position]: Received twist, controller present = False[0m
[tower_pan_tilt_control-5] rover2_control_interface.msg.GPSStatusMessage(rover_latitude=44.56733703613281, rover_longitude=-123.27360534667969, astronaut_latitude=0.0, astronaut_longitude=0.0)
[drivetrain_telemetry-31] [INFO] [1753506505.448652152] [odrive_telemetry]: can msgs read: 190
[iris_controller-2] Drive command
[simple_position-13] [0m[INFO] [1753506505.473653368] [simple_position]: Received twist, controller present = False[0m
[scimech_sensors-14] [37;1m2025-07-25 22:08:25.482 [31;1m[[37;1mRTPS_TRANSPORT_SHM[31;1m Error] [37mFailed init_port fastrtps_port7413: open_and_lock_file failed[34;1m -> Function [36mopen_port_internal[m
[scimech_sensors-14] [37;1m2025-07-25 22:08:25.483 [31;1m[[37;1mRTPS_TRANSPORT_SHM[31;1m Error] [37mFailed init_port fastrtps_port7415: open_and_lock_file failed[34;1m -> Function [36mopen_port_internal[m
[scimech_sensors-14] [37;1m2025-07-25 22:08:25.487 [31;1m[[37;1mRTPS_TRANSPORT_SHM[31;1m Error] [37mFailed init_port fastrtps_port7447: open_and_lock_file failed[34;1m -> Function [36mopen_port_internal[m
[drivetrain_telemetry-31] [INFO] [1753506505.499134616] [odrive_telemetry]: can msgs read: 183
[iris_controller-2] Drive command
[simple_position-13] [0m[INFO] [1753506505.518579672] [simple_position]: Received twist, controller present = False[0m
[tower_pan_tilt_control-5] rover2_control_interface.msg.GPSStatusMessage(rover_latitude=44.56733703613281, rover_longitude=-123.27360534667969, astronaut_latitude=0.0, astronaut_longitude=0.0)
[drivetrain_telemetry-31] [INFO] [1753506505.548594648] [odrive_telemetry]: can msgs read: 204
[iris_controller-2] Drive command
[simple_position-13] [0m[INFO] [1753506505.567861656] [simple_position]: Received twist, controller present = False[0m
[drivetrain_telemetry-31] [INFO] [1753506505.603527096] [odrive_telemetry]: can msgs read: 172
[iris_controller-2] Drive command
[simple_position-13] [0m[INFO] [1753506505.610092952] [simple_position]: Received twist, controller present = False[0m
[drivetrain_telemetry-31] [INFO] [1753506505.648568056] [odrive_telemetry]: can msgs read: 184
[iris_controller-2] Drive command
[tower_pan_tilt_control-5] rover2_control_interface.msg.GPSStatusMessage(rover_latitude=44.56733703613281, rover_longitude=-123.27360534667969, astronaut_latitude=0.0, astronaut_longitude=0.0)
[simple_position-13] [0m[INFO] [1753506505.667323160] [simple_position]: Received twist, controller present = False[0m
[scimech_sensors-14] Traceback (most recent call last):
[scimech_sensors-14]   File "/home/makemorerobot/.local/lib/python3.10/site-packages/serial/serialposix.py", line 322, in open
[scimech_sensors-14]     self.fd = os.open(self.portstr, os.O_RDWR | os.O_NOCTTY | os.O_NONBLOCK)
[scimech_sensors-14] FileNotFoundError: [Errno 2] No such file or directory: '/dev/ttyACM0'
[scimech_sensors-14] 
[scimech_sensors-14] During handling of the above exception, another exception occurred:
[scimech_sensors-14] 
[scimech_sensors-14] Traceback (most recent call last):
[scimech_sensors-14]   File "/home/makemorerobot/Rover_2023_2024/software/install/rover2_odometry/lib/rover2_odometry/scimech_sensors", line 33, in <module>
[scimech_sensors-14]     sys.exit(load_entry_point('rover2-odometry==0.0.0', 'console_scripts', 'scimech_sensors')())
[scimech_sensors-14]   File "/home/makemorerobot/Rover_2023_2024/software/install/rover2_odometry/lib/python3.10/site-packages/rover2_odometry/scimech_sensors.py", line 65, in main
[scimech_sensors-14]     scimech_sensors = ScimechSensors()
[scimech_sensors-14]   File "/home/makemorerobot/Rover_2023_2024/software/install/rover2_odometry/lib/python3.10/site-packages/rover2_odometry/scimech_sensors.py", line 25, in __init__
[scimech_sensors-14]     self.scimech_arduino = serial.Serial('/dev/ttyACM0',9600, timeout=1)
[scimech_sensors-14]   File "/home/makemorerobot/.local/lib/python3.10/site-packages/serial/serialutil.py", line 244, in __init__
[scimech_sensors-14]     self.open()
[scimech_sensors-14]   File "/home/makemorerobot/.local/lib/python3.10/site-packages/serial/serialposix.py", line 325, in open
[scimech_sensors-14]     raise SerialException(msg.errno, "could not open port {}: {}".format(self._port, msg))
[scimech_sensors-14] serial.serialutil.SerialException: [Errno 2] could not open port /dev/ttyACM0: [Errno 2] No such file or directory: '/dev/ttyACM0'
[drivetrain_telemetry-31] [INFO] [1753506505.698048664] [odrive_telemetry]: can msgs read: 185
[iris_controller-2] Drive command
[simple_position-13] [0m[INFO] [1753506505.707673016] [simple_position]: Received twist, controller present = False[0m
[drivetrain_telemetry-31] [INFO] [1753506505.748201624] [odrive_telemetry]: can msgs read: 185
[ERROR] [drill_control-4]: process has died [pid 12351, exit code 1, cmd '/home/makemorerobot/Rover_2023_2024/software/install/rover2_control/lib/rover2_control/drill_control --ros-args -r __node:=drill_control'].
[iris_controller-2] Drive command
[INFO] [drill_control-4]: process started with pid [12375]
[simple_position-13] [0m[INFO] [1753506505.752598072] [simple_position]: Received twist, controller present = False[0m
[tower_pan_tilt_control-5] rover2_control_interface.msg.GPSStatusMessage(rover_latitude=44.56733703613281, rover_longitude=-123.27360534667969, astronaut_latitude=0.0, astronaut_longitude=0.0)
[drivetrain_telemetry-31] [INFO] [1753506505.798426264] [odrive_telemetry]: can msgs read: 187
[iris_controller-2] Drive command
[simple_position-13] [0m[INFO] [1753506505.808455480] [simple_position]: Received twist, controller present = False[0m
[drivetrain_telemetry-31] [INFO] [1753506505.849020888] [odrive_telemetry]: can msgs read: 185
[iris_controller-2] Drive command
[simple_position-13] [0m[INFO] [1753506505.860124504] [simple_position]: Received twist, controller present = False[0m
[tower_pan_tilt_control-5] rover2_control_interface.msg.GPSStatusMessage(rover_latitude=44.56733703613281, rover_longitude=-123.27360534667969, astronaut_latitude=0.0, astronaut_longitude=0.0)
[iris_controller-2] Drive command
[drivetrain_telemetry-31] [INFO] [1753506505.899060856] [odrive_telemetry]: can msgs read: 187
[simple_position-13] [0m[INFO] [1753506505.899374616] [simple_position]: Received twist, controller present = False[0m
[ERROR] [scimech_sensors-14]: process has died [pid 12359, exit code 1, cmd '/home/makemorerobot/Rover_2023_2024/software/install/rover2_odometry/lib/rover2_odometry/scimech_sensors --ros-args -r __node:=scimech_sensors'].
[INFO] [scimech_sensors-14]: process started with pid [12378]
[realsense2_camera_node-25] [WARN] [1753506505.917807160] [camera.d405]: No RealSense devices were found!
[drivetrain_telemetry-31] [INFO] [1753506505.948080376] [odrive_telemetry]: can msgs read: 187
[iris_controller-2] Drive command
[simple_position-13] [0m[INFO] [1753506505.962335032] [simple_position]: Received twist, controller present = False[0m
[gripper_control-9] [0m[INFO] [1753506505.972928920] [gripper_can_control]: mode: 3[0m
[gripper_control-9] [0m[INFO] [1753506505.974043448] [gripper_can_control]: set trap_traj mode[0m
[tower_pan_tilt_control-5] rover2_control_interface.msg.GPSStatusMessage(rover_latitude=44.56733703613281, rover_longitude=-123.27360534667969, astronaut_latitude=0.0, astronaut_longitude=0.0)
[ros2_control_node-18] Failed to send CAN frame
[drivetrain_telemetry-31] [INFO] [1753506505.998240024] [odrive_telemetry]: can msgs read: 187
[ros2_control_node-18] Failed to send CAN frame
[ros2_control_node-18] Failed to send CAN frame
[iris_controller-2] Drive command
[simple_position-13] [0m[INFO] [1753506506.011490168] [simple_position]: Received twist, controller present = False[0m
[drivetrain_telemetry-31] [INFO] [1753506506.049661368] [odrive_telemetry]: can msgs read: 183
[iris_controller-2] Drive command
[simple_position-13] [0m[INFO] [1753506506.059686264] [simple_position]: Received twist, controller present = False[0m
[drivetrain_telemetry-31] [INFO] [1753506506.097984952] [odrive_telemetry]: can msgs read: 189
[tower_pan_tilt_control-5] rover2_control_interface.msg.GPSStatusMessage(rover_latitude=44.56733703613281, rover_longitude=-123.27360534667969, astronaut_latitude=0.0, astronaut_longitude=0.0)
[iris_controller-2] Drive command
[simple_position-13] [0m[INFO] [1753506506.111180664] [simple_position]: Received twist, controller present = False[0m
[drivetrain_telemetry-31] [INFO] [1753506506.148204056] [odrive_telemetry]: can msgs read: 191
[iris_controller-2] Drive command
[simple_position-13] [0m[INFO] [1753506506.152815096] [simple_position]: Received twist, controller present = False[0m
[drill_control-4] [37;1m2025-07-25 22:08:26.155 [31;1m[[37;1mRTPS_TRANSPORT_SHM[31;1m Error] [37mFailed init_port fastrtps_port7413: open_and_lock_file failed[34;1m -> Function [36mopen_port_internal[m
[drill_control-4] [37;1m2025-07-25 22:08:26.156 [31;1m[[37;1mRTPS_TRANSPORT_SHM[31;1m Error] [37mFailed init_port fastrtps_port7415: open_and_lock_file failed[34;1m -> Function [36mopen_port_internal[m
[drill_control-4] [37;1m2025-07-25 22:08:26.160 [31;1m[[37;1mRTPS_TRANSPORT_SHM[31;1m Error] [37mFailed init_port fastrtps_port7447: open_and_lock_file failed[34;1m -> Function [36mopen_port_internal[m
[scimech_sensors-14] [37;1m2025-07-25 22:08:26.161 [31;1m[[37;1mRTPS_TRANSPORT_SHM[31;1m Error] [37mFailed init_port fastrtps_port7413: open_and_lock_file failed[34;1m -> Function [36mopen_port_internal[m
[scimech_sensors-14] [37;1m2025-07-25 22:08:26.163 [31;1m[[37;1mRTPS_TRANSPORT_SHM[31;1m Error] [37mFailed init_port fastrtps_port7415: open_and_lock_file failed[34;1m -> Function [36mopen_port_internal[m
[tower_pan_tilt_control-5] rover2_control_interface.msg.GPSStatusMessage(rover_latitude=44.56733703613281, rover_longitude=-123.27360534667969, astronaut_latitude=0.0, astronaut_longitude=0.0)
[iris_controller-2] Drive command
[simple_position-13] [0m[INFO] [1753506506.219847672] [simple_position]: Received twist, controller present = False[0m
[drivetrain_telemetry-31] [INFO] [1753506506.216518520] [odrive_telemetry]: can msgs read: 116
[simple_position-13] [0m[INFO] [1753506506.237376120] [simple_position]: Current speed: 0.0. Current heading: -22.0[0m
[simple_position-13] [0m[INFO] [1753506506.238670040] [simple_position]: Distance covered: 0.0. New lat: 44.56733703613281, new lon: -123.27360534667969[0m
[iris_controller-2] Drive command
[scimech_sensors-14] [37;1m2025-07-25 22:08:26.166 [31;1m[[37;1mRTPS_TRANSPORT_SHM[31;1m Error] [37mFailed init_port fastrtps_port7447: open_and_lock_file failed[34;1m -> Function [36mopen_port_internal[m
[simple_position-13] [0m[INFO] [1753506506.297313496] [simple_position]: Received twist, controller present = False[0m
[iris_controller-2] Drive command
[tower_pan_tilt_control-5] rover2_control_interface.msg.GPSStatusMessage(rover_latitude=44.56733703613281, rover_longitude=-123.27360534667969, astronaut_latitude=0.0, astronaut_longitude=0.0)
[simple_position-13] [0m[INFO] [1753506506.348039960] [simple_position]: Received twist, controller present = False[0m
[drivetrain_telemetry-31] [INFO] [1753506506.351641176] [odrive_telemetry]: can msgs read: 606
[iris_controller-2] Drive command
[simple_position-13] [0m[INFO] [1753506506.365551928] [simple_position]: Received twist, controller present = False[0m
[iris_controller-2] Drive command
[simple_position-13] [0m[INFO] [1753506506.409444504] [simple_position]: Received twist, controller present = False[0m
[drivetrain_telemetry-31] [INFO] [1753506506.411714776] [odrive_telemetry]: can msgs read: 174
[tower_pan_tilt_control-5] rover2_control_interface.msg.GPSStatusMessage(rover_latitude=44.56733703613281, rover_longitude=-123.27360534667969, astronaut_latitude=0.0, astronaut_longitude=0.0)
[iris_controller-2] Drive command
[simple_position-13] [0m[INFO] [1753506506.461588376] [simple_position]: Received twist, controller present = False[0m
[drivetrain_telemetry-31] [INFO] [1753506506.463088728] [odrive_telemetry]: can msgs read: 186
[iris_controller-2] Drive command
[drivetrain_telemetry-31] [INFO] [1753506506.507074328] [odrive_telemetry]: can msgs read: 184
[simple_position-13] [0m[INFO] [1753506506.508898840] [simple_position]: Received twist, controller present = False[0m
[drill_control-4] Traceback (most recent call last):
[drill_control-4]   File "/home/makemorerobot/.local/lib/python3.10/site-packages/serial/serialposix.py", line 322, in open
[drill_control-4]     self.fd = os.open(self.portstr, os.O_RDWR | os.O_NOCTTY | os.O_NONBLOCK)
[drill_control-4] FileNotFoundError: [Errno 2] No such file or directory: '/dev/ttyACM0'
[drill_control-4] 
[drill_control-4] During handling of the above exception, another exception occurred:
[drill_control-4] 
[drill_control-4] Traceback (most recent call last):
[drill_control-4]   File "/home/makemorerobot/Rover_2023_2024/software/install/rover2_control/lib/rover2_control/drill_control", line 33, in <module>
[drill_control-4]     sys.exit(load_entry_point('rover2-control==0.0.0', 'console_scripts', 'drill_control')())
[drill_control-4]   File "/home/makemorerobot/Rover_2023_2024/software/install/rover2_control/lib/python3.10/site-packages/rover2_control/drill_control.py", line 87, in main
[drill_control-4]     minimal_subscriber = DrillControl()
[drill_control-4]   File "/home/makemorerobot/Rover_2023_2024/software/install/rover2_control/lib/python3.10/site-packages/rover2_control/drill_control.py", line 31, in __init__
[drill_control-4]     self.arduino = serial.Serial(port="/dev/ttyACM0",baudrate=9600, write_timeout=0)
[drill_control-4]   File "/home/makemorerobot/.local/lib/python3.10/site-packages/serial/serialutil.py", line 244, in __init__
[drill_control-4]     self.open()
[drill_control-4]   File "/home/makemorerobot/.local/lib/python3.10/site-packages/serial/serialposix.py", line 325, in open
[drill_control-4]     raise SerialException(msg.errno, "could not open port {}: {}".format(self._port, msg))
[drill_control-4] serial.serialutil.SerialException: [Errno 2] could not open port /dev/ttyACM0: [Errno 2] No such file or directory: '/dev/ttyACM0'
[drivetrain_telemetry-31] [INFO] [1753506506.548524120] [odrive_telemetry]: can msgs read: 187
[tower_pan_tilt_control-5] rover2_control_interface.msg.GPSStatusMessage(rover_latitude=44.56733703613281, rover_longitude=-123.27360534667969, astronaut_latitude=0.0, astronaut_longitude=0.0)
[iris_controller-2] Drive command
[simple_position-13] [0m[INFO] [1753506506.564671416] [simple_position]: Received twist, controller present = False[0m
[drivetrain_telemetry-31] [INFO] [1753506506.598738008] [odrive_telemetry]: can msgs read: 194
[iris_controller-2] Drive command
[simple_position-13] [0m[INFO] [1753506506.612411288] [simple_position]: Received twist, controller present = False[0m
[drivetrain_telemetry-31] [INFO] [1753506506.653145144] [odrive_telemetry]: can msgs read: 183
[iris_controller-2] Drive command
[simple_position-13] [0m[INFO] [1753506506.662080888] [simple_position]: Received twist, controller present = False[0m
[tower_pan_tilt_control-5] rover2_control_interface.msg.GPSStatusMessage(rover_latitude=44.56733703613281, rover_longitude=-123.27360534667969, astronaut_latitude=0.0, astronaut_longitude=0.0)
[drivetrain_telemetry-31] [INFO] [1753506506.698700248] [odrive_telemetry]: can msgs read: 181
[iris_controller-2] Drive command
[simple_position-13] [0m[INFO] [1753506506.783687192] [simple_position]: Received twist, controller present = False[0m
[drivetrain_telemetry-31] [INFO] [1753506506.797686008] [odrive_telemetry]: can msgs read: 381
[drivetrain_telemetry-31] [INFO] [1753506506.803648632] [odrive_telemetry]: can msgs read: 19
[iris_controller-2] Drive command
[simple_position-13] [0m[INFO] [1753506506.858535768] [simple_position]: Received twist, controller present = False[0m
[tower_pan_tilt_control-5] rover2_control_interface.msg.GPSStatusMessage(rover_latitude=44.56733703613281, rover_longitude=-123.27360534667969, astronaut_latitude=0.0, astronaut_longitude=0.0)
[iris_controller-2] Drive command
[simple_position-13] [0m[INFO] [1753506506.916256760] [simple_position]: Received twist, controller present = False[0m
[drivetrain_telemetry-31] [INFO] [1753506506.937502680] [odrive_telemetry]: can msgs read: 480
[drivetrain_telemetry-31] [INFO] [1753506506.948759000] [odrive_telemetry]: can msgs read: 51
[iris_controller-2] Drive command
[iris_controller-2] Drive command
[tower_pan_tilt_control-5] rover2_control_interface.msg.GPSStatusMessage(rover_latitude=44.56733703613281, rover_longitude=-123.27360534667969, astronaut_latitude=0.0, astronaut_longitude=0.0)
[drivetrain_telemetry-31] [INFO] [1753506507.013631544] [odrive_telemetry]: can msgs read: 249
[drivetrain_telemetry-31] [INFO] [1753506507.052753016] [odrive_telemetry]: can msgs read: 121
[iris_controller-2] Drive command
[simple_position-13] [0m[INFO] [1753506507.065022616] [simple_position]: Received twist, controller present = False[0m
[simple_position-13] [0m[INFO] [1753506507.089936120] [simple_position]: Received twist, controller present = False[0m
[simple_position-13] [0m[INFO] [1753506507.106474232] [simple_position]: Received twist, controller present = False[0m
[drivetrain_telemetry-31] [INFO] [1753506507.115847224] [odrive_telemetry]: can msgs read: 234
[iris_controller-2] Drive command
[tower_pan_tilt_control-5] rover2_control_interface.msg.GPSStatusMessage(rover_latitude=44.56733703613281, rover_longitude=-123.27360534667969, astronaut_latitude=0.0, astronaut_longitude=0.0)
[simple_position-13] [0m[INFO] [1753506507.208906680] [simple_position]: Received twist, controller present = False[0m
[simple_position-13] [0m[INFO] [1753506507.234052408] [simple_position]: Current speed: 0.0. Current heading: -22.0[0m
[iris_controller-2] Drive command
[simple_position-13] [0m[INFO] [1753506507.274630584] [simple_position]: Distance covered: 0.0. New lat: 44.56733703613281, new lon: -123.27360534667969[0m
[simple_position-13] [0m[INFO] [1753506507.309423032] [simple_position]: Received twist, controller present = False[0m
[tower_pan_tilt_control-5] rover2_control_interface.msg.GPSStatusMessage(rover_latitude=44.56733703613281, rover_longitude=-123.27360534667969, astronaut_latitude=0.0, astronaut_longitude=0.0)
[iris_controller-2] Drive command
[simple_position-13] [0m[INFO] [1753506507.366928920] [simple_position]: Received twist, controller present = False[0m
[drivetrain_telemetry-31] [INFO] [1753506507.367669176] [odrive_telemetry]: can msgs read: 946
[drivetrain_telemetry-31] [INFO] [1753506507.399628792] [odrive_telemetry]: can msgs read: 131
[iris_controller-2] Drive command
[simple_position-13] [0m[INFO] [1753506507.412399992] [simple_position]: Received twist, controller present = False[0m
[tower_pan_tilt_control-5] rover2_control_interface.msg.GPSStatusMessage(rover_latitude=44.56733703613281, rover_longitude=-123.27360534667969, astronaut_latitude=0.0, astronaut_longitude=0.0)
[iris_controller-2] Drive command
[simple_position-13] [0m[INFO] [1753506507.445942712] [simple_position]: Received twist, controller present = False[0m
[drivetrain_telemetry-31] [INFO] [1753506507.448905368] [odrive_telemetry]: can msgs read: 182
[iris_controller-2] Drive command
[simple_position-13] [0m[INFO] [1753506507.506283640] [simple_position]: Received twist, controller present = False[0m
[iris_controller-2] Drive command
[simple_position-13] [0m[INFO] [1753506507.524928056] [simple_position]: Received twist, controller present = False[0m
[drivetrain_telemetry-31] [INFO] [1753506507.527268088] [odrive_telemetry]: can msgs read: 248
[tower_pan_tilt_control-5] rover2_control_interface.msg.GPSStatusMessage(rover_latitude=44.56733703613281, rover_longitude=-123.27360534667969, astronaut_latitude=0.0, astronaut_longitude=0.0)
[drivetrain_telemetry-31] [INFO] [1753506507.548791160] [odrive_telemetry]: can msgs read: 130
[iris_controller-2] Drive command
[simple_position-13] [0m[INFO] [1753506507.561762776] [simple_position]: Received twist, controller present = False[0m
[ERROR] [drill_control-4]: process has died [pid 12375, exit code 1, cmd '/home/makemorerobot/Rover_2023_2024/software/install/rover2_control/lib/rover2_control/drill_control --ros-args -r __node:=drill_control'].
[INFO] [drill_control-4]: process started with pid [12400]
[drivetrain_telemetry-31] [INFO] [1753506507.598324440] [odrive_telemetry]: can msgs read: 179
[iris_controller-2] Drive command
[simple_position-13] [0m[INFO] [1753506507.611624568] [simple_position]: Received twist, controller present = False[0m
[scimech_sensors-14] Traceback (most recent call last):
[scimech_sensors-14]   File "/home/makemorerobot/.local/lib/python3.10/site-packages/serial/serialposix.py", line 322, in open
[scimech_sensors-14]     self.fd = os.open(self.portstr, os.O_RDWR | os.O_NOCTTY | os.O_NONBLOCK)
[scimech_sensors-14] FileNotFoundError: [Errno 2] No such file or directory: '/dev/ttyACM0'
[scimech_sensors-14] 
[scimech_sensors-14] During handling of the above exception, another exception occurred:
[scimech_sensors-14] 
[scimech_sensors-14] Traceback (most recent call last):
[scimech_sensors-14]   File "/home/makemorerobot/Rover_2023_2024/software/install/rover2_odometry/lib/rover2_odometry/scimech_sensors", line 33, in <module>
[scimech_sensors-14]     sys.exit(load_entry_point('rover2-odometry==0.0.0', 'console_scripts', 'scimech_sensors')())
[scimech_sensors-14]   File "/home/makemorerobot/Rover_2023_2024/software/install/rover2_odometry/lib/python3.10/site-packages/rover2_odometry/scimech_sensors.py", line 65, in main
[scimech_sensors-14]     scimech_sensors = ScimechSensors()
[scimech_sensors-14]   File "/home/makemorerobot/Rover_2023_2024/software/install/rover2_odometry/lib/python3.10/site-packages/rover2_odometry/scimech_sensors.py", line 25, in __init__
[scimech_sensors-14]     self.scimech_arduino = serial.Serial('/dev/ttyACM0',9600, timeout=1)
[scimech_sensors-14]   File "/home/makemorerobot/.local/lib/python3.10/site-packages/serial/serialutil.py", line 244, in __init__
[scimech_sensors-14]     self.open()
[scimech_sensors-14]   File "/home/makemorerobot/.local/lib/python3.10/site-packages/serial/serialposix.py", line 325, in open
[scimech_sensors-14]     raise SerialException(msg.errno, "could not open port {}: {}".format(self._port, msg))
[scimech_sensors-14] serial.serialutil.SerialException: [Errno 2] could not open port /dev/ttyACM0: [Errno 2] No such file or directory: '/dev/ttyACM0'
[tower_pan_tilt_control-5] rover2_control_interface.msg.GPSStatusMessage(rover_latitude=44.56733703613281, rover_longitude=-123.27360534667969, astronaut_latitude=0.0, astronaut_longitude=0.0)
[drivetrain_telemetry-31] [INFO] [1753506507.649610968] [odrive_telemetry]: can msgs read: 186
[iris_controller-2] Drive command
[simple_position-13] [0m[INFO] [1753506507.658487000] [simple_position]: Received twist, controller present = False[0m
[drivetrain_telemetry-31] [INFO] [1753506507.699720088] [odrive_telemetry]: can msgs read: 187
[iris_controller-2] Drive command
[simple_position-13] [0m[INFO] [1753506507.721491608] [simple_position]: Received twist, controller present = False[0m
[tower_pan_tilt_control-5] rover2_control_interface.msg.GPSStatusMessage(rover_latitude=44.56733703613281, rover_longitude=-123.27360534667969, astronaut_latitude=0.0, astronaut_longitude=0.0)
[drivetrain_telemetry-31] [INFO] [1753506507.749054200] [odrive_telemetry]: can msgs read: 185
[iris_controller-2] Drive command
[simple_position-13] [0m[INFO] [1753506507.755128728] [simple_position]: Received twist, controller present = False[0m
[iris_controller-2] Drive command
[simple_position-13] [0m[INFO] [1753506507.801068824] [simple_position]: Received twist, controller present = False[0m
[drivetrain_telemetry-31] [INFO] [1753506507.801157752] [odrive_telemetry]: can msgs read: 204
[iris_controller-2] Drive command
[drivetrain_telemetry-31] [INFO] [1753506507.848426232] [odrive_telemetry]: can msgs read: 167
[simple_position-13] [0m[INFO] [1753506507.850142200] [simple_position]: Received twist, controller present = False[0m
[tower_pan_tilt_control-5] rover2_control_interface.msg.GPSStatusMessage(rover_latitude=44.56733703613281, rover_longitude=-123.27360534667969, astronaut_latitude=0.0, astronaut_longitude=0.0)
[iris_controller-2] Drive command
[drivetrain_telemetry-31] [INFO] [1753506507.898969752] [odrive_telemetry]: can msgs read: 187
[simple_position-13] [0m[INFO] [1753506507.899113976] [simple_position]: Received twist, controller present = False[0m
[ERROR] [scimech_sensors-14]: process has died [pid 12378, exit code 1, cmd '/home/makemorerobot/Rover_2023_2024/software/install/rover2_odometry/lib/rover2_odometry/scimech_sensors --ros-args -r __node:=scimech_sensors'].
[INFO] [scimech_sensors-14]: process started with pid [12402]
[drivetrain_telemetry-31] [INFO] [1753506507.947988600] [odrive_telemetry]: can msgs read: 186
[iris_controller-2] Drive command
[tower_pan_tilt_control-5] rover2_control_interface.msg.GPSStatusMessage(rover_latitude=44.56733703613281, rover_longitude=-123.27360534667969, astronaut_latitude=0.0, astronaut_longitude=0.0)
[simple_position-13] [0m[INFO] [1753506507.967690968] [simple_position]: Received twist, controller present = False[0m
[drill_control-4] [37;1m2025-07-25 22:08:27.981 [31;1m[[37;1mRTPS_TRANSPORT_SHM[31;1m Error] [37mFailed init_port fastrtps_port7413: open_and_lock_file failed[34;1m -> Function [36mopen_port_internal[m
[drill_control-4] [37;1m2025-07-25 22:08:27.982 [31;1m[[37;1mRTPS_TRANSPORT_SHM[31;1m Error] [37mFailed init_port fastrtps_port7415: open_and_lock_file failed[34;1m -> Function [36mopen_port_internal[m
[drill_control-4] [37;1m2025-07-25 22:08:27.986 [31;1m[[37;1mRTPS_TRANSPORT_SHM[31;1m Error] [37mFailed init_port fastrtps_port7447: open_and_lock_file failed[34;1m -> Function [36mopen_port_internal[m
[drivetrain_telemetry-31] [INFO] [1753506508.009781912] [odrive_telemetry]: can msgs read: 185
[iris_controller-2] Drive command
[simple_position-13] [0m[INFO] [1753506508.018673720] [simple_position]: Received twist, controller present = False[0m
[drivetrain_telemetry-31] [INFO] [1753506508.072319672] [odrive_telemetry]: can msgs read: 255
[iris_controller-2] Drive command
[simple_position-13] [0m[INFO] [1753506508.102977400] [simple_position]: Received twist, controller present = False[0m
[drivetrain_telemetry-31] [INFO] [1753506508.106423096] [odrive_telemetry]: can msgs read: 125
[tower_pan_tilt_control-5] rover2_control_interface.msg.GPSStatusMessage(rover_latitude=44.56733703613281, rover_longitude=-123.27360534667969, astronaut_latitude=0.0, astronaut_longitude=0.0)
[iris_controller-2] Drive command
[simple_position-13] [0m[INFO] [1753506508.141286936] [simple_position]: Received twist, controller present = False[0m
[drivetrain_telemetry-31] [INFO] [1753506508.150400248] [odrive_telemetry]: can msgs read: 201
[iris_controller-2] Drive command
[simple_position-13] [0m[INFO] [1753506508.183533336] [simple_position]: Received twist, controller present = False[0m
[drivetrain_telemetry-31] [INFO] [1753506508.208851320] [odrive_telemetry]: can msgs read: 165
[WARNING] [launch]: user interrupted with ctrl-c (SIGINT)
[effectors_control-6] Traceback (most recent call last):
[effectors_control-6]   File "/home/makemorerobot/Rover_2023_2024/software/install/rover2_control/lib/rover2_control/effectors_control", line 33, in <module>
[effectors_control-6]     sys.exit(load_entry_point('rover2-control==0.0.0', 'console_scripts', 'effectors_control')())
[effectors_control-6]   File "/home/makemorerobot/Rover_2023_2024/software/install/rover2_control/lib/python3.10/site-packages/rover2_control/effectors_control.py", line 395, in main
[effectors_control-6]     rclpy.spin(effectors_control)
[effectors_control-6]   File "/opt/ros/humble/local/lib/python3.10/dist-packages/rclpy/__init__.py", line 226, in spin
[effectors_control-6]     executor.spin_once()
[effectors_control-6]   File "/opt/ros/humble/local/lib/python3.10/dist-packages/rclpy/executors.py", line 739, in spin_once
[effectors_control-6]     self._spin_once_impl(timeout_sec)
[effectors_control-6]   File "/opt/ros/humble/local/lib/python3.10/dist-packages/rclpy/executors.py", line 728, in _spin_once_impl
[effectors_control-6]     handler, entity, node = self.wait_for_ready_callbacks(timeout_sec=timeout_sec)
[effectors_control-6]   File "/opt/ros/humble/local/lib/python3.10/dist-packages/rclpy/executors.py", line 711, in wait_for_ready_callbacks
[effectors_control-6]     return next(self._cb_iter)
[effectors_control-6]   File "/opt/ros/humble/local/lib/python3.10/dist-packages/rclpy/executors.py", line 608, in _wait_for_ready_callbacks
[effectors_control-6]     wait_set.wait(timeout_nsec)
[effectors_control-6] KeyboardInterrupt
[led_node-26] Traceback (most recent call last):
[led_node-26]   File "/home/makemorerobot/Rover_2023_2024/software/install/rover2_status/lib/rover2_status/led_node", line 33, in <module>
[led_node-26]     sys.exit(load_entry_point('rover2-status==0.0.0', 'console_scripts', 'led_node')())
[led_node-26]   File "/home/makemorerobot/Rover_2023_2024/software/install/rover2_status/lib/python3.10/site-packages/rover2_status/led_node.py", line 44, in main
[led_node-26]     rclpy.spin(autonomous_LED_subscriber)
[led_node-26]   File "/opt/ros/humble/local/lib/python3.10/dist-packages/rclpy/__init__.py", line 226, in spin
[led_node-26]     executor.spin_once()
[led_node-26]   File "/opt/ros/humble/local/lib/python3.10/dist-packages/rclpy/executors.py", line 739, in spin_once
[led_node-26]     self._spin_once_impl(timeout_sec)
[led_node-26]   File "/opt/ros/humble/local/lib/python3.10/dist-packages/rclpy/executors.py", line 728, in _spin_once_impl
[led_node-26]     handler, entity, node = self.wait_for_ready_callbacks(timeout_sec=timeout_sec)
[led_node-26]   File "/opt/ros/humble/local/lib/python3.10/dist-packages/rclpy/executors.py", line 711, in wait_for_ready_callbacks
[led_node-26]     return next(self._cb_iter)
[led_node-26]   File "/opt/ros/humble/local/lib/python3.10/dist-packages/rclpy/executors.py", line 608, in _wait_for_ready_callbacks
[led_node-26]     wait_set.wait(timeout_nsec)
[led_node-26] KeyboardInterrupt
[drive_control-8] Traceback (most recent call last):
[drive_control-8]   File "/home/makemorerobot/Rover_2023_2024/software/install/rover2_control/lib/rover2_control/drive_control", line 33, in <module>
[drive_control-8]     sys.exit(load_entry_point('rover2-control==0.0.0', 'console_scripts', 'drive_control')())
[drive_control-8]   File "/home/makemorerobot/Rover_2023_2024/software/install/rover2_control/lib/python3.10/site-packages/rover2_control/drive_control.py", line 262, in main
[drive_control-8]     rclpy.spin(drive_control)
[drive_control-8]   File "/opt/ros/humble/local/lib/python3.10/dist-packages/rclpy/__init__.py", line 226, in spin
[drive_control-8]     executor.spin_once()
[drive_control-8]   File "/opt/ros/humble/local/lib/python3.10/dist-packages/rclpy/executors.py", line 739, in spin_once
[drive_control-8]     self._spin_once_impl(timeout_sec)
[drive_control-8]   File "/opt/ros/humble/local/lib/python3.10/dist-packages/rclpy/executors.py", line 734, in _spin_once_impl
[drive_control-8]     handler()
[drive_control-8]   File "/opt/ros/humble/local/lib/python3.10/dist-packages/rclpy/task.py", line 239, in __call__
[drive_control-8]     self._handler.send(None)
[drive_control-8]   File "/opt/ros/humble/local/lib/python3.10/dist-packages/rclpy/executors.py", line 437, in handler
[drive_control-8]     await call_coroutine(entity, arg)
[drive_control-8]   File "/opt/ros/humble/local/lib/python3.10/dist-packages/rclpy/executors.py", line 351, in _execute_timer
[drive_control-8]     await await_or_execute(tmr.callback)
[drive_control-8]   File "/opt/ros/humble/local/lib/python3.10/dist-packages/rclpy/executors.py", line 107, in await_or_execute
[drive_control-8]     return callback(*args)
[drive_control-8]   File "/home/makemorerobot/Rover_2023_2024/software/install/rover2_control/lib/python3.10/site-packages/rover2_control/drive_control.py", line 156, in main_loop
[drive_control-8]     self.get_drive_status()
[drive_control-8]   File "/home/makemorerobot/Rover_2023_2024/software/install/rover2_control/lib/python3.10/site-packages/rover2_control/drive_control.py", line 243, in get_drive_status
[drive_control-8]     third = self.third_motor.read_registers(3, 3)
[drive_control-8]   File "/home/makemorerobot/.local/lib/python3.10/site-packages/minimalmodbus.py", line 927, in read_registers
[drive_control-8]     returnvalue = self._generic_command(
[drive_control-8]   File "/home/makemorerobot/.local/lib/python3.10/site-packages/minimalmodbus.py", line 1276, in _generic_command
[drive_control-8]     payload_from_slave = self._perform_command(functioncode, payload_to_slave)
[drive_control-8]   File "/home/makemorerobot/.local/lib/python3.10/site-packages/minimalmodbus.py", line 1353, in _perform_command
[drive_control-8]     response_bytes = self._communicate(request_bytes, number_of_bytes_to_read)
[drive_control-8]   File "/home/makemorerobot/.local/lib/python3.10/site-packages/minimalmodbus.py", line 1467, in _communicate
[led_node-26] Exiting... 
[led_node-26] Cleaning up pins
[iris_controller-2] Traceback (most recent call last):
[iris_controller-2]   File "/home/makemorerobot/Rover_2023_2024/software/install/rover2_control/lib/rover2_control/iris_controller", line 33, in <module>
[iris_controller-2]     sys.exit(load_entry_point('rover2-control==0.0.0', 'console_scripts', 'iris_controller')())
[iris_controller-2]   File "/home/makemorerobot/Rover_2023_2024/software/install/rover2_control/lib/python3.10/site-packages/rover2_control/iris_controller.py", line 321, in main
[iris_controller-2]     rclpy.spin(iris)
[iris_controller-2]   File "/opt/ros/humble/local/lib/python3.10/dist-packages/rclpy/__init__.py", line 226, in spin
[iris_controller-2]     executor.spin_once()
[iris_controller-2]   File "/opt/ros/humble/local/lib/python3.10/dist-packages/rclpy/executors.py", line 739, in spin_once
[iris_controller-2]     self._spin_once_impl(timeout_sec)
[iris_controller-2]   File "/opt/ros/humble/local/lib/python3.10/dist-packages/rclpy/executors.py", line 734, in _spin_once_impl
[scimech_sensors-14] Traceback (most recent call last):
[scimech_sensors-14]   File "/home/makemorerobot/Rover_2023_2024/software/install/rover2_odometry/lib/rover2_odometry/scimech_sensors", line 33, in <module>
[scimech_sensors-14]     sys.exit(load_entry_point('rover2-odometry==0.0.0', 'console_scripts', 'scimech_sensors')())
[scimech_sensors-14]   File "/home/makemorerobot/Rover_2023_2024/software/install/rover2_odometry/lib/rover2_odometry/scimech_sensors", line 25, in importlib_load_entry_point
[scimech_sensors-14]     return next(matches).load()
[scimech_sensors-14]   File "/usr/lib/python3.10/importlib/metadata/__init__.py", line 171, in load
[scimech_sensors-14]     module = import_module(match.group('module'))
[scimech_sensors-14]   File "/usr/lib/python3.10/importlib/__init__.py", line 126, in import_module
[scimech_sensors-14]     return _bootstrap._gcd_import(name[level:], package, level)
[scimech_sensors-14]   File "<frozen importlib._bootstrap>", line 1050, in _gcd_import
[chassis_pan_tilt_control-3] Traceback (most recent call last):
[chassis_pan_tilt_control-3]   File "/home/makemorerobot/Rover_2023_2024/software/install/rover2_control/lib/rover2_control/chassis_pan_tilt_control", line 33, in <module>
[chassis_pan_tilt_control-3]     sys.exit(load_entry_point('rover2-control==0.0.0', 'console_scripts', 'chassis_pan_tilt_control')())
[chassis_pan_tilt_control-3]   File "/home/makemorerobot/Rover_2023_2024/software/install/rover2_control/lib/python3.10/site-packages/rover2_control/chassis_pan_tilt_control.py", line 168, in main
[chassis_pan_tilt_control-3]     rclpy.spin(cptc)
[chassis_pan_tilt_control-3]   File "/opt/ros/humble/local/lib/python3.10/dist-packages/rclpy/__init__.py", line 226, in spin
[chassis_pan_tilt_control-3]     executor.spin_once()
[chassis_pan_tilt_control-3]   File "/opt/ros/humble/local/lib/python3.10/dist-packages/rclpy/executors.py", line 739, in spin_once
[chassis_pan_tilt_control-3]     self._spin_once_impl(timeout_sec)
[chassis_pan_tilt_control-3]   File "/opt/ros/humble/local/lib/python3.10/dist-packages/rclpy/executors.py", line 734, in _spin_once_impl
[chassis_pan_tilt_control-3]     handler()
[chassis_pan_tilt_control-3]   File "/opt/ros/humble/local/lib/python3.10/dist-packages/rclpy/task.py", line 239, in __call__
[chassis_pan_tilt_control-3]     self._handler.send(None)
[chassis_pan_tilt_control-3]   File "/opt/ros/humble/local/lib/python3.10/dist-packages/rclpy/executors.py", line 437, in handler
[chassis_pan_tilt_control-3]     await call_coroutine(entity, arg)
[chassis_pan_tilt_control-3]   File "/opt/ros/humble/local/lib/python3.10/dist-packages/rclpy/executors.py", line 351, in _execute_timer
[chassis_pan_tilt_control-3]     await await_or_execute(tmr.callback)
[chassis_pan_tilt_control-3]   File "/opt/ros/humble/local/lib/python3.10/dist-packages/rclpy/executors.py", line 107, in await_or_execute
[chassis_pan_tilt_control-3]     return callback(*args)
[chassis_pan_tilt_control-3]   File "/home/makemorerobot/Rover_2023_2024/software/install/rover2_control/lib/python3.10/site-packages/rover2_control/chassis_pan_tilt_control.py", line 106, in main_loop
[chassis_pan_tilt_control-3]     self.send_pan_tilt_control_message()
[chassis_pan_tilt_control-3]   File "/home/makemorerobot/Rover_2023_2024/software/install/rover2_control/lib/python3.10/site-packages/rover2_control/chassis_pan_tilt_control.py", line 155, in send_pan_tilt_control_message
[chassis_pan_tilt_control-3]     self.pan_tilt_node.write_registers(0, PAN_TILT_CONTROL_DEFAULT_MESSAGE)
[chassis_pan_tilt_control-3]   File "/home/makemorerobot/.local/lib/python3.10/site-packages/minimalmodbus.py", line 976, in write_registers
[chassis_pan_tilt_control-3]     self._generic_command(
[chassis_pan_tilt_control-3]   File "/home/makemorerobot/.local/lib/python3.10/site-packages/minimalmodbus.py", line 1276, in _generic_command
[chassis_pan_tilt_control-3]     payload_from_slave = self._perform_command(functioncode, payload_to_slave)
[chassis_pan_tilt_control-3]   File "/home/makemorerobot/.local/lib/python3.10/site-packages/minimalmodbus.py", line 1353, in _perform_command
[servo_node_main-24] [INFO] [1753506508.211284152] [rclcpp]: signal_handler(signum=2)
[INFO] [controller_switcher-23]: process has finished cleanly [pid 11846]
[INFO] [joy_to_servo_node-22]: process has finished cleanly [pid 11837]
[ERROR] [scimech_sensors-14]: process has died [pid 12402, exit code -2, cmd '/home/makemorerobot/Rover_2023_2024/software/install/rover2_odometry/lib/rover2_odometry/scimech_sensors --ros-args -r __node:=scimech_sensors'].
[ERROR] [tower_pan_tilt_control-5]: process has died [pid 11767, exit code -2, cmd '/home/makemorerobot/Rover_2023_2024/software/install/rover2_control/lib/rover2_control/tower_pan_tilt_control --ros-args -r __node:=tower_pan_tilt'].
[ERROR] [led_node-26]: process has died [pid 11878, exit code -2, cmd '/home/makemorerobot/Rover_2023_2024/software/install/rover2_status/lib/rover2_status/led_node --ros-args -r __node:=led_node'].
[ERROR] [node_info-27]: process has died [pid 11890, exit code -2, cmd '/home/makemorerobot/Rover_2023_2024/software/install/rover2_status/lib/rover2_status/node_info --ros-args --disable-stdout-logs --ros-args'].
[ERROR] [effectors_control-6]: process has died [pid 11769, exit code -2, cmd '/home/makemorerobot/Rover_2023_2024/software/install/rover2_control/lib/rover2_control/effectors_control --ros-args -r __node:=effectors'].
[ERROR] [node_log-28]: process has died [pid 11898, exit code -2, cmd '/home/makemorerobot/Rover_2023_2024/software/install/rover2_status/lib/rover2_status/node_log --ros-args --disable-stdout-logs --ros-args'].
[ERROR] [chassis_pan_tilt_control-3]: process has died [pid 11763, exit code -2, cmd '/home/makemorerobot/Rover_2023_2024/software/install/rover2_control/lib/rover2_control/chassis_pan_tilt_control --ros-args -r __node:=chassis_pan_tilt'].
[ERROR] [drive_control-8]: process has died [pid 11773, exit code -2, cmd '/home/makemorerobot/Rover_2023_2024/software/install/rover2_control/lib/rover2_control/drive_control --ros-args -r __node:=rear_bogie --params-file /tmp/launch_params_mg9mrq4j'].
[controller_switcher-23] [INFO] [1753506508.211292696] [rclcpp]: signal_handler(signum=2)
[move_group-17] [INFO] [1753506508.211397816] [rclcpp]: signal_handler(signum=2)
[realsense2_camera_node-25] [INFO] [1753506508.211396184] [rclcpp]: signal_handler(signum=2)
[joy_to_servo_node-22] [INFO] [1753506508.211509816] [rclcpp]: signal_handler(signum=2)
[ros2_control_node-18] [INFO] [1753506508.211596536] [rclcpp]: signal_handler(signum=2)
[node_info-27] Traceback (most recent call last):
[node_info-27]   File "/home/makemorerobot/Rover_2023_2024/software/install/rover2_status/lib/rover2_status/node_info", line 33, in <module>
[node_info-27]     sys.exit(load_entry_point('rover2-status==0.0.0', 'console_scripts', 'node_info')())
[node_info-27]   File "/home/makemorerobot/Rover_2023_2024/software/install/rover2_status/lib/python3.10/site-packages/rover2_status/node_info.py", line 94, in main
[node_info-27]     rclpy.spin(info)
[node_info-27]   File "/opt/ros/humble/local/lib/python3.10/dist-packages/rclpy/__init__.py", line 226, in spin
[node_info-27]     executor.spin_once()
[node_info-27]   File "/opt/ros/humble/local/lib/python3.10/dist-packages/rclpy/executors.py", line 739, in spin_once
[node_info-27]     self._spin_once_impl(timeout_sec)
[node_info-27]   File "/opt/ros/humble/local/lib/python3.10/dist-packages/rclpy/executors.py", line 728, in _spin_once_impl
[node_info-27]     handler, entity, node = self.wait_for_ready_callbacks(timeout_sec=timeout_sec)
[node_info-27]   File "/opt/ros/humble/local/lib/python3.10/dist-packages/rclpy/executors.py", line 711, in wait_for_ready_callbacks
[node_info-27]     return next(self._cb_iter)
[node_info-27]   File "/opt/ros/humble/local/lib/python3.10/dist-packages/rclpy/executors.py", line 608, in _wait_for_ready_callbacks
[node_info-27]     wait_set.wait(timeout_nsec)
[node_info-27] KeyboardInterrupt
[component_container_mt-16] [INFO] [1753506508.211716120] [rclcpp]: signal_handler(signum=2)
[drive_can_control-1] test
[drive_can_control-1] Time: 1753506494.6631706
[drive_can_control-1] 1753506496.5610695
[drive_can_control-1] Time: 1753506494.7627482
[drive_can_control-1] 1753506496.5610695
[drive_can_control-1] Time: 1753506494.8614323
[drive_can_control-1] 1753506496.5610695
[drive_can_control-1] Time: 1753506494.9614894
[drive_can_control-1] 1753506496.5610695
[drive_can_control-1] Time: 1753506495.0615518
[drive_can_control-1] 1753506496.5610695
[drive_can_control-1] Time: 1753506495.1615257
[drive_can_control-1] 1753506496.5610695
[drive_can_control-1] Time: 1753506495.261532
[drive_can_control-1] 1753506496.5610695
[drive_can_control-1] Time: 1753506495.3615062
[drive_can_control-1] 1753506496.5610695
[drive_can_control-1] Time: 1753506495.4615712
[drive_can_control-1] 1753506496.5610695
[drive_can_control-1] Time: 1753506495.561527
[drive_can_control-1] 1753506496.5610695
[drive_can_control-1] Time: 1753506495.6615243
[drive_can_control-1] 1753506496.5610695
[drive_can_control-1] Time: 1753506495.761516
[drive_can_control-1] 1753506496.5610695
[drive_can_control-1] Time: 1753506495.8615212
[drive_can_control-1] 1753506496.5610695
[drive_can_control-1] Time: 1753506495.961519
[drive_can_control-1] 1753506496.5610695
[drive_can_control-1] Time: 1753506496.064782
[drive_can_control-1] 1753506496.5610695
[drive_can_control-1] Time: 1753506496.1615114
[drive_can_control-1] 1753506496.5610695
[drive_can_control-1] Time: 1753506496.261509
[drive_can_control-1] 1753506496.5610695
[drive_can_control-1] Time: 1753506496.3614829
[drive_can_control-1] 1753506496.5610695
[drive_can_control-1] Time: 1753506496.4615111
[drive_can_control-1] 1753506496.5610695
[drive_can_control-1] Time: 1753506496.5614944
[drive_can_control-1] 1753506496.5610695
[drive_can_control-1] Time: 1753506496.661487
[drive_can_control-1] 1753506496.5610695
[drive_can_control-1] Time: 1753506496.7615411
[drive_can_control-1] 1753506496.5610695
[drive_can_control-1] Time: 1753506496.8614585
[drive_can_control-1] 1753506496.5610695
[drive_can_control-1] Time: 1753506496.9653203
[drive_can_control-1] 1753506496.5610695
[drive_can_control-1] Time: 1753506497.0615437
[drive_can_control-1] 1753506496.5610695
[drive_can_control-1] Time: 1753506497.1617243
[drive_can_control-1] 1753506496.5610695
[drive_can_control-1] Time: 1753506497.261515
[drive_can_control-1] 1753506496.5610695
[drive_can_control-1] Time: 1753506497.3615222
[drive_can_control-1] 1753506496.5610695
[drive_can_control-1] Time: 1753506497.4616928
[drive_can_control-1] 1753506496.5610695
[drive_can_control-1] Time: 1753506497.561488
[drive_can_control-1] 1753506496.5610695
[drive_can_control-1] Time: 1753506497.6615589
[drive_can_control-1] 1753506496.5610695
[drive_can_control-1] Time: 1753506497.7613084
[drive_can_control-1] 1753506496.5610695
[drive_can_control-1] Time: 1753506497.86249
[drive_can_control-1] 1753506496.5610695
[drive_can_control-1] Time: 1753506497.9614978
[drive_can_control-1] 1753506496.5610695
[drive_can_control-1] Time: 1753506498.0621953
[drive_can_control-1] 1753506496.5610695
[drive_can_control-1] Time: 1753506498.1615355
[drive_can_control-1] 1753506496.5610695
[drive_can_control-1] Time: 1753506498.2688627
[drive_can_control-1] 1753506496.5610695
[drive_can_control-1] Time: 1753506498.362808
[drive_can_control-1] 1753506496.5610695
[drive_can_control-1] Time: 1753506498.4615047
[drive_can_control-1] 1753506496.5610695
[drive_can_control-1] Time: 1753506498.5615351
[drive_can_control-1] 1753506496.5610695
[drive_can_control-1] Time: 1753506498.6615162
[drive_can_control-1] 1753506496.5610695
[drive_can_control-1] Time: 1753506498.763937
[drive_can_control-1] 1753506496.5610695
[drive_can_control-1] Time: 1753506498.8615613
[drive_can_control-1] 1753506496.5610695
[drive_can_control-1] Time: 1753506498.9627898
[drive_can_control-1] 1753506496.5610695
[drive_can_control-1] Time: 1753506499.061508
[drive_can_control-1] 1753506496.5610695
[drive_can_control-1] Time: 1753506499.1614585
[drive_can_control-1] 1753506496.5610695
[drive_can_control-1] Time: 1753506499.262335
[drive_can_control-1] 1753506496.5610695
[drive_can_control-1] Time: 1753506499.361459
[drive_can_control-1] 1753506496.5610695
[drive_can_control-1] Time: 1753506499.4614718
[drive_can_control-1] 1753506496.5610695
[drive_can_control-1] Time: 1753506499.5615108
[drive_can_control-1] 1753506496.5610695
[drive_can_control-1] Time: 1753506499.6614292
[drive_can_control-1] 1753506496.5610695
[drive_can_control-1] Time: 1753506499.7615302
[drive_can_control-1] 1753506496.5610695
[drive_can_control-1] Time: 1753506499.8648524
[drive_can_control-1] 1753506496.5610695
[drive_can_control-1] Time: 1753506499.962053
[drive_can_control-1] 1753506496.5610695
[drive_can_control-1] Time: 1753506500.0615654
[drive_can_control-1] 1753506496.5610695
[drive_can_control-1] Time: 1753506500.1623385
[drive_can_control-1] 1753506496.5610695
[drive_can_control-1] Time: 1753506500.2678049
[drive_can_control-1] 1753506496.5610695
[drive_can_control-1] Time: 1753506500.3619564
[drive_can_control-1] 1753506496.5610695
[drive_can_control-1] Time: 1753506500.461413
[drive_can_control-1] 1753506496.5610695
[drive_can_control-1] Time: 1753506500.5615544
[drive_can_control-1] 1753506496.5610695
[drive_can_control-1] Time: 1753506500.6615283
[drive_can_control-1] 1753506496.5610695
[drive_can_control-1] Time: 1753506500.761533
[drive_can_control-1] 1753506496.5610695
[drive_can_control-1] Time: 1753506500.861527
[drive_can_control-1] 1753506496.5610695
[drive_can_control-1] Time: 1753506500.9615397
[drive_can_control-1] 1753506496.5610695
[drive_can_control-1] Time: 1753506501.0614896
[drive_can_control-1] 1753506496.5610695
[drive_can_control-1] Time: 1753506501.1615195
[drive_can_control-1] 1753506496.5610695
[drive_can_control-1] Time: 1753506501.2614913
[drive_can_control-1] 1753506496.5610695
[drive_can_control-1] Time: 1753506501.361506
[drive_can_control-1] 1753506496.5610695
[drive_can_control-1] Time: 1753506501.4615128
[drive_can_control-1] 1753506496.5610695
[drive_can_control-1] Time: 1753506501.561525
[drive_can_control-1] 1753506496.5610695
[drive_can_control-1] Time: 1753506501.6614919
[drive_can_control-1] 1753506496.5610695
[drive_can_control-1] Time: 1753506501.7613928
[drive_can_control-1] 1753506496.5610695
[drive_can_control-1] Time: 1753506501.8614774
[drive_can_control-1] 1753506496.5610695
[drive_can_control-1] Time: 1753506501.9615245
[drive_can_control-1] 1753506496.5610695
[drive_can_control-1] Time: 1753506502.0615358
[drive_can_control-1] 1753506496.5610695
[drive_can_control-1] Time: 1753506502.1620252
[drive_can_control-1] 1753506496.5610695
[drive_can_control-1] Time: 1753506502.2614956
[drive_can_control-1] 1753506496.5610695
[drive_can_control-1] Time: 1753506502.3624318
[drive_can_control-1] 1753506496.5610695
[drive_can_control-1] Time: 1753506502.4615188
[drive_can_control-1] 1753506496.5610695
[drive_can_control-1] Time: 1753506502.5612817
[drive_can_control-1] 1753506496.5610695
[drive_can_control-1] Time: 1753506502.6615353
[drive_can_control-1] 1753506496.5610695
[drive_can_control-1] Time: 1753506502.7612946
[drive_can_control-1] 1753506496.5610695
[drive_can_control-1] Time: 1753506502.8613064
[drive_can_control-1] 1753506496.5610695
[drive_can_control-1] Time: 1753506502.9615808
[drive_can_control-1] 1753506496.5610695
[drive_can_control-1] Time: 1753506503.064758
[drive_can_control-1] 1753506496.5610695
[drive_can_control-1] Time: 1753506503.16146
[drive_can_control-1] 1753506496.5610695
[drive_can_control-1] Time: 1753506503.2615168
[drive_can_control-1] 1753506496.5610695
[drive_can_control-1] Time: 1753506503.3614984
[drive_can_control-1] 1753506496.5610695
[drive_can_control-1] Time: 1753506503.4615104
[drive_can_control-1] 1753506496.5610695
[drive_can_control-1] Time: 1753506503.5615017
[drive_can_control-1] 1753506496.5610695
[drive_can_control-1] Time: 1753506503.6614864
[drive_can_control-1] 1753506496.5610695
[drive_can_control-1] Time: 1753506503.7616677
[drive_can_control-1] 1753506496.5610695
[drive_can_control-1] Time: 1753506503.8615315
[drive_can_control-1] 1753506496.5610695
[drive_can_control-1] Time: 1753506503.9622455
[drive_can_control-1] 1753506496.5610695
[drive_can_control-1] Time: 1753506504.0675316
[drive_can_control-1] 1753506496.5610695
[drive_can_control-1] Time: 1753506504.1616447
[drive_can_control-1] 1753506496.5610695
[drive_can_control-1] Time: 1753506504.261555
[drive_can_control-1] 1753506496.5610695
[drive_can_control-1] Time: 1753506504.3611596
[drive_can_control-1] 1753506496.5610695
[drive_can_control-1] Time: 1753506504.4615495
[drive_can_control-1] 1753506496.5610695
[drive_can_control-1] Time: 1753506504.5615401
[drive_can_control-1] 1753506496.5610695
[drive_can_control-1] Time: 1753506504.6615589
[drive_can_control-1] 1753506496.5610695
[drive_can_control-1] Time: 1753506504.762481
[drive_can_control-1] 1753506496.5610695
[drive_can_control-1] Time: 1753506504.8613133
[drive_can_control-1] 1753506496.5610695
[drive_can_control-1] Time: 1753506504.9649513
[drive_can_control-1] 1753506496.5610695
[drive_can_control-1] Time: 1753506505.0615366
[drive_can_control-1] 1753506496.5610695
[drive_can_control-1] Time: 1753506505.1612668
[drive_can_control-1] 1753506496.5610695
[drive_can_control-1] Time: 1753506505.262377
[drive_can_control-1] 1753506496.5610695
[drive_can_control-1] Time: 1753506505.361319
[drive_can_control-1] 1753506496.5610695
[drive_can_control-1] Time: 1753506505.461493
[drive_can_control-1] 1753506496.5610695
[drive_can_control-1] Time: 1753506505.561705
[drive_can_control-1] 1753506496.5610695
[drive_can_control-1] Time: 1753506505.6615179
[drive_can_control-1] 1753506496.5610695
[drive_can_control-1] Time: 1753506505.7615035
[drive_can_control-1] 1753506496.5610695
[drive_can_control-1] Time: 1753506505.8619456
[drive_can_control-1] 1753506496.5610695
[drive_can_control-1] Time: 1753506505.9614775
[drive_can_control-1] 1753506496.5610695
[drive_can_control-1] Time: 1753506506.06144
[drive_can_control-1] 1753506496.5610695
[drive_can_control-1] Time: 1753506506.1615117
[drive_can_control-1] 1753506496.5610695
[drive_can_control-1] Time: 1753506506.2622771
[drive_can_control-1] 1753506496.5610695
[drive_can_control-1] Time: 1753506506.3615792
[drive_can_control-1] 1753506496.5610695
[drive_can_control-1] Time: 1753506506.4612992
[drive_can_control-1] 1753506496.5610695
[drive_can_control-1] Time: 1753506506.5614948
[drive_can_control-1] 1753506496.5610695
[drive_can_control-1] Time: 1753506506.6646647
[drive_can_control-1] 1753506496.5610695
[drive_can_control-1] Time: 1753506506.7614918
[drive_can_control-1] 1753506496.5610695
[drive_can_control-1] Time: 1753506506.8615122
[drive_can_control-1] 1753506496.5610695
[drive_can_control-1] Time: 1753506506.9614658
[drive_can_control-1] 1753506496.5610695
[drive_can_control-1] Time: 1753506507.0615675
[drive_can_control-1] 1753506496.5610695
[drive_can_control-1] Time: 1753506507.1615117
[drive_can_control-1] 1753506496.5610695
[drive_can_control-1] Time: 1753506507.2615032
[drive_can_control-1] 1753506496.5610695
[drive_can_control-1] Time: 1753506507.3614876
[drive_can_control-1] 1753506496.5610695
[drive_can_control-1] Time: 1753506507.4615295
[drive_can_control-1] 1753506496.5610695
[drive_can_control-1] Time: 1753506507.5613422
[drive_can_control-1] 1753506496.5610695
[drive_can_control-1] Time: 1753506507.6614306
[drive_can_control-1] 1753506496.5610695
[drive_can_control-1] Time: 1753506507.7615077
[drive_can_control-1] 1753506496.5610695
[drive_can_control-1] Time: 1753506507.8615043
[drive_can_control-1] 1753506496.5610695
[drive_can_control-1] Time: 1753506507.961531
[drive_can_control-1] 1753506496.5610695
[drive_can_control-1] Time: 1753506508.0615394
[drive_can_control-1] 1753506496.5610695
[drive_can_control-1] Time: 1753506508.1617038
[drive_can_control-1] 1753506496.5610695
[node_log-28] Traceback (most recent call last):
[node_log-28]   File "/home/makemorerobot/Rover_2023_2024/software/install/rover2_status/lib/rover2_status/node_log", line 33, in <module>
[node_log-28]     sys.exit(load_entry_point('rover2-status==0.0.0', 'console_scripts', 'node_log')())
[node_log-28]   File "/home/makemorerobot/Rover_2023_2024/software/install/rover2_status/lib/python3.10/site-packages/rover2_status/node_logs.py", line 115, in main
[node_log-28]     rclpy.spin(node_logs)
[node_log-28]   File "/opt/ros/humble/local/lib/python3.10/dist-packages/rclpy/__init__.py", line 226, in spin
[node_log-28]     executor.spin_once()
[node_log-28]   File "/opt/ros/humble/local/lib/python3.10/dist-packages/rclpy/executors.py", line 739, in spin_once
[node_log-28]     self._spin_once_impl(timeout_sec)
[node_log-28]   File "/opt/ros/humble/local/lib/python3.10/dist-packages/rclpy/executors.py", line 728, in _spin_once_impl
[node_log-28]     handler, entity, node = self.wait_for_ready_callbacks(timeout_sec=timeout_sec)
[node_log-28]   File "/opt/ros/humble/local/lib/python3.10/dist-packages/rclpy/executors.py", line 711, in wait_for_ready_callbacks
[node_log-28]     return next(self._cb_iter)
[node_log-28]   File "/opt/ros/humble/local/lib/python3.10/dist-packages/rclpy/executors.py", line 608, in _wait_for_ready_callbacks
[node_log-28]     wait_set.wait(timeout_nsec)
[node_log-28] KeyboardInterrupt
[drive_can_control-1] Traceback (most recent call last):
[drive_can_control-1]   File "/home/makemorerobot/Rover_2023_2024/software/install/rover2_control/lib/rover2_control/drive_can_control", line 33, in <module>
[drive_can_control-1]     sys.exit(load_entry_point('rover2-control==0.0.0', 'console_scripts', 'drive_can_control')())
[drive_can_control-1]   File "/home/makemorerobot/Rover_2023_2024/software/install/rover2_control/lib/python3.10/site-packages/rover2_control/drive_can_control.py", line 148, in main
[drive_can_control-1]     rclpy.spin(node)
[drive_can_control-1]   File "/opt/ros/humble/local/lib/python3.10/dist-packages/rclpy/__init__.py", line 226, in spin
[drive_can_control-1]     executor.spin_once()
[drive_can_control-1]   File "/opt/ros/humble/local/lib/python3.10/dist-packages/rclpy/executors.py", line 739, in spin_once
[drive_can_control-1]     self._spin_once_impl(timeout_sec)
[drive_can_control-1]   File "/opt/ros/humble/local/lib/python3.10/dist-packages/rclpy/executors.py", line 728, in _spin_once_impl
[drive_can_control-1]     handler, entity, node = self.wait_for_ready_callbacks(timeout_sec=timeout_sec)
[drive_can_control-1]   File "/opt/ros/humble/local/lib/python3.10/dist-packages/rclpy/executors.py", line 711, in wait_for_ready_callbacks
[drive_can_control-1]     return next(self._cb_iter)
[drive_can_control-1]   File "/opt/ros/humble/local/lib/python3.10/dist-packages/rclpy/executors.py", line 608, in _wait_for_ready_callbacks
[drive_can_control-1]     wait_set.wait(timeout_nsec)
[drive_can_control-1] KeyboardInterrupt
[rosbridge_websocket-10] registered capabilities (classes):
[rosbridge_websocket-10]  - <class 'rosbridge_library.capabilities.advertise.Advertise'>
[rosbridge_websocket-10]  - <class 'rosbridge_library.capabilities.publish.Publish'>
[rosbridge_websocket-10]  - <class 'rosbridge_library.capabilities.subscribe.Subscribe'>
[rosbridge_websocket-10]  - <class 'rosbridge_library.capabilities.defragmentation.Defragment'>
[rosbridge_websocket-10]  - <class 'rosbridge_library.capabilities.advertise_service.AdvertiseService'>
[rosbridge_websocket-10]  - <class 'rosbridge_library.capabilities.call_service.CallService'>
[rosbridge_websocket-10]  - <class 'rosbridge_library.capabilities.service_response.ServiceResponse'>
[rosbridge_websocket-10]  - <class 'rosbridge_library.capabilities.unadvertise_service.UnadvertiseService'>
[rosbridge_websocket-10]  - <class 'rosbridge_library.capabilities.advertise_action.AdvertiseAction'>
[rosbridge_websocket-10]  - <class 'rosbridge_library.capabilities.action_feedback.ActionFeedback'>
[rosbridge_websocket-10]  - <class 'rosbridge_library.capabilities.action_result.ActionResult'>
[rosbridge_websocket-10]  - <class 'rosbridge_library.capabilities.send_action_goal.SendActionGoal'>
[rosbridge_websocket-10]  - <class 'rosbridge_library.capabilities.unadvertise_action.UnadvertiseAction'>
[rosbridge_websocket-10] Exiting due to SIGINT
[iris_controller-2]     handler()
[iris_controller-2]   File "/opt/ros/humble/local/lib/python3.10/dist-packages/rclpy/task.py", line 239, in __call__
[iris_controller-2]     self._handler.send(None)
[iris_controller-2]   File "/opt/ros/humble/local/lib/python3.10/dist-packages/rclpy/executors.py", line 437, in handler
[iris_controller-2]     await call_coroutine(entity, arg)
[iris_controller-2]   File "/opt/ros/humble/local/lib/python3.10/dist-packages/rclpy/executors.py", line 351, in _execute_timer
[iris_controller-2]     await await_or_execute(tmr.callback)
[iris_controller-2]   File "/opt/ros/humble/local/lib/python3.10/dist-packages/rclpy/executors.py", line 107, in await_or_execute
[iris_controller-2]     return callback(*args)
[iris_controller-2]   File "/home/makemorerobot/Rover_2023_2024/software/install/rover2_control/lib/python3.10/site-packages/rover2_control/iris_controller.py", line 146, in main_loop
[iris_controller-2]     self.read_registers()
[iris_controller-2]   File "/home/makemorerobot/Rover_2023_2024/software/install/rover2_control/lib/python3.10/site-packages/rover2_control/iris_controller.py", line 162, in read_registers
[iris_controller-2]     self.registers = self.iris.read_registers(0, len(MODBUS_REGISTERS))
[iris_controller-2]   File "/home/makemorerobot/.local/lib/python3.10/site-packages/minimalmodbus.py", line 927, in read_registers
[iris_controller-2]     returnvalue = self._generic_command(
[iris_controller-2]   File "/home/makemorerobot/.local/lib/python3.10/site-packages/minimalmodbus.py", line 1276, in _generic_command
[iris_controller-2]     payload_from_slave = self._perform_command(functioncode, payload_to_slave)
[iris_controller-2]   File "/home/makemorerobot/.local/lib/python3.10/site-packages/minimalmodbus.py", line 1353, in _perform_command
[iris_controller-2]     response_bytes = self._communicate(request_bytes, number_of_bytes_to_read)
[iris_controller-2]   File "/home/makemorerobot/.local/lib/python3.10/site-packages/minimalmodbus.py", line 1491, in _communicate
[iris_controller-2]     answer = self.serial.read(number_of_bytes_to_read)
[iris_controller-2]   File "/home/makemorerobot/.local/lib/python3.10/site-packages/serial/serialposix.py", line 565, in read
[iris_controller-2]     ready, _, _ = select.select([self.fd, self.pipe_abort_read_r], [], [], timeout.time_left())
[iris_controller-2] KeyboardInterrupt
[chassis_pan_tilt_control-3]     response_bytes = self._communicate(request_bytes, number_of_bytes_to_read)
[chassis_pan_tilt_control-3]   File "/home/makemorerobot/.local/lib/python3.10/site-packages/minimalmodbus.py", line 1467, in _communicate
[chassis_pan_tilt_control-3]     self.serial.write(request)
[chassis_pan_tilt_control-3]   File "/home/makemorerobot/.local/lib/python3.10/site-packages/serial/rs485.py", line 71, in write
[chassis_pan_tilt_control-3]     time.sleep(self._alternate_rs485_settings.delay_before_tx)
[chassis_pan_tilt_control-3] KeyboardInterrupt
[gripper_control-9] Traceback (most recent call last):
[gripper_control-9]   File "/home/makemorerobot/Rover_2023_2024/software/install/rover2_control/lib/rover2_control/gripper_control", line 33, in <module>
[gripper_control-9]     sys.exit(load_entry_point('rover2-control==0.0.0', 'console_scripts', 'gripper_control')())
[gripper_control-9]   File "/home/makemorerobot/Rover_2023_2024/software/install/rover2_control/lib/python3.10/site-packages/rover2_control/gripper_control.py", line 520, in main
[gripper_control-9]     gripper_node = GripperCanControl()
[gripper_control-9]   File "/home/makemorerobot/Rover_2023_2024/software/install/rover2_control/lib/python3.10/site-packages/rover2_control/gripper_control.py", line 82, in __init__
[scimech_sensors-14]   File "<frozen importlib._bootstrap>", line 1027, in _find_and_load
[scimech_sensors-14]   File "<frozen importlib._bootstrap>", line 1006, in _find_and_load_unlocked
[scimech_sensors-14]   File "<frozen importlib._bootstrap>", line 688, in _load_unlocked
[scimech_sensors-14]   File "<frozen importlib._bootstrap_external>", line 883, in exec_module
[scimech_sensors-14]   File "<frozen importlib._bootstrap>", line 241, in _call_with_frames_removed
[scimech_sensors-14]   File "/home/makemorerobot/Rover_2023_2024/software/install/rover2_odometry/lib/python3.10/site-packages/rover2_odometry/scimech_sensors.py", line 3, in <module>
[scimech_sensors-14]     from rclpy.node import Node
[scimech_sensors-14]   File "/opt/ros/humble/local/lib/python3.10/dist-packages/rclpy/node.py", line 64, in <module>
[scimech_sensors-14]     from rclpy.parameter_service import ParameterService
[scimech_sensors-14]   File "/opt/ros/humble/local/lib/python3.10/dist-packages/rclpy/parameter_service.py", line 18, in <module>
[scimech_sensors-14]     from rcl_interfaces.srv import DescribeParameters, GetParameters, GetParameterTypes
[scimech_sensors-14]   File "/opt/ros/humble/local/lib/python3.10/dist-packages/rcl_interfaces/srv/__init__.py", line 3, in <module>
[scimech_sensors-14]     from rcl_interfaces.srv._get_parameters import GetParameters  # noqa: F401
[scimech_sensors-14]   File "<frozen importlib._bootstrap>", line 1027, in _find_and_load
[scimech_sensors-14]   File "<frozen importlib._bootstrap>", line 1006, in _find_and_load_unlocked
[scimech_sensors-14]   File "<frozen importlib._bootstrap>", line 688, in _load_unlocked
[scimech_sensors-14]   File "<frozen importlib._bootstrap_external>", line 879, in exec_module
[tower_pan_tilt_control-5] Traceback (most recent call last):
[tower_pan_tilt_control-5]   File "/home/makemorerobot/Rover_2023_2024/software/install/rover2_control/lib/rover2_control/tower_pan_tilt_control", line 33, in <module>
[tower_pan_tilt_control-5]     sys.exit(load_entry_point('rover2-control==0.0.0', 'console_scripts', 'tower_pan_tilt_control')())
[tower_pan_tilt_control-5]   File "/home/makemorerobot/Rover_2023_2024/software/install/rover2_control/lib/python3.10/site-packages/rover2_control/tower_pan_tilt_control.py", line 244, in main
[tower_pan_tilt_control-5]     rclpy.spin(tower_control)
[tower_pan_tilt_control-5]   File "/opt/ros/humble/local/lib/python3.10/dist-packages/rclpy/__init__.py", line 226, in spin
[tower_pan_tilt_control-5]     executor.spin_once()
[tower_pan_tilt_control-5]   File "/opt/ros/humble/local/lib/python3.10/dist-packages/rclpy/executors.py", line 739, in spin_once
[tower_pan_tilt_control-5]     self._spin_once_impl(timeout_sec)
[tower_pan_tilt_control-5]   File "/opt/ros/humble/local/lib/python3.10/dist-packages/rclpy/executors.py", line 734, in _spin_once_impl
[tower_pan_tilt_control-5]     handler()
[tower_pan_tilt_control-5]   File "/opt/ros/humble/local/lib/python3.10/dist-packages/rclpy/task.py", line 239, in __call__
[tower_pan_tilt_control-5]     self._handler.send(None)
[tower_pan_tilt_control-5]   File "/opt/ros/humble/local/lib/python3.10/dist-packages/rclpy/executors.py", line 437, in handler
[tower_pan_tilt_control-5]     await call_coroutine(entity, arg)
[tower_pan_tilt_control-5]   File "/opt/ros/humble/local/lib/python3.10/dist-packages/rclpy/executors.py", line 351, in _execute_timer
[tower_pan_tilt_control-5]     await await_or_execute(tmr.callback)
[tower_pan_tilt_control-5]   File "/opt/ros/humble/local/lib/python3.10/dist-packages/rclpy/executors.py", line 107, in await_or_execute
[tower_pan_tilt_control-5]     return callback(*args)
[tower_pan_tilt_control-5]   File "/home/makemorerobot/Rover_2023_2024/software/install/rover2_control/lib/python3.10/site-packages/rover2_control/tower_pan_tilt_control.py", line 165, in main_loop
[tower_pan_tilt_control-5]     self.broadcast_gps_reading_message()
[tower_pan_tilt_control-5]   File "/home/makemorerobot/Rover_2023_2024/software/install/rover2_control/lib/python3.10/site-packages/rover2_control/tower_pan_tilt_control.py", line 212, in broadcast_gps_reading_message
[tower_pan_tilt_control-5]     tower_data = self.tower_node.read_registers(1, len(GPS_COORDINATES) * REGISTERS_PER_COORDINATE) # skip light control
[tower_pan_tilt_control-5]   File "/home/makemorerobot/.local/lib/python3.10/site-packages/minimalmodbus.py", line 927, in read_registers
[tower_pan_tilt_control-5]     returnvalue = self._generic_command(
[tower_pan_tilt_control-5]   File "/home/makemorerobot/.local/lib/python3.10/site-packages/minimalmodbus.py", line 1276, in _generic_command
[tower_pan_tilt_control-5]     payload_from_slave = self._perform_command(functioncode, payload_to_slave)
[tower_pan_tilt_control-5]   File "/home/makemorerobot/.local/lib/python3.10/site-packages/minimalmodbus.py", line 1353, in _perform_command
[tower_pan_tilt_control-5]     response_bytes = self._communicate(request_bytes, number_of_bytes_to_read)
[tower_pan_tilt_control-5]   File "/home/makemorerobot/.local/lib/python3.10/site-packages/minimalmodbus.py", line 1467, in _communicate
[tower_pan_tilt_control-5]     self.serial.write(request)
[tower_pan_tilt_control-5]   File "/home/makemorerobot/.local/lib/python3.10/site-packages/serial/rs485.py", line 71, in write
[tower_pan_tilt_control-5]     time.sleep(self._alternate_rs485_settings.delay_before_tx)
[tower_pan_tilt_control-5] KeyboardInterrupt
[simple_position-13] Traceback (most recent call last):
[simple_position-13]   File "/home/makemorerobot/Rover_2023_2024/software/install/rover2_odometry/lib/rover2_odometry/simple_position", line 33, in <module>
[simple_position-13]     sys.exit(load_entry_point('rover2-odometry==0.0.0', 'console_scripts', 'simple_position')())
[simple_position-13]   File "/home/makemorerobot/Rover_2023_2024/software/install/rover2_odometry/lib/python3.10/site-packages/rover2_odometry/simple_position.py", line 118, in main
[simple_position-13]     rclpy.spin(node)
[simple_position-13]   File "/opt/ros/humble/local/lib/python3.10/dist-packages/rclpy/__init__.py", line 226, in spin
[simple_position-13]     executor.spin_once()
[simple_position-13]   File "/opt/ros/humble/local/lib/python3.10/dist-packages/rclpy/executors.py", line 739, in spin_once
[simple_position-13]     self._spin_once_impl(timeout_sec)
[simple_position-13]   File "/opt/ros/humble/local/lib/python3.10/dist-packages/rclpy/executors.py", line 728, in _spin_once_impl
[simple_position-13]     handler, entity, node = self.wait_for_ready_callbacks(timeout_sec=timeout_sec)
[simple_position-13]   File "/opt/ros/humble/local/lib/python3.10/dist-packages/rclpy/executors.py", line 711, in wait_for_ready_callbacks
[simple_position-13]     return next(self._cb_iter)
[simple_position-13]   File "/opt/ros/humble/local/lib/python3.10/dist-packages/rclpy/executors.py", line 608, in _wait_for_ready_callbacks
[simple_position-13]     wait_set.wait(timeout_nsec)
[simple_position-13] KeyboardInterrupt
[drive_control-8]     self.serial.write(request)
[drive_control-8]   File "/home/makemorerobot/.local/lib/python3.10/site-packages/serial/rs485.py", line 77, in write
[drive_control-8]     time.sleep(self._alternate_rs485_settings.delay_before_rx)
[drive_control-8] KeyboardInterrupt
[gripper_control-9]     self.setup_controller()
[gripper_control-9]   File "/home/makemorerobot/Rover_2023_2024/software/install/rover2_control/lib/python3.10/site-packages/rover2_control/gripper_control.py", line 209, in setup_controller
[servo_node_main-24] Warning: class_loader.ClassLoader: SEVERE WARNING!!! Attempting to unload library while objects created by this loader exist in the heap! You should delete your objects before attempting to unload the library or destroying the ClassLoader. The library will NOT be unloaded.
[servo_node_main-24]          at line 127 in ./src/class_loader.cpp
[gripper_control-9]     self.home()
[gripper_control-9]   File "/home/makemorerobot/Rover_2023_2024/software/install/rover2_control/lib/python3.10/site-packages/rover2_control/gripper_control.py", line 229, in home
[gripper_control-9]     rclpy.spin_once(self, timeout_sec=0.01)
[gripper_control-9]   File "/opt/ros/humble/local/lib/python3.10/dist-packages/rclpy/__init__.py", line 206, in spin_once
[gripper_control-9]     executor.spin_once(timeout_sec=timeout_sec)
[gripper_control-9]   File "/opt/ros/humble/local/lib/python3.10/dist-packages/rclpy/executors.py", line 739, in spin_once
[gripper_control-9]     self._spin_once_impl(timeout_sec)
[gripper_control-9]   File "/opt/ros/humble/local/lib/python3.10/dist-packages/rclpy/executors.py", line 734, in _spin_once_impl
[gripper_control-9]     handler()
[gripper_control-9]   File "/opt/ros/humble/local/lib/python3.10/dist-packages/rclpy/task.py", line 239, in __call__
[gripper_control-9]     self._handler.send(None)
[gripper_control-9]   File "/opt/ros/humble/local/lib/python3.10/dist-packages/rclpy/executors.py", line 437, in handler
[gripper_control-9]     await call_coroutine(entity, arg)
[gripper_control-9]   File "/opt/ros/humble/local/lib/python3.10/dist-packages/rclpy/executors.py", line 351, in _execute_timer
[gripper_control-9]     await await_or_execute(tmr.callback)
[gripper_control-9]   File "/opt/ros/humble/local/lib/python3.10/dist-packages/rclpy/executors.py", line 107, in await_or_execute
[gripper_control-9]     return callback(*args)
[gripper_control-9]   File "/home/makemorerobot/Rover_2023_2024/software/install/rover2_control/lib/python3.10/site-packages/rover2_control/gripper_control.py", line 433, in read_can
[gripper_control-9]     can_msgs = self.get_can_buffer()
[gripper_control-9]   File "/home/makemorerobot/Rover_2023_2024/software/install/rover2_control/lib/python3.10/site-packages/rover2_control/gripper_control.py", line 503, in get_can_buffer
[gripper_control-9]     can_msg = self.bus.recv(timeout=0)
[gripper_control-9]   File "/home/makemorerobot/.local/lib/python3.10/site-packages/can/bus.py", line 131, in recv
[gripper_control-9]     LOG.log(self.RECV_LOGGING_LEVEL, "Received: %s", msg)
[gripper_control-9]   File "/usr/lib/python3.10/logging/__init__.py", line 1532, in log
[gripper_control-9]     def log(self, level, msg, *args, **kwargs):
[gripper_control-9] KeyboardInterrupt
[drill_control-4] Traceback (most recent call last):
[drill_control-4]   File "/home/makemorerobot/.local/lib/python3.10/site-packages/serial/serialposix.py", line 322, in open
[drill_control-4]     self.fd = os.open(self.portstr, os.O_RDWR | os.O_NOCTTY | os.O_NONBLOCK)
[drill_control-4] FileNotFoundError: [Errno 2] No such file or directory: '/dev/ttyACM0'
[drill_control-4] 
[drill_control-4] During handling of the above exception, another exception occurred:
[drill_control-4] 
[drill_control-4] Traceback (most recent call last):
[drill_control-4]   File "/home/makemorerobot/Rover_2023_2024/software/install/rover2_control/lib/rover2_control/drill_control", line 33, in <module>
[drill_control-4]     sys.exit(load_entry_point('rover2-control==0.0.0', 'console_scripts', 'drill_control')())
[drill_control-4]   File "/home/makemorerobot/Rover_2023_2024/software/install/rover2_control/lib/python3.10/site-packages/rover2_control/drill_control.py", line 87, in main
[drill_control-4]     minimal_subscriber = DrillControl()
[drill_control-4]   File "/home/makemorerobot/Rover_2023_2024/software/install/rover2_control/lib/python3.10/site-packages/rover2_control/drill_control.py", line 31, in __init__
[drill_control-4]     self.arduino = serial.Serial(port="/dev/ttyACM0",baudrate=9600, write_timeout=0)
[drill_control-4]   File "/home/makemorerobot/.local/lib/python3.10/site-packages/serial/serialutil.py", line 244, in __init__
[drill_control-4]     self.open()
[drill_control-4]   File "/home/makemorerobot/.local/lib/python3.10/site-packages/serial/serialposix.py", line 325, in open
[drill_control-4]     raise SerialException(msg.errno, "could not open port {}: {}".format(self._port, msg))
[drill_control-4] serial.serialutil.SerialException: [Errno 2] could not open port /dev/ttyACM0: [Errno 2] No such file or directory: '/dev/ttyACM0'
[drill_control-4] Error in sys.excepthook:
[drill_control-4] Traceback (most recent call last):
[drill_control-4]   File "/usr/lib/python3/dist-packages/apport_python_hook.py", line 55, in apport_excepthook
[drill_control-4]     import apt_pkg
[drill_control-4] KeyboardInterrupt
[drill_control-4] 
[drill_control-4] Original exception was:
[drill_control-4] Traceback (most recent call last):
[drill_control-4]   File "/home/makemorerobot/.local/lib/python3.10/site-packages/serial/serialposix.py", line 322, in open
[drill_control-4]     self.fd = os.open(self.portstr, os.O_RDWR | os.O_NOCTTY | os.O_NONBLOCK)
[drill_control-4] FileNotFoundError: [Errno 2] No such file or directory: '/dev/ttyACM0'
[drill_control-4] 
[drill_control-4] During handling of the above exception, another exception occurred:
[drill_control-4] 
[drill_control-4] Traceback (most recent call last):
[drill_control-4]   File "/home/makemorerobot/Rover_2023_2024/software/install/rover2_control/lib/rover2_control/drill_control", line 33, in <module>
[drill_control-4]     sys.exit(load_entry_point('rover2-control==0.0.0', 'console_scripts', 'drill_control')())
[drill_control-4]   File "/home/makemorerobot/Rover_2023_2024/software/install/rover2_control/lib/python3.10/site-packages/rover2_control/drill_control.py", line 87, in main
[drill_control-4]     minimal_subscriber = DrillControl()
[drill_control-4]   File "/home/makemorerobot/Rover_2023_2024/software/install/rover2_control/lib/python3.10/site-packages/rover2_control/drill_control.py", line 31, in __init__
[imu-12] Traceback (most recent call last):
[imu-12]   File "/home/makemorerobot/Rover_2023_2024/software/install/rover2_odometry/lib/rover2_odometry/imu", line 33, in <module>
[imu-12]     sys.exit(load_entry_point('rover2-odometry==0.0.0', 'console_scripts', 'imu')())
[imu-12]   File "/home/makemorerobot/Rover_2023_2024/software/install/rover2_odometry/lib/python3.10/site-packages/rover2_odometry/imu.py", line 204, in main
[imu-12]     rclpy.spin(odometry)
[imu-12]   File "/opt/ros/humble/local/lib/python3.10/dist-packages/rclpy/__init__.py", line 226, in spin
[drivetrain_telemetry-31] Traceback (most recent call last):
[drivetrain_telemetry-31]   File "/home/makemorerobot/Rover_2023_2024/software/install/rover2_status/lib/rover2_status/drivetrain_telemetry", line 33, in <module>
[drivetrain_telemetry-31]     sys.exit(load_entry_point('rover2-status==0.0.0', 'console_scripts', 'drivetrain_telemetry')())
[drivetrain_telemetry-31]   File "/home/makemorerobot/Rover_2023_2024/software/install/rover2_status/lib/python3.10/site-packages/rover2_status/odrive_telemetry.py", line 223, in drivetrain_telem
[drivetrain_telemetry-31]     rclpy.spin(odrive_telem)
[drivetrain_telemetry-31]   File "/opt/ros/humble/local/lib/python3.10/dist-packages/rclpy/__init__.py", line 226, in spin
[drivetrain_telemetry-31]     executor.spin_once()
[drivetrain_telemetry-31]   File "/opt/ros/humble/local/lib/python3.10/dist-packages/rclpy/executors.py", line 739, in spin_once
[drivetrain_telemetry-31]     self._spin_once_impl(timeout_sec)
[drivetrain_telemetry-31]   File "/opt/ros/humble/local/lib/python3.10/dist-packages/rclpy/executors.py", line 734, in _spin_once_impl
[drivetrain_telemetry-31]     handler()
[drivetrain_telemetry-31]   File "/opt/ros/humble/local/lib/python3.10/dist-packages/rclpy/task.py", line 239, in __call__
[drivetrain_telemetry-31]     self._handler.send(None)
[drivetrain_telemetry-31]   File "/opt/ros/humble/local/lib/python3.10/dist-packages/rclpy/executors.py", line 437, in handler
[drivetrain_telemetry-31]     await call_coroutine(entity, arg)
[drivetrain_telemetry-31]   File "/opt/ros/humble/local/lib/python3.10/dist-packages/rclpy/executors.py", line 351, in _execute_timer
[drivetrain_telemetry-31]     await await_or_execute(tmr.callback)
[drivetrain_telemetry-31]   File "/opt/ros/humble/local/lib/python3.10/dist-packages/rclpy/executors.py", line 107, in await_or_execute
[drivetrain_telemetry-31]     return callback(*args)
[drivetrain_telemetry-31]   File "/home/makemorerobot/Rover_2023_2024/software/install/rover2_status/lib/python3.10/site-packages/rover2_status/odrive_telemetry.py", line 97, in pub_callback
[imu-12]     executor.spin_once()
[imu-12]   File "/opt/ros/humble/local/lib/python3.10/dist-packages/rclpy/executors.py", line 739, in spin_once
[imu-12]     self._spin_once_impl(timeout_sec)
[imu-12]   File "/opt/ros/humble/local/lib/python3.10/dist-packages/rclpy/executors.py", line 734, in _spin_once_impl
[imu-12]     handler()
[imu-12]   File "/opt/ros/humble/local/lib/python3.10/dist-packages/rclpy/task.py", line 239, in __call__
[imu-12]     self._handler.send(None)
[imu-12]   File "/opt/ros/humble/local/lib/python3.10/dist-packages/rclpy/executors.py", line 437, in handler
[imu-12]     await call_coroutine(entity, arg)
[imu-12]   File "/opt/ros/humble/local/lib/python3.10/dist-packages/rclpy/executors.py", line 351, in _execute_timer
[imu-12]     await await_or_execute(tmr.callback)
[imu-12]   File "/opt/ros/humble/local/lib/python3.10/dist-packages/rclpy/executors.py", line 107, in await_or_execute
[imu-12]     return callback(*args)
[imu-12]   File "/home/makemorerobot/Rover_2023_2024/software/install/rover2_odometry/lib/python3.10/site-packages/rover2_odometry/imu.py", line 93, in main_loop
[imu-12]     self.process_messages()
[imu-12]   File "/home/makemorerobot/Rover_2023_2024/software/install/rover2_odometry/lib/python3.10/site-packages/rover2_odometry/imu.py", line 147, in process_messages
[imu-12]     self.broadcast_imu()
[imu-12]   File "/home/makemorerobot/Rover_2023_2024/software/install/rover2_odometry/lib/python3.10/site-packages/rover2_odometry/imu.py", line 188, in broadcast_imu
[imu-12]     offset_heading = self.imu.euler[0] + self.magnetic_declination # magnetic declination
[imu-12]   File "/home/makemorerobot/.local/lib/python3.10/site-packages/adafruit_bno055.py", line 455, in euler
[imu-12]     return self._euler
[imu-12]   File "/home/makemorerobot/.local/lib/python3.10/site-packages/adafruit_bno055.py", line 155, in __get__
[imu-12]     result = super().__get__(obj, objtype)
[imu-12]   File "/home/makemorerobot/.local/lib/python3.10/site-packages/adafruit_register/i2c_struct.py", line 49, in __get__
[imu-12]     i2c.write_then_readinto(self.buffer, self.buffer, out_end=1, in_start=1)
[imu-12]   File "/home/makemorerobot/.local/lib/python3.10/site-packages/adafruit_bus_device/i2c_device.py", line 140, in write_then_readinto
[imu-12]     self.i2c.writeto_then_readfrom(
[imu-12]   File "/home/makemorerobot/.local/lib/python3.10/site-packages/busio.py", line 232, in writeto_then_readfrom
[imu-12]     return self._i2c.writeto_then_readfrom(
[imu-12]   File "/home/makemorerobot/.local/lib/python3.10/site-packages/adafruit_blinka/microcontroller/generic_linux/i2c.py", line 98, in writeto_then_readfrom
[imu-12]     readin = self._i2c_bus.read_i2c_block_data(
[imu-12]   File "/home/makemorerobot/.local/lib/python3.10/site-packages/Adafruit_PureIO/smbus.py", line 264, in read_i2c_block_data
[imu-12]     ioctl(self._device.fileno(), I2C_RDWR, request)
[imu-12] KeyboardInterrupt
[scimech_sensors-14]   File "<frozen importlib._bootstrap_external>", line 1012, in get_code
[scimech_sensors-14]   File "<frozen importlib._bootstrap_external>", line 672, in _compile_bytecode
[scimech_sensors-14] KeyboardInterrupt
[INFO] [component_container_mt-16]: process has finished cleanly [pid 11789]
[ERROR] [imu-12]: process has died [pid 11781, exit code -2, cmd '/home/makemorerobot/Rover_2023_2024/software/install/rover2_odometry/lib/rover2_odometry/imu --ros-args -r __node:=imu'].
[drivetrain_telemetry-31]     self.get_logger().info(f"can msgs read: {self.count}")
[drivetrain_telemetry-31]   File "/opt/ros/humble/local/lib/python3.10/dist-packages/rclpy/impl/rcutils_logger.py", line 329, in info
[drivetrain_telemetry-31]     return self.log(message, LoggingSeverity.INFO, **kwargs)
[drivetrain_telemetry-31]   File "/opt/ros/humble/local/lib/python3.10/dist-packages/rclpy/impl/rcutils_logger.py", line 318, in log
[drivetrain_telemetry-31]     _rclpy.rclpy_logging_rcutils_log(
[drivetrain_telemetry-31] KeyboardInterrupt
[drill_control-4]     self.arduino = serial.Serial(port="/dev/ttyACM0",baudrate=9600, write_timeout=0)
[drill_control-4]   File "/home/makemorerobot/.local/lib/python3.10/site-packages/serial/serialutil.py", line 244, in __init__
[drill_control-4]     self.open()
[drill_control-4]   File "/home/makemorerobot/.local/lib/python3.10/site-packages/serial/serialposix.py", line 325, in open
[drill_control-4]     raise SerialException(msg.errno, "could not open port {}: {}".format(self._port, msg))
[drill_control-4] serial.serialutil.SerialException: [Errno 2] could not open port /dev/ttyACM0: [Errno 2] No such file or directory: '/dev/ttyACM0'
[imu-12] Exiting... 
[imu-12] Cleaning up pins
[servo_node_main-24] [INFO] [1753506508.564533784] [moveit_ros.planning_scene_monitor.planning_scene_monitor]: Stopped publishing maintained planning scene.
[servo_node_main-24] [INFO] [1753506508.596654104] [moveit_ros.planning_scene_monitor.planning_scene_monitor]: Stopping world geometry monitor
[servo_node_main-24] [INFO] [1753506508.616073496] [moveit_ros.planning_scene_monitor.planning_scene_monitor]: Stopping planning scene monitor
[move_group-17] [INFO] [1753506508.764575928] [moveit.ros_planning_interface.moveit_cpp]: Deleting MoveItCpp
[move_group-17] [INFO] [1753506508.793294904] [moveit_ros.planning_scene_monitor.planning_scene_monitor]: Stopped publishing maintained planning scene.
[move_group-17] [INFO] [1753506508.849113464] [moveit_ros.planning_scene_monitor.planning_scene_monitor]: Stopping world geometry monitor
[move_group-17] [INFO] [1753506508.878326744] [moveit_ros.planning_scene_monitor.planning_scene_monitor]: Stopping planning scene monitor
[move_group-17] Warning: class_loader.ClassLoader: SEVERE WARNING!!! Attempting to unload library while objects created by this loader exist in the heap! You should delete your objects before attempting to unload the library or destroying the ClassLoader. The library will NOT be unloaded.
[move_group-17]          at line 127 in ./src/class_loader.cpp
[move_group-17] Stack trace (most recent call last):
[move_group-17] #16   Object "/usr/lib/aarch64-linux-gnu/ld-linux-aarch64.so.1", at 0xffffffffffffffff, in 
[move_group-17] #15   Object "/opt/ros/humble/lib/moveit_ros_move_group/move_group", at 0xaaaab482f42f, in 
[drive_can_control-1] SocketcanBus was not properly shut down
[joint_position_control-7] Traceback (most recent call last):
[joint_position_control-7]   File "/home/makemorerobot/Rover_2023_2024/software/install/rover2_control/lib/rover2_control/joint_position_control", line 33, in <module>
[joint_position_control-7]     sys.exit(load_entry_point('rover2-control==0.0.0', 'console_scripts', 'joint_position_control')())
[joint_position_control-7]   File "/home/makemorerobot/Rover_2023_2024/software/install/rover2_control/lib/python3.10/site-packages/rover2_control/joint_position_control.py", line 143, in main
[joint_position_control-7]     rclpy.spin(controller)
[joint_position_control-7]   File "/opt/ros/humble/local/lib/python3.10/dist-packages/rclpy/__init__.py", line 226, in spin
[joint_position_control-7]     executor.spin_once()
[joint_position_control-7]   File "/opt/ros/humble/local/lib/python3.10/dist-packages/rclpy/executors.py", line 739, in spin_once
[joint_position_control-7]     self._spin_once_impl(timeout_sec)
[joint_position_control-7]   File "/opt/ros/humble/local/lib/python3.10/dist-packages/rclpy/executors.py", line 736, in _spin_once_impl
[joint_position_control-7]     raise handler.exception()
[joint_position_control-7]   File "/opt/ros/humble/local/lib/python3.10/dist-packages/rclpy/task.py", line 239, in __call__
[joint_position_control-7]     self._handler.send(None)
[joint_position_control-7]   File "/opt/ros/humble/local/lib/python3.10/dist-packages/rclpy/executors.py", line 430, in handler
[joint_position_control-7]     arg = take_from_wait_list(entity)
[joint_position_control-7]   File "/opt/ros/humble/local/lib/python3.10/dist-packages/rclpy/executors.py", line 355, in _take_subscription
[joint_position_control-7]     msg_info = sub.handle.take_message(sub.msg_type, sub.raw)
[joint_position_control-7] RuntimeError: Unable to convert call argument to Python object (compile in debug mode for details)
[INFO] [ros2_control_node-18]: process has finished cleanly [pid 11800]
[ERROR] [simple_position-13]: process has died [pid 11783, exit code -2, cmd '/home/makemorerobot/Rover_2023_2024/software/install/rover2_odometry/lib/rover2_odometry/simple_position --ros-args -r __node:=simple_position'].
[ERROR] [gripper_control-9]: process has died [pid 12286, exit code -2, cmd '/home/makemorerobot/Rover_2023_2024/software/install/rover2_control/lib/rover2_control/gripper_control --ros-args -r __node:=gripper_can_control --params-file /tmp/launch_params_wmolocs3'].
[ERROR] [drivetrain_telemetry-31]: process has died [pid 11914, exit code -2, cmd '/home/makemorerobot/Rover_2023_2024/software/install/rover2_status/lib/rover2_status/drivetrain_telemetry --ros-args'].
[move_group-17] #14   Source "../csu/libc-start.c", line 392, in __libc_start_main_impl [0xffffb1b574cb]
[move_group-17] #13   Source "../sysdeps/nptl/libc_start_call_main.h", line 58, in __aarch64_ldadd4_acq [0xffffb1b573fb]
[move_group-17] #12   Object "/opt/ros/humble/lib/moveit_ros_move_group/move_group", at 0xaaaab482e4b3, in 
[move_group-17] #11   Object "/opt/ros/humble/lib/moveit_ros_move_group/move_group", at 0xaaaab482f64f, in 
[move_group-17] #10   Object "/opt/ros/humble/lib/libmoveit_cpp.so.2.5.6", at 0xffffb24f5527, in moveit_cpp::MoveItCpp::~MoveItCpp()
[move_group-17] #9    Object "/opt/ros/humble/lib/libmoveit_cpp.so.2.5.6", at 0xffffb24f3e3f, in 
[move_group-17] #8    Object "/opt/ros/humble/lib/libmoveit_trajectory_execution_manager.so.2.5.6", at 0xffffb17f4483, in trajectory_execution_manager::TrajectoryExecutionManager::~TrajectoryExecutionManager()
[move_group-17] #7    Object "/opt/ros/humble/lib/libmoveit_trajectory_execution_manager.so.2.5.6", at 0xffffb1805883, in 
[move_group-17] #6    Object "/opt/ros/humble/lib/librclcpp.so", at 0xffffb212e4f3, in rclcpp::Node::~Node()
[move_group-17] #5    Object "/opt/ros/humble/lib/librclcpp.so", at 0xffffb212e477, in rclcpp::Node::~Node()
[move_group-17] #4    Object "/opt/ros/humble/lib/librclcpp.so", at 0xffffb2105ce3, in 
[move_group-17] #3    Object "/opt/ros/humble/lib/librclcpp.so", at 0xffffb2138703, in 
[move_group-17] #2    Object "/opt/ros/humble/lib/librclcpp.so", at 0xffffb2138607, in rclcpp::node_interfaces::NodeBase::~NodeBase()
[move_group-17] #1    Object "/opt/ros/humble/lib/librclcpp.so", at 0xffffb2105ce3, in 
[move_group-17] #0    Object "/opt/ros/humble/lib/librclcpp.so", at 0xffffb210aab8, in rclcpp::CallbackGroup::~CallbackGroup()
[move_group-17] Segmentation fault (Address not mapped to object [0xffff80fb0868])
[ERROR] [drive_can_control-1]: process has died [pid 11759, exit code -2, cmd '/home/makemorerobot/Rover_2023_2024/software/install/rover2_control/lib/rover2_control/drive_can_control --ros-args -r __node:=drive_can_control'].
[INFO] [servo_node_main-24]: process has finished cleanly [pid 11861]
[ERROR] [drill_control-4]: process has died [pid 12400, exit code 1, cmd '/home/makemorerobot/Rover_2023_2024/software/install/rover2_control/lib/rover2_control/drill_control --ros-args -r __node:=drill_control'].
[INFO] [rosbridge_websocket-10]: process has finished cleanly [pid 11777]
[INFO] [rosapi_node-11]: process has finished cleanly [pid 11779]
[WARNING] [launch]: user interrupted with ctrl-c (SIGINT) again, ignoring...
[realsense2_camera_node-25] [INFO] [1753506510.009800888] [rclcpp]: signal_handler(signum=2)
[ERROR] [joint_position_control-7]: process has died [pid 11771, exit code -2, cmd '/home/makemorerobot/Rover_2023_2024/software/install/rover2_control/lib/rover2_control/joint_position_control --ros-args -r __node:=joint_position'].
[ERROR] [move_group-17]: process has died [pid 11791, exit code -11, cmd '/opt/ros/humble/lib/moveit_ros_move_group/move_group --ros-args --log-level info --ros-args --params-file /tmp/launch_params_a__cufrx --params-file /tmp/launch_params_5dppwost --params-file /tmp/launch_params_cza4m8rg --params-file /tmp/launch_params_anhe_4wt'].
[move_group-17] [0m
[WARNING] [launch]: user interrupted with ctrl-c (SIGINT) again, ignoring...
[realsense2_camera_node-25] [INFO] [1753506511.132209560] [rclcpp]: signal_handler(signum=2)
